[0.174s] Invoking command in '/home/luize/Documents/imitando yolo/yolobot/build/yolobot_recognition': CMAKE_PREFIX_PATH=/home/luize/Documents/@home/install/face_recognition:/opt/ros/humble /usr/bin/cmake /home/luize/Documents/imitando yolo/yolobot/src/yolobot_recognition -DCMAKE_INSTALL_PREFIX=/home/luize/Documents/imitando yolo/yolobot/install/yolobot_recognition
[0.393s] -- The C compiler identification is GNU 11.4.0
[0.573s] -- The CXX compiler identification is GNU 11.4.0
[0.593s] -- Detecting C compiler ABI info
[0.712s] -- Detecting C compiler ABI info - done
[0.721s] -- Check for working C compiler: /usr/bin/cc - skipped
[0.722s] -- Detecting C compile features
[0.722s] -- Detecting C compile features - done
[0.727s] -- Detecting CXX compiler ABI info
[0.804s] -- Detecting CXX compiler ABI info - done
[0.819s] -- Check for working CXX compiler: /usr/bin/c++ - skipped
[0.819s] -- Detecting CXX compile features
[0.820s] -- Detecting CXX compile features - done
[0.825s] -- Found ament_cmake: 1.3.7 (/opt/ros/humble/share/ament_cmake/cmake)
[1.258s] -- Found Python3: /usr/bin/python3.10 (found version "3.10.12") found components: Interpreter 
[1.374s] -- Found ament_lint_auto: 0.12.10 (/opt/ros/humble/share/ament_lint_auto/cmake)
[1.469s] -- Added test 'copyright' to check source files copyright and LICENSE
[1.471s] -- Added test 'flake8' to check Python code syntax and style conventions
[1.471s] -- Added test 'lint_cmake' to check CMake code style
[1.472s] -- Added test 'pep257' to check Python code against some of the docstring style conventions in PEP 257
[1.473s] -- Added test 'xmllint' to check XML markup files
[1.475s] -- Configuring done
[1.478s] -- Generating done
[1.479s] -- Build files have been written to: /home/luize/Documents/imitando yolo/yolobot/build/yolobot_recognition
[1.484s] Invoked command in '/home/luize/Documents/imitando yolo/yolobot/build/yolobot_recognition' returned '0': CMAKE_PREFIX_PATH=/home/luize/Documents/@home/install/face_recognition:/opt/ros/humble /usr/bin/cmake /home/luize/Documents/imitando yolo/yolobot/src/yolobot_recognition -DCMAKE_INSTALL_PREFIX=/home/luize/Documents/imitando yolo/yolobot/install/yolobot_recognition
[1.486s] Invoking command in '/home/luize/Documents/imitando yolo/yolobot/build/yolobot_recognition': CMAKE_PREFIX_PATH=/home/luize/Documents/@home/install/face_recognition:/opt/ros/humble /usr/bin/cmake --build /home/luize/Documents/imitando yolo/yolobot/build/yolobot_recognition -- -j8 -l8
[1.523s] Invoked command in '/home/luize/Documents/imitando yolo/yolobot/build/yolobot_recognition' returned '0': CMAKE_PREFIX_PATH=/home/luize/Documents/@home/install/face_recognition:/opt/ros/humble /usr/bin/cmake --build /home/luize/Documents/imitando yolo/yolobot/build/yolobot_recognition -- -j8 -l8
[1.550s] Invoking command in '/home/luize/Documents/imitando yolo/yolobot/build/yolobot_recognition': CMAKE_PREFIX_PATH=/home/luize/Documents/@home/install/face_recognition:/opt/ros/humble /usr/bin/cmake --install /home/luize/Documents/imitando yolo/yolobot/build/yolobot_recognition
[1.556s] -- Install configuration: ""
[1.556s] -- Installing: /home/luize/Documents/imitando yolo/yolobot/install/yolobot_recognition/share/yolobot_recognition//scripts
[1.556s] -- Installing: /home/luize/Documents/imitando yolo/yolobot/install/yolobot_recognition/share/yolobot_recognition//scripts/yolov8_ros2_pt.py
[1.556s] -- Installing: /home/luize/Documents/imitando yolo/yolobot/install/yolobot_recognition/share/yolobot_recognition//scripts/yolov8n.pt
[1.572s] -- Installing: /home/luize/Documents/imitando yolo/yolobot/install/yolobot_recognition/share/yolobot_recognition//scripts/yolov8_ros2_subscriber.py
[1.572s] [31mCMake Error at cmake_install.cmake:46 (file):
[1.572s]   file INSTALL cannot find "/home/luize/Documents/imitando
[1.572s]   yolo/yolobot/src/yolobot_recognition/launch": No such file or directory.
[1.572s] 
[1.573s] [0m
[1.574s] Invoked command in '/home/luize/Documents/imitando yolo/yolobot/build/yolobot_recognition' returned '1': CMAKE_PREFIX_PATH=/home/luize/Documents/@home/install/face_recognition:/opt/ros/humble /usr/bin/cmake --install /home/luize/Documents/imitando yolo/yolobot/build/yolobot_recognition
