[0.209s] Invoking command in '/home/luize/Documents/imitando yolo/yolobot/build/yolov8_msgs': CMAKE_PREFIX_PATH=${CMAKE_PREFIX_PATH}:/opt/ros/humble /usr/bin/cmake --build /home/luize/Documents/imitando yolo/yolobot/build/yolov8_msgs -- -j8 -l8
[0.315s] [  2%] Built target yolov8_msgs__cpp
[0.373s] [ 12%] Built target yolov8_msgs__rosidl_generator_c
[0.374s] [ 12%] Built target ament_cmake_python_copy_yolov8_msgs
[0.388s] [ 23%] Built target yolov8_msgs__rosidl_typesupport_fastrtps_cpp
[0.404s] [ 33%] Built target yolov8_msgs__rosidl_typesupport_cpp
[0.452s] [ 43%] Built target yolov8_msgs__rosidl_typesupport_introspection_cpp
[0.492s] [ 53%] Built target yolov8_msgs__rosidl_typesupport_fastrtps_c
[0.492s] [ 64%] Built target yolov8_msgs__rosidl_typesupport_c
[0.499s] [ 74%] Built target yolov8_msgs__rosidl_typesupport_introspection_c
[0.540s] [ 74%] Built target yolov8_msgs
[0.583s] [ 76%] Built target yolov8_msgs__py
[0.630s] [ 84%] Built target yolov8_msgs__rosidl_generator_py
[0.684s] [ 89%] Built target yolov8_msgs__rosidl_typesupport_fastrtps_c__pyext
[0.695s] [ 94%] Built target yolov8_msgs__rosidl_typesupport_c__pyext
[0.712s] [100%] Built target yolov8_msgs__rosidl_typesupport_introspection_c__pyext
[1.000s] running egg_info
[1.036s] writing yolov8_msgs.egg-info/PKG-INFO
[1.037s] writing dependency_links to yolov8_msgs.egg-info/dependency_links.txt
[1.038s] writing top-level names to yolov8_msgs.egg-info/top_level.txt
[1.152s] reading manifest file 'yolov8_msgs.egg-info/SOURCES.txt'
[1.155s] writing manifest file 'yolov8_msgs.egg-info/SOURCES.txt'
[1.216s] [100%] Built target ament_cmake_python_build_yolov8_msgs_egg
[1.240s] Invoked command in '/home/luize/Documents/imitando yolo/yolobot/build/yolov8_msgs' returned '0': CMAKE_PREFIX_PATH=${CMAKE_PREFIX_PATH}:/opt/ros/humble /usr/bin/cmake --build /home/luize/Documents/imitando yolo/yolobot/build/yolov8_msgs -- -j8 -l8
[1.356s] Invoking command in '/home/luize/Documents/imitando yolo/yolobot/build/yolov8_msgs': CMAKE_PREFIX_PATH=${CMAKE_PREFIX_PATH}:/opt/ros/humble /usr/bin/cmake --install /home/luize/Documents/imitando yolo/yolobot/build/yolov8_msgs
[1.370s] -- Install configuration: ""
[1.371s] -- Up-to-date: /home/luize/Documents/imitando yolo/yolobot/install/yolov8_msgs/share/ament_index/resource_index/rosidl_interfaces/yolov8_msgs
[1.371s] -- Up-to-date: /home/luize/Documents/imitando yolo/yolobot/install/yolov8_msgs/include/yolov8_msgs/yolov8_msgs
[1.371s] -- Up-to-date: /home/luize/Documents/imitando yolo/yolobot/install/yolov8_msgs/include/yolov8_msgs/yolov8_msgs/msg
[1.372s] -- Up-to-date: /home/luize/Documents/imitando yolo/yolobot/install/yolov8_msgs/include/yolov8_msgs/yolov8_msgs/msg/yolov8_inference.h
[1.372s] -- Up-to-date: /home/luize/Documents/imitando yolo/yolobot/install/yolov8_msgs/include/yolov8_msgs/yolov8_msgs/msg/rosidl_generator_c__visibility_control.h
[1.372s] -- Up-to-date: /home/luize/Documents/imitando yolo/yolobot/install/yolov8_msgs/include/yolov8_msgs/yolov8_msgs/msg/inference_result.h
[1.373s] -- Up-to-date: /home/luize/Documents/imitando yolo/yolobot/install/yolov8_msgs/include/yolov8_msgs/yolov8_msgs/msg/detail
[1.373s] -- Up-to-date: /home/luize/Documents/imitando yolo/yolobot/install/yolov8_msgs/include/yolov8_msgs/yolov8_msgs/msg/detail/inference_result__type_support.h
[1.373s] -- Up-to-date: /home/luize/Documents/imitando yolo/yolobot/install/yolov8_msgs/include/yolov8_msgs/yolov8_msgs/msg/detail/yolov8_inference__functions.h
[1.373s] -- Up-to-date: /home/luize/Documents/imitando yolo/yolobot/install/yolov8_msgs/include/yolov8_msgs/yolov8_msgs/msg/detail/inference_result__functions.c
[1.373s] -- Up-to-date: /home/luize/Documents/imitando yolo/yolobot/install/yolov8_msgs/include/yolov8_msgs/yolov8_msgs/msg/detail/yolov8_inference__struct.h
[1.374s] -- Up-to-date: /home/luize/Documents/imitando yolo/yolobot/install/yolov8_msgs/include/yolov8_msgs/yolov8_msgs/msg/detail/yolov8_inference__functions.c
[1.374s] -- Up-to-date: /home/luize/Documents/imitando yolo/yolobot/install/yolov8_msgs/include/yolov8_msgs/yolov8_msgs/msg/detail/inference_result__functions.h
[1.374s] -- Up-to-date: /home/luize/Documents/imitando yolo/yolobot/install/yolov8_msgs/include/yolov8_msgs/yolov8_msgs/msg/detail/inference_result__struct.h
[1.374s] -- Up-to-date: /home/luize/Documents/imitando yolo/yolobot/install/yolov8_msgs/include/yolov8_msgs/yolov8_msgs/msg/detail/yolov8_inference__type_support.h
[1.375s] -- Up-to-date: /home/luize/Documents/imitando yolo/yolobot/install/yolov8_msgs/share/yolov8_msgs/environment/library_path.sh
[1.375s] -- Up-to-date: /home/luize/Documents/imitando yolo/yolobot/install/yolov8_msgs/share/yolov8_msgs/environment/library_path.dsv
[1.382s] -- Up-to-date: /home/luize/Documents/imitando yolo/yolobot/install/yolov8_msgs/lib/libyolov8_msgs__rosidl_generator_c.so
[1.382s] -- Up-to-date: /home/luize/Documents/imitando yolo/yolobot/install/yolov8_msgs/include/yolov8_msgs/yolov8_msgs
[1.382s] -- Up-to-date: /home/luize/Documents/imitando yolo/yolobot/install/yolov8_msgs/include/yolov8_msgs/yolov8_msgs/msg
[1.383s] -- Up-to-date: /home/luize/Documents/imitando yolo/yolobot/install/yolov8_msgs/include/yolov8_msgs/yolov8_msgs/msg/rosidl_typesupport_fastrtps_c__visibility_control.h
[1.383s] -- Up-to-date: /home/luize/Documents/imitando yolo/yolobot/install/yolov8_msgs/include/yolov8_msgs/yolov8_msgs/msg/detail
[1.383s] -- Up-to-date: /home/luize/Documents/imitando yolo/yolobot/install/yolov8_msgs/include/yolov8_msgs/yolov8_msgs/msg/detail/inference_result__rosidl_typesupport_fastrtps_c.h
[1.383s] -- Up-to-date: /home/luize/Documents/imitando yolo/yolobot/install/yolov8_msgs/include/yolov8_msgs/yolov8_msgs/msg/detail/yolov8_inference__rosidl_typesupport_fastrtps_c.h
[1.384s] -- Up-to-date: /home/luize/Documents/imitando yolo/yolobot/install/yolov8_msgs/lib/libyolov8_msgs__rosidl_typesupport_fastrtps_c.so
[1.384s] -- Up-to-date: /home/luize/Documents/imitando yolo/yolobot/install/yolov8_msgs/include/yolov8_msgs/yolov8_msgs
[1.384s] -- Up-to-date: /home/luize/Documents/imitando yolo/yolobot/install/yolov8_msgs/include/yolov8_msgs/yolov8_msgs/msg
[1.384s] -- Up-to-date: /home/luize/Documents/imitando yolo/yolobot/install/yolov8_msgs/include/yolov8_msgs/yolov8_msgs/msg/yolov8_inference.hpp
[1.384s] -- Up-to-date: /home/luize/Documents/imitando yolo/yolobot/install/yolov8_msgs/include/yolov8_msgs/yolov8_msgs/msg/detail
[1.385s] -- Up-to-date: /home/luize/Documents/imitando yolo/yolobot/install/yolov8_msgs/include/yolov8_msgs/yolov8_msgs/msg/detail/inference_result__traits.hpp
[1.385s] -- Up-to-date: /home/luize/Documents/imitando yolo/yolobot/install/yolov8_msgs/include/yolov8_msgs/yolov8_msgs/msg/detail/inference_result__struct.hpp
[1.385s] -- Up-to-date: /home/luize/Documents/imitando yolo/yolobot/install/yolov8_msgs/include/yolov8_msgs/yolov8_msgs/msg/detail/yolov8_inference__struct.hpp
[1.385s] -- Up-to-date: /home/luize/Documents/imitando yolo/yolobot/install/yolov8_msgs/include/yolov8_msgs/yolov8_msgs/msg/detail/inference_result__builder.hpp
[1.386s] -- Up-to-date: /home/luize/Documents/imitando yolo/yolobot/install/yolov8_msgs/include/yolov8_msgs/yolov8_msgs/msg/detail/yolov8_inference__traits.hpp
[1.386s] -- Up-to-date: /home/luize/Documents/imitando yolo/yolobot/install/yolov8_msgs/include/yolov8_msgs/yolov8_msgs/msg/detail/yolov8_inference__builder.hpp
[1.386s] -- Up-to-date: /home/luize/Documents/imitando yolo/yolobot/install/yolov8_msgs/include/yolov8_msgs/yolov8_msgs/msg/inference_result.hpp
[1.386s] -- Up-to-date: /home/luize/Documents/imitando yolo/yolobot/install/yolov8_msgs/include/yolov8_msgs/yolov8_msgs
[1.386s] -- Up-to-date: /home/luize/Documents/imitando yolo/yolobot/install/yolov8_msgs/include/yolov8_msgs/yolov8_msgs/msg
[1.387s] -- Up-to-date: /home/luize/Documents/imitando yolo/yolobot/install/yolov8_msgs/include/yolov8_msgs/yolov8_msgs/msg/rosidl_typesupport_fastrtps_cpp__visibility_control.h
[1.387s] -- Up-to-date: /home/luize/Documents/imitando yolo/yolobot/install/yolov8_msgs/include/yolov8_msgs/yolov8_msgs/msg/detail
[1.387s] -- Up-to-date: /home/luize/Documents/imitando yolo/yolobot/install/yolov8_msgs/include/yolov8_msgs/yolov8_msgs/msg/detail/dds_fastrtps
[1.387s] -- Up-to-date: /home/luize/Documents/imitando yolo/yolobot/install/yolov8_msgs/include/yolov8_msgs/yolov8_msgs/msg/detail/inference_result__rosidl_typesupport_fastrtps_cpp.hpp
[1.388s] -- Up-to-date: /home/luize/Documents/imitando yolo/yolobot/install/yolov8_msgs/include/yolov8_msgs/yolov8_msgs/msg/detail/yolov8_inference__rosidl_typesupport_fastrtps_cpp.hpp
[1.388s] -- Up-to-date: /home/luize/Documents/imitando yolo/yolobot/install/yolov8_msgs/lib/libyolov8_msgs__rosidl_typesupport_fastrtps_cpp.so
[1.388s] -- Up-to-date: /home/luize/Documents/imitando yolo/yolobot/install/yolov8_msgs/include/yolov8_msgs/yolov8_msgs
[1.388s] -- Up-to-date: /home/luize/Documents/imitando yolo/yolobot/install/yolov8_msgs/include/yolov8_msgs/yolov8_msgs/msg
[1.389s] -- Up-to-date: /home/luize/Documents/imitando yolo/yolobot/install/yolov8_msgs/include/yolov8_msgs/yolov8_msgs/msg/rosidl_typesupport_introspection_c__visibility_control.h
[1.389s] -- Up-to-date: /home/luize/Documents/imitando yolo/yolobot/install/yolov8_msgs/include/yolov8_msgs/yolov8_msgs/msg/detail
[1.389s] -- Up-to-date: /home/luize/Documents/imitando yolo/yolobot/install/yolov8_msgs/include/yolov8_msgs/yolov8_msgs/msg/detail/inference_result__type_support.c
[1.389s] -- Up-to-date: /home/luize/Documents/imitando yolo/yolobot/install/yolov8_msgs/include/yolov8_msgs/yolov8_msgs/msg/detail/yolov8_inference__type_support.c
[1.390s] -- Up-to-date: /home/luize/Documents/imitando yolo/yolobot/install/yolov8_msgs/include/yolov8_msgs/yolov8_msgs/msg/detail/inference_result__rosidl_typesupport_introspection_c.h
[1.390s] -- Up-to-date: /home/luize/Documents/imitando yolo/yolobot/install/yolov8_msgs/include/yolov8_msgs/yolov8_msgs/msg/detail/yolov8_inference__rosidl_typesupport_introspection_c.h
[1.390s] -- Up-to-date: /home/luize/Documents/imitando yolo/yolobot/install/yolov8_msgs/lib/libyolov8_msgs__rosidl_typesupport_introspection_c.so
[1.390s] -- Up-to-date: /home/luize/Documents/imitando yolo/yolobot/install/yolov8_msgs/lib/libyolov8_msgs__rosidl_typesupport_c.so
[1.391s] -- Up-to-date: /home/luize/Documents/imitando yolo/yolobot/install/yolov8_msgs/include/yolov8_msgs/yolov8_msgs
[1.391s] -- Up-to-date: /home/luize/Documents/imitando yolo/yolobot/install/yolov8_msgs/include/yolov8_msgs/yolov8_msgs/msg
[1.391s] -- Up-to-date: /home/luize/Documents/imitando yolo/yolobot/install/yolov8_msgs/include/yolov8_msgs/yolov8_msgs/msg/detail
[1.391s] -- Up-to-date: /home/luize/Documents/imitando yolo/yolobot/install/yolov8_msgs/include/yolov8_msgs/yolov8_msgs/msg/detail/inference_result__type_support.cpp
[1.392s] -- Up-to-date: /home/luize/Documents/imitando yolo/yolobot/install/yolov8_msgs/include/yolov8_msgs/yolov8_msgs/msg/detail/yolov8_inference__type_support.cpp
[1.392s] -- Up-to-date: /home/luize/Documents/imitando yolo/yolobot/install/yolov8_msgs/include/yolov8_msgs/yolov8_msgs/msg/detail/yolov8_inference__rosidl_typesupport_introspection_cpp.hpp
[1.392s] -- Up-to-date: /home/luize/Documents/imitando yolo/yolobot/install/yolov8_msgs/include/yolov8_msgs/yolov8_msgs/msg/detail/inference_result__rosidl_typesupport_introspection_cpp.hpp
[1.392s] -- Up-to-date: /home/luize/Documents/imitando yolo/yolobot/install/yolov8_msgs/lib/libyolov8_msgs__rosidl_typesupport_introspection_cpp.so
[1.393s] -- Up-to-date: /home/luize/Documents/imitando yolo/yolobot/install/yolov8_msgs/lib/libyolov8_msgs__rosidl_typesupport_cpp.so
[1.393s] -- Up-to-date: /home/luize/Documents/imitando yolo/yolobot/install/yolov8_msgs/share/yolov8_msgs/environment/pythonpath.sh
[1.393s] -- Up-to-date: /home/luize/Documents/imitando yolo/yolobot/install/yolov8_msgs/share/yolov8_msgs/environment/pythonpath.dsv
[1.393s] -- Up-to-date: /home/luize/Documents/imitando yolo/yolobot/install/yolov8_msgs/local/lib/python3.10/dist-packages/yolov8_msgs-0.0.0-py3.10.egg-info
[1.394s] -- Installing: /home/luize/Documents/imitando yolo/yolobot/install/yolov8_msgs/local/lib/python3.10/dist-packages/yolov8_msgs-0.0.0-py3.10.egg-info/PKG-INFO
[1.394s] -- Installing: /home/luize/Documents/imitando yolo/yolobot/install/yolov8_msgs/local/lib/python3.10/dist-packages/yolov8_msgs-0.0.0-py3.10.egg-info/SOURCES.txt
[1.394s] -- Installing: /home/luize/Documents/imitando yolo/yolobot/install/yolov8_msgs/local/lib/python3.10/dist-packages/yolov8_msgs-0.0.0-py3.10.egg-info/dependency_links.txt
[1.394s] -- Installing: /home/luize/Documents/imitando yolo/yolobot/install/yolov8_msgs/local/lib/python3.10/dist-packages/yolov8_msgs-0.0.0-py3.10.egg-info/top_level.txt
[1.394s] -- Up-to-date: /home/luize/Documents/imitando yolo/yolobot/install/yolov8_msgs/local/lib/python3.10/dist-packages/yolov8_msgs
[1.395s] -- Up-to-date: /home/luize/Documents/imitando yolo/yolobot/install/yolov8_msgs/local/lib/python3.10/dist-packages/yolov8_msgs/_yolov8_msgs_s.ep.rosidl_typesupport_introspection_c.c
[1.395s] -- Up-to-date: /home/luize/Documents/imitando yolo/yolobot/install/yolov8_msgs/local/lib/python3.10/dist-packages/yolov8_msgs/yolov8_msgs_s__rosidl_typesupport_introspection_c.cpython-310-x86_64-linux-gnu.so
[1.395s] -- Up-to-date: /home/luize/Documents/imitando yolo/yolobot/install/yolov8_msgs/local/lib/python3.10/dist-packages/yolov8_msgs/yolov8_msgs_s__rosidl_typesupport_fastrtps_c.cpython-310-x86_64-linux-gnu.so
[1.395s] -- Up-to-date: /home/luize/Documents/imitando yolo/yolobot/install/yolov8_msgs/local/lib/python3.10/dist-packages/yolov8_msgs/libyolov8_msgs__rosidl_generator_py.so
[1.396s] -- Up-to-date: /home/luize/Documents/imitando yolo/yolobot/install/yolov8_msgs/local/lib/python3.10/dist-packages/yolov8_msgs/msg
[1.396s] -- Up-to-date: /home/luize/Documents/imitando yolo/yolobot/install/yolov8_msgs/local/lib/python3.10/dist-packages/yolov8_msgs/msg/_inference_result.py
[1.396s] -- Up-to-date: /home/luize/Documents/imitando yolo/yolobot/install/yolov8_msgs/local/lib/python3.10/dist-packages/yolov8_msgs/msg/_inference_result_s.c
[1.396s] -- Up-to-date: /home/luize/Documents/imitando yolo/yolobot/install/yolov8_msgs/local/lib/python3.10/dist-packages/yolov8_msgs/msg/_yolov8_inference.py
[1.397s] -- Up-to-date: /home/luize/Documents/imitando yolo/yolobot/install/yolov8_msgs/local/lib/python3.10/dist-packages/yolov8_msgs/msg/__init__.py
[1.397s] -- Up-to-date: /home/luize/Documents/imitando yolo/yolobot/install/yolov8_msgs/local/lib/python3.10/dist-packages/yolov8_msgs/msg/_yolov8_inference_s.c
[1.397s] -- Up-to-date: /home/luize/Documents/imitando yolo/yolobot/install/yolov8_msgs/local/lib/python3.10/dist-packages/yolov8_msgs/_yolov8_msgs_s.ep.rosidl_typesupport_fastrtps_c.c
[1.397s] -- Up-to-date: /home/luize/Documents/imitando yolo/yolobot/install/yolov8_msgs/local/lib/python3.10/dist-packages/yolov8_msgs/_yolov8_msgs_s.ep.rosidl_typesupport_c.c
[1.398s] -- Up-to-date: /home/luize/Documents/imitando yolo/yolobot/install/yolov8_msgs/local/lib/python3.10/dist-packages/yolov8_msgs/__init__.py
[1.398s] -- Up-to-date: /home/luize/Documents/imitando yolo/yolobot/install/yolov8_msgs/local/lib/python3.10/dist-packages/yolov8_msgs/yolov8_msgs_s__rosidl_typesupport_c.cpython-310-x86_64-linux-gnu.so
[1.468s] Listing '/home/luize/Documents/imitando yolo/yolobot/install/yolov8_msgs/local/lib/python3.10/dist-packages/yolov8_msgs'...
[1.469s] Listing '/home/luize/Documents/imitando yolo/yolobot/install/yolov8_msgs/local/lib/python3.10/dist-packages/yolov8_msgs/msg'...
[1.478s] -- Up-to-date: /home/luize/Documents/imitando yolo/yolobot/install/yolov8_msgs/local/lib/python3.10/dist-packages/yolov8_msgs/yolov8_msgs_s__rosidl_typesupport_fastrtps_c.cpython-310-x86_64-linux-gnu.so
[1.479s] -- Up-to-date: /home/luize/Documents/imitando yolo/yolobot/install/yolov8_msgs/local/lib/python3.10/dist-packages/yolov8_msgs/yolov8_msgs_s__rosidl_typesupport_introspection_c.cpython-310-x86_64-linux-gnu.so
[1.479s] -- Up-to-date: /home/luize/Documents/imitando yolo/yolobot/install/yolov8_msgs/local/lib/python3.10/dist-packages/yolov8_msgs/yolov8_msgs_s__rosidl_typesupport_c.cpython-310-x86_64-linux-gnu.so
[1.480s] -- Up-to-date: /home/luize/Documents/imitando yolo/yolobot/install/yolov8_msgs/lib/libyolov8_msgs__rosidl_generator_py.so
[1.480s] -- Up-to-date: /home/luize/Documents/imitando yolo/yolobot/install/yolov8_msgs/share/yolov8_msgs/msg/InferenceResult.idl
[1.481s] -- Up-to-date: /home/luize/Documents/imitando yolo/yolobot/install/yolov8_msgs/share/yolov8_msgs/msg/Yolov8Inference.idl
[1.481s] -- Up-to-date: /home/luize/Documents/imitando yolo/yolobot/install/yolov8_msgs/share/yolov8_msgs/msg/InferenceResult.msg
[1.482s] -- Up-to-date: /home/luize/Documents/imitando yolo/yolobot/install/yolov8_msgs/share/yolov8_msgs/msg/Yolov8Inference.msg
[1.482s] -- Up-to-date: /home/luize/Documents/imitando yolo/yolobot/install/yolov8_msgs/share/ament_index/resource_index/package_run_dependencies/yolov8_msgs
[1.482s] -- Up-to-date: /home/luize/Documents/imitando yolo/yolobot/install/yolov8_msgs/share/ament_index/resource_index/parent_prefix_path/yolov8_msgs
[1.482s] -- Up-to-date: /home/luize/Documents/imitando yolo/yolobot/install/yolov8_msgs/share/yolov8_msgs/environment/ament_prefix_path.sh
[1.483s] -- Up-to-date: /home/luize/Documents/imitando yolo/yolobot/install/yolov8_msgs/share/yolov8_msgs/environment/ament_prefix_path.dsv
[1.483s] -- Up-to-date: /home/luize/Documents/imitando yolo/yolobot/install/yolov8_msgs/share/yolov8_msgs/environment/path.sh
[1.483s] -- Up-to-date: /home/luize/Documents/imitando yolo/yolobot/install/yolov8_msgs/share/yolov8_msgs/environment/path.dsv
[1.484s] -- Up-to-date: /home/luize/Documents/imitando yolo/yolobot/install/yolov8_msgs/share/yolov8_msgs/local_setup.bash
[1.484s] -- Up-to-date: /home/luize/Documents/imitando yolo/yolobot/install/yolov8_msgs/share/yolov8_msgs/local_setup.sh
[1.485s] -- Up-to-date: /home/luize/Documents/imitando yolo/yolobot/install/yolov8_msgs/share/yolov8_msgs/local_setup.zsh
[1.485s] -- Up-to-date: /home/luize/Documents/imitando yolo/yolobot/install/yolov8_msgs/share/yolov8_msgs/local_setup.dsv
[1.485s] -- Installing: /home/luize/Documents/imitando yolo/yolobot/install/yolov8_msgs/share/yolov8_msgs/package.dsv
[1.486s] -- Up-to-date: /home/luize/Documents/imitando yolo/yolobot/install/yolov8_msgs/share/ament_index/resource_index/packages/yolov8_msgs
[1.486s] -- Up-to-date: /home/luize/Documents/imitando yolo/yolobot/install/yolov8_msgs/share/yolov8_msgs/cmake/export_yolov8_msgs__rosidl_generator_cExport.cmake
[1.487s] -- Up-to-date: /home/luize/Documents/imitando yolo/yolobot/install/yolov8_msgs/share/yolov8_msgs/cmake/export_yolov8_msgs__rosidl_generator_cExport-noconfig.cmake
[1.487s] -- Up-to-date: /home/luize/Documents/imitando yolo/yolobot/install/yolov8_msgs/share/yolov8_msgs/cmake/export_yolov8_msgs__rosidl_typesupport_fastrtps_cExport.cmake
[1.487s] -- Up-to-date: /home/luize/Documents/imitando yolo/yolobot/install/yolov8_msgs/share/yolov8_msgs/cmake/export_yolov8_msgs__rosidl_typesupport_fastrtps_cExport-noconfig.cmake
[1.488s] -- Up-to-date: /home/luize/Documents/imitando yolo/yolobot/install/yolov8_msgs/share/yolov8_msgs/cmake/export_yolov8_msgs__rosidl_generator_cppExport.cmake
[1.488s] -- Up-to-date: /home/luize/Documents/imitando yolo/yolobot/install/yolov8_msgs/share/yolov8_msgs/cmake/export_yolov8_msgs__rosidl_typesupport_fastrtps_cppExport.cmake
[1.488s] -- Up-to-date: /home/luize/Documents/imitando yolo/yolobot/install/yolov8_msgs/share/yolov8_msgs/cmake/export_yolov8_msgs__rosidl_typesupport_fastrtps_cppExport-noconfig.cmake
[1.488s] -- Up-to-date: /home/luize/Documents/imitando yolo/yolobot/install/yolov8_msgs/share/yolov8_msgs/cmake/yolov8_msgs__rosidl_typesupport_introspection_cExport.cmake
[1.489s] -- Up-to-date: /home/luize/Documents/imitando yolo/yolobot/install/yolov8_msgs/share/yolov8_msgs/cmake/yolov8_msgs__rosidl_typesupport_introspection_cExport-noconfig.cmake
[1.489s] -- Up-to-date: /home/luize/Documents/imitando yolo/yolobot/install/yolov8_msgs/share/yolov8_msgs/cmake/yolov8_msgs__rosidl_typesupport_cExport.cmake
[1.489s] -- Up-to-date: /home/luize/Documents/imitando yolo/yolobot/install/yolov8_msgs/share/yolov8_msgs/cmake/yolov8_msgs__rosidl_typesupport_cExport-noconfig.cmake
[1.489s] -- Up-to-date: /home/luize/Documents/imitando yolo/yolobot/install/yolov8_msgs/share/yolov8_msgs/cmake/yolov8_msgs__rosidl_typesupport_introspection_cppExport.cmake
[1.489s] -- Up-to-date: /home/luize/Documents/imitando yolo/yolobot/install/yolov8_msgs/share/yolov8_msgs/cmake/yolov8_msgs__rosidl_typesupport_introspection_cppExport-noconfig.cmake
[1.490s] -- Up-to-date: /home/luize/Documents/imitando yolo/yolobot/install/yolov8_msgs/share/yolov8_msgs/cmake/yolov8_msgs__rosidl_typesupport_cppExport.cmake
[1.490s] -- Up-to-date: /home/luize/Documents/imitando yolo/yolobot/install/yolov8_msgs/share/yolov8_msgs/cmake/yolov8_msgs__rosidl_typesupport_cppExport-noconfig.cmake
[1.490s] -- Up-to-date: /home/luize/Documents/imitando yolo/yolobot/install/yolov8_msgs/share/yolov8_msgs/cmake/export_yolov8_msgs__rosidl_generator_pyExport.cmake
[1.490s] -- Up-to-date: /home/luize/Documents/imitando yolo/yolobot/install/yolov8_msgs/share/yolov8_msgs/cmake/export_yolov8_msgs__rosidl_generator_pyExport-noconfig.cmake
[1.490s] -- Up-to-date: /home/luize/Documents/imitando yolo/yolobot/install/yolov8_msgs/share/yolov8_msgs/cmake/rosidl_cmake-extras.cmake
[1.491s] -- Up-to-date: /home/luize/Documents/imitando yolo/yolobot/install/yolov8_msgs/share/yolov8_msgs/cmake/ament_cmake_export_dependencies-extras.cmake
[1.491s] -- Up-to-date: /home/luize/Documents/imitando yolo/yolobot/install/yolov8_msgs/share/yolov8_msgs/cmake/ament_cmake_export_include_directories-extras.cmake
[1.491s] -- Up-to-date: /home/luize/Documents/imitando yolo/yolobot/install/yolov8_msgs/share/yolov8_msgs/cmake/ament_cmake_export_libraries-extras.cmake
[1.492s] -- Up-to-date: /home/luize/Documents/imitando yolo/yolobot/install/yolov8_msgs/share/yolov8_msgs/cmake/ament_cmake_export_targets-extras.cmake
[1.493s] -- Up-to-date: /home/luize/Documents/imitando yolo/yolobot/install/yolov8_msgs/share/yolov8_msgs/cmake/rosidl_cmake_export_typesupport_targets-extras.cmake
[1.493s] -- Up-to-date: /home/luize/Documents/imitando yolo/yolobot/install/yolov8_msgs/share/yolov8_msgs/cmake/rosidl_cmake_export_typesupport_libraries-extras.cmake
[1.494s] -- Up-to-date: /home/luize/Documents/imitando yolo/yolobot/install/yolov8_msgs/share/yolov8_msgs/cmake/yolov8_msgsConfig.cmake
[1.494s] -- Up-to-date: /home/luize/Documents/imitando yolo/yolobot/install/yolov8_msgs/share/yolov8_msgs/cmake/yolov8_msgsConfig-version.cmake
[1.495s] -- Up-to-date: /home/luize/Documents/imitando yolo/yolobot/install/yolov8_msgs/share/yolov8_msgs/package.xml
[1.496s] Invoked command in '/home/luize/Documents/imitando yolo/yolobot/build/yolov8_msgs' returned '0': CMAKE_PREFIX_PATH=${CMAKE_PREFIX_PATH}:/opt/ros/humble /usr/bin/cmake --install /home/luize/Documents/imitando yolo/yolobot/build/yolov8_msgs
