[0.088s] Invoking command in '/home/luize/Documents/imitando yolo/yolobot/build/yolov8_msgs': CMAKE_PREFIX_PATH=/home/luize/Documents/@home/install/face_recognition:/opt/ros/humble /usr/bin/cmake --build /home/luize/Documents/imitando yolo/yolobot/build/yolov8_msgs -- -j8 -l8
[0.110s] -- Found ament_cmake: 1.3.7 (/opt/ros/humble/share/ament_cmake/cmake)
[0.281s] -- Found std_msgs: 4.2.3 (/opt/ros/humble/share/std_msgs/cmake)
[0.332s] -- Found rosidl_generator_c: 3.1.5 (/opt/ros/humble/share/rosidl_generator_c/cmake)
[0.333s] -- Found rosidl_adapter: 3.1.5 (/opt/ros/humble/share/rosidl_adapter/cmake)
[0.333s] -- Found rosidl_generator_cpp: 3.1.5 (/opt/ros/humble/share/rosidl_generator_cpp/cmake)
[0.333s] -- Using all available rosidl_typesupport_c: rosidl_typesupport_fastrtps_c;rosidl_typesupport_introspection_c
[0.345s] -- Using all available rosidl_typesupport_cpp: rosidl_typesupport_fastrtps_cpp;rosidl_typesupport_introspection_cpp
[0.408s] -- Found rosidl_default_generators: 1.2.0 (/opt/ros/humble/share/rosidl_default_generators/cmake)
[0.700s] -- Found ament_cmake_ros: 0.10.0 (/opt/ros/humble/share/ament_cmake_ros/cmake)
[1.076s] -- Using all available rosidl_typesupport_c: rosidl_typesupport_fastrtps_c;rosidl_typesupport_introspection_c
[1.221s] -- Using all available rosidl_typesupport_cpp: rosidl_typesupport_fastrtps_cpp;rosidl_typesupport_introspection_cpp
[1.249s] -- Found python_cmake_module: 0.10.0 (/opt/ros/humble/share/python_cmake_module/cmake)
[1.279s] -- Using PYTHON_EXECUTABLE: /usr/bin/python3
[1.279s] -- Using PYTHON_INCLUDE_DIRS: /usr/include/python3.10
[1.279s] -- Using PYTHON_LIBRARIES: /usr/lib/x86_64-linux-gnu/libpython3.10.so
[1.307s] -- Found ament_lint_auto: 0.12.10 (/opt/ros/humble/share/ament_lint_auto/cmake)
[1.316s] -- Added test 'copyright' to check source files copyright and LICENSE
[1.318s] -- Added test 'lint_cmake' to check CMake code style
[1.319s] -- Added test 'xmllint' to check XML markup files
[1.321s] -- Configuring done
[1.372s] -- Generating done
[1.376s] -- Build files have been written to: /home/luize/Documents/imitando yolo/yolobot/build/yolov8_msgs
[1.400s] [  2%] [34m[1mGenerating C code for ROS interfaces[0m
[1.409s] [  5%] [34m[1mGenerating C++ code for ROS interfaces[0m
[1.417s] [  5%] Built target ament_cmake_python_copy_yolov8_msgs
[1.658s] running egg_info
[1.659s] creating yolov8_msgs.egg-info
[1.680s] writing yolov8_msgs.egg-info/PKG-INFO
[1.680s] writing dependency_links to yolov8_msgs.egg-info/dependency_links.txt
[1.681s] writing top-level names to yolov8_msgs.egg-info/top_level.txt
[1.681s] writing manifest file 'yolov8_msgs.egg-info/SOURCES.txt'
[1.744s] reading manifest file 'yolov8_msgs.egg-info/SOURCES.txt'
[1.744s] writing manifest file 'yolov8_msgs.egg-info/SOURCES.txt'
[1.761s] [  5%] Built target yolov8_msgs__cpp
[1.782s] [ 12%] [34m[1mGenerating C++ introspection for ROS interfaces[0m
[1.782s] [ 12%] [34m[1mGenerating C++ type support for eProsima Fast-RTPS[0m
[1.783s] [ 12%] [34m[1mGenerating C++ type support dispatch for ROS interfaces[0m
[1.797s] [ 17%] [32mBuilding C object CMakeFiles/yolov8_msgs__rosidl_generator_c.dir/rosidl_generator_c/yolov8_msgs/msg/detail/yolov8_inference__functions.c.o[0m
[1.797s] [ 17%] [32mBuilding C object CMakeFiles/yolov8_msgs__rosidl_generator_c.dir/rosidl_generator_c/yolov8_msgs/msg/detail/inference_result__functions.c.o[0m
[1.799s] [ 17%] Built target ament_cmake_python_build_yolov8_msgs_egg
[1.899s] [ 20%] [32m[1mLinking C shared library libyolov8_msgs__rosidl_generator_c.so[0m
[1.943s] [ 20%] Built target yolov8_msgs__rosidl_generator_c
[1.955s] [ 25%] [34m[1mGenerating C introspection for ROS interfaces[0m
[1.955s] [ 25%] [34m[1mGenerating C type support for eProsima Fast-RTPS[0m
[1.956s] [ 28%] [34m[1mGenerating C type support dispatch for ROS interfaces[0m
[2.114s] [ 33%] [32mBuilding CXX object CMakeFiles/yolov8_msgs__rosidl_typesupport_cpp.dir/rosidl_typesupport_cpp/yolov8_msgs/msg/yolov8_inference__type_support.cpp.o[0m
[2.114s] [ 33%] [32mBuilding CXX object CMakeFiles/yolov8_msgs__rosidl_typesupport_cpp.dir/rosidl_typesupport_cpp/yolov8_msgs/msg/inference_result__type_support.cpp.o[0m
[2.203s] [ 35%] [32mBuilding CXX object CMakeFiles/yolov8_msgs__rosidl_typesupport_fastrtps_cpp.dir/rosidl_typesupport_fastrtps_cpp/yolov8_msgs/msg/detail/dds_fastrtps/inference_result__type_support.cpp.o[0m
[2.208s] [ 38%] [32mBuilding CXX object CMakeFiles/yolov8_msgs__rosidl_typesupport_fastrtps_cpp.dir/rosidl_typesupport_fastrtps_cpp/yolov8_msgs/msg/detail/dds_fastrtps/yolov8_inference__type_support.cpp.o[0m
[2.228s] [ 41%] [32mBuilding CXX object CMakeFiles/yolov8_msgs__rosidl_typesupport_introspection_cpp.dir/rosidl_typesupport_introspection_cpp/yolov8_msgs/msg/detail/inference_result__type_support.cpp.o[0m
[2.470s] [ 43%] [32mBuilding CXX object CMakeFiles/yolov8_msgs__rosidl_typesupport_c.dir/rosidl_typesupport_c/yolov8_msgs/msg/inference_result__type_support.cpp.o[0m
[2.530s] [ 46%] [32mBuilding C object CMakeFiles/yolov8_msgs__rosidl_typesupport_introspection_c.dir/rosidl_typesupport_introspection_c/yolov8_msgs/msg/detail/inference_result__type_support.c.o[0m
[2.561s] [ 48%] [32mBuilding CXX object CMakeFiles/yolov8_msgs__rosidl_typesupport_fastrtps_c.dir/rosidl_typesupport_fastrtps_c/yolov8_msgs/msg/detail/inference_result__type_support_c.cpp.o[0m
[2.567s] [ 51%] [32mBuilding CXX object CMakeFiles/yolov8_msgs__rosidl_typesupport_c.dir/rosidl_typesupport_c/yolov8_msgs/msg/yolov8_inference__type_support.cpp.o[0m
[2.644s] [ 53%] [32mBuilding C object CMakeFiles/yolov8_msgs__rosidl_typesupport_introspection_c.dir/rosidl_typesupport_introspection_c/yolov8_msgs/msg/detail/yolov8_inference__type_support.c.o[0m
[2.670s] [ 56%] [32m[1mLinking CXX shared library libyolov8_msgs__rosidl_typesupport_c.so[0m
[2.714s] [ 58%] [32mBuilding CXX object CMakeFiles/yolov8_msgs__rosidl_typesupport_introspection_cpp.dir/rosidl_typesupport_introspection_cpp/yolov8_msgs/msg/detail/yolov8_inference__type_support.cpp.o[0m
[2.728s] [ 61%] [32m[1mLinking C shared library libyolov8_msgs__rosidl_typesupport_introspection_c.so[0m
[2.742s] [ 64%] [32m[1mLinking CXX shared library libyolov8_msgs__rosidl_typesupport_cpp.so[0m
[2.763s] [ 64%] Built target yolov8_msgs__rosidl_typesupport_c
[2.777s] [ 66%] [32mBuilding CXX object CMakeFiles/yolov8_msgs__rosidl_typesupport_fastrtps_c.dir/rosidl_typesupport_fastrtps_c/yolov8_msgs/msg/detail/yolov8_inference__type_support_c.cpp.o[0m
[2.798s] [ 66%] Built target yolov8_msgs__rosidl_typesupport_introspection_c
[2.822s] [ 66%] Built target yolov8_msgs__rosidl_typesupport_cpp
[3.071s] [ 69%] [32m[1mLinking CXX shared library libyolov8_msgs__rosidl_typesupport_fastrtps_cpp.so[0m
[3.224s] [ 69%] Built target yolov8_msgs__rosidl_typesupport_fastrtps_cpp
[3.269s] [ 71%] [32m[1mLinking CXX shared library libyolov8_msgs__rosidl_typesupport_fastrtps_c.so[0m
[3.330s] [ 74%] [32m[1mLinking CXX shared library libyolov8_msgs__rosidl_typesupport_introspection_cpp.so[0m
[3.359s] [ 74%] Built target yolov8_msgs__rosidl_typesupport_fastrtps_c
[3.421s] [ 74%] Built target yolov8_msgs__rosidl_typesupport_introspection_cpp
[3.439s] [ 74%] Built target yolov8_msgs
[3.456s] [ 76%] [34m[1mGenerating Python code for ROS interfaces[0m
[3.862s] [ 76%] Built target yolov8_msgs__py
[3.880s] [ 82%] [32mBuilding C object CMakeFiles/yolov8_msgs__rosidl_generator_py.dir/rosidl_generator_py/yolov8_msgs/msg/_inference_result_s.c.o[0m
[3.880s] [ 82%] [32mBuilding C object CMakeFiles/yolov8_msgs__rosidl_generator_py.dir/rosidl_generator_py/yolov8_msgs/msg/_yolov8_inference_s.c.o[0m
[4.041s] [ 84%] [32m[1mLinking C shared library rosidl_generator_py/yolov8_msgs/libyolov8_msgs__rosidl_generator_py.so[0m
[4.077s] [ 84%] Built target yolov8_msgs__rosidl_generator_py
[4.099s] [ 92%] [32mBuilding C object CMakeFiles/yolov8_msgs__rosidl_typesupport_introspection_c__pyext.dir/rosidl_generator_py/yolov8_msgs/_yolov8_msgs_s.ep.rosidl_typesupport_introspection_c.c.o[0m
[4.099s] [ 92%] [32mBuilding C object CMakeFiles/yolov8_msgs__rosidl_typesupport_fastrtps_c__pyext.dir/rosidl_generator_py/yolov8_msgs/_yolov8_msgs_s.ep.rosidl_typesupport_fastrtps_c.c.o[0m
[4.099s] [ 92%] [32mBuilding C object CMakeFiles/yolov8_msgs__rosidl_typesupport_c__pyext.dir/rosidl_generator_py/yolov8_msgs/_yolov8_msgs_s.ep.rosidl_typesupport_c.c.o[0m
[4.201s] [100%] [32m[1mLinking C shared library rosidl_generator_py/yolov8_msgs/yolov8_msgs_s__rosidl_typesupport_c.cpython-310-x86_64-linux-gnu.so[0m
[4.201s] [100%] [32m[1mLinking C shared library rosidl_generator_py/yolov8_msgs/yolov8_msgs_s__rosidl_typesupport_fastrtps_c.cpython-310-x86_64-linux-gnu.so[0m
[4.201s] [100%] [32m[1mLinking C shared library rosidl_generator_py/yolov8_msgs/yolov8_msgs_s__rosidl_typesupport_introspection_c.cpython-310-x86_64-linux-gnu.so[0m
[4.236s] [100%] Built target yolov8_msgs__rosidl_typesupport_c__pyext
[4.236s] [100%] Built target yolov8_msgs__rosidl_typesupport_fastrtps_c__pyext
[4.237s] [100%] Built target yolov8_msgs__rosidl_typesupport_introspection_c__pyext
