[3.253s] DEBUG:colcon:Command line arguments: ['/usr/bin/colcon', 'build']
[3.253s] DEBUG:colcon:Parsed command line arguments: Namespace(log_base=None, log_level=None, verb_name='build', build_base='build', install_base='install', merge_install=False, symlink_install=False, test_result_base=None, continue_on_error=False, executor='parallel', parallel_workers=8, event_handlers=None, ignore_user_meta=False, metas=['./colcon.meta'], base_paths=['.'], packages_ignore=None, packages_ignore_regex=None, paths=None, packages_up_to=None, packages_up_to_regex=None, packages_above=None, packages_above_and_dependencies=None, packages_above_depth=None, packages_select_by_dep=None, packages_skip_by_dep=None, packages_skip_up_to=None, packages_select_build_failed=False, packages_skip_build_finished=False, packages_select_test_failures=False, packages_skip_test_passed=False, packages_select=None, packages_skip=None, packages_select_regex=None, packages_skip_regex=None, packages_start=None, packages_end=None, allow_overriding=[], cmake_args=None, cmake_target=None, cmake_target_skip_unavailable=False, cmake_clean_cache=False, cmake_clean_first=False, cmake_force_configure=False, ament_cmake_args=None, catkin_cmake_args=None, catkin_skip_building_tests=False, verb_parser=<colcon_defaults.argument_parser.defaults.DefaultArgumentsDecorator object at 0x7f6ae808f2b0>, verb_extension=<colcon_core.verb.build.BuildVerb object at 0x7f6ae84a6680>, main=<bound method BuildVerb.main of <colcon_core.verb.build.BuildVerb object at 0x7f6ae84a6680>>)
[3.443s] Level 1:colcon.colcon_core.package_discovery:discover_packages(colcon_meta) check parameters
[3.444s] Level 1:colcon.colcon_core.package_discovery:discover_packages(recursive) check parameters
[3.444s] Level 1:colcon.colcon_core.package_discovery:discover_packages(ignore) check parameters
[3.444s] Level 1:colcon.colcon_core.package_discovery:discover_packages(path) check parameters
[3.444s] Level 1:colcon.colcon_core.package_discovery:discover_packages(colcon_meta) discover
[3.444s] Level 1:colcon.colcon_core.package_discovery:discover_packages(recursive) discover
[3.445s] INFO:colcon.colcon_core.package_discovery:Crawling recursively for packages in '/home/luize/Documents/imitando yolo/yolobot'
[3.445s] Level 1:colcon.colcon_core.package_identification:_identify(.) by extensions ['ignore', 'ignore_ament_install']
[3.445s] Level 1:colcon.colcon_core.package_identification:_identify(.) by extension 'ignore'
[3.445s] Level 1:colcon.colcon_core.package_identification:_identify(.) by extension 'ignore_ament_install'
[3.445s] Level 1:colcon.colcon_core.package_identification:_identify(.) by extensions ['colcon_pkg']
[3.445s] Level 1:colcon.colcon_core.package_identification:_identify(.) by extension 'colcon_pkg'
[3.446s] Level 1:colcon.colcon_core.package_identification:_identify(.) by extensions ['colcon_meta']
[3.447s] Level 1:colcon.colcon_core.package_identification:_identify(.) by extension 'colcon_meta'
[3.447s] Level 1:colcon.colcon_core.package_identification:_identify(.) by extensions ['ros']
[3.447s] Level 1:colcon.colcon_core.package_identification:_identify(.) by extension 'ros'
[3.497s] Level 1:colcon.colcon_core.package_identification:_identify(.) by extensions ['cmake', 'python']
[3.498s] Level 1:colcon.colcon_core.package_identification:_identify(.) by extension 'cmake'
[3.498s] Level 1:colcon.colcon_core.package_identification:_identify(.) by extension 'python'
[3.498s] Level 1:colcon.colcon_core.package_identification:_identify(.) by extensions ['python_setup_py']
[3.498s] Level 1:colcon.colcon_core.package_identification:_identify(.) by extension 'python_setup_py'
[3.499s] Level 1:colcon.colcon_core.package_identification:_identify(build) by extensions ['ignore', 'ignore_ament_install']
[3.499s] Level 1:colcon.colcon_core.package_identification:_identify(build) by extension 'ignore'
[3.499s] Level 1:colcon.colcon_core.package_identification:_identify(build) ignored
[3.500s] Level 1:colcon.colcon_core.package_identification:_identify(install) by extensions ['ignore', 'ignore_ament_install']
[3.501s] Level 1:colcon.colcon_core.package_identification:_identify(install) by extension 'ignore'
[3.502s] Level 1:colcon.colcon_core.package_identification:_identify(install) ignored
[3.502s] Level 1:colcon.colcon_core.package_identification:_identify(log) by extensions ['ignore', 'ignore_ament_install']
[3.502s] Level 1:colcon.colcon_core.package_identification:_identify(log) by extension 'ignore'
[3.503s] Level 1:colcon.colcon_core.package_identification:_identify(log) ignored
[3.503s] Level 1:colcon.colcon_core.package_identification:_identify(src) by extensions ['ignore', 'ignore_ament_install']
[3.503s] Level 1:colcon.colcon_core.package_identification:_identify(src) by extension 'ignore'
[3.504s] Level 1:colcon.colcon_core.package_identification:_identify(src) by extension 'ignore_ament_install'
[3.504s] Level 1:colcon.colcon_core.package_identification:_identify(src) by extensions ['colcon_pkg']
[3.504s] Level 1:colcon.colcon_core.package_identification:_identify(src) by extension 'colcon_pkg'
[3.504s] Level 1:colcon.colcon_core.package_identification:_identify(src) by extensions ['colcon_meta']
[3.504s] Level 1:colcon.colcon_core.package_identification:_identify(src) by extension 'colcon_meta'
[3.505s] Level 1:colcon.colcon_core.package_identification:_identify(src) by extensions ['ros']
[3.505s] Level 1:colcon.colcon_core.package_identification:_identify(src) by extension 'ros'
[3.505s] Level 1:colcon.colcon_core.package_identification:_identify(src) by extensions ['cmake', 'python']
[3.505s] Level 1:colcon.colcon_core.package_identification:_identify(src) by extension 'cmake'
[3.505s] Level 1:colcon.colcon_core.package_identification:_identify(src) by extension 'python'
[3.505s] Level 1:colcon.colcon_core.package_identification:_identify(src) by extensions ['python_setup_py']
[3.505s] Level 1:colcon.colcon_core.package_identification:_identify(src) by extension 'python_setup_py'
[3.506s] Level 1:colcon.colcon_core.package_identification:_identify(src/yolobot_recognition) by extensions ['ignore', 'ignore_ament_install']
[3.506s] Level 1:colcon.colcon_core.package_identification:_identify(src/yolobot_recognition) by extension 'ignore'
[3.506s] Level 1:colcon.colcon_core.package_identification:_identify(src/yolobot_recognition) by extension 'ignore_ament_install'
[3.506s] Level 1:colcon.colcon_core.package_identification:_identify(src/yolobot_recognition) by extensions ['colcon_pkg']
[3.506s] Level 1:colcon.colcon_core.package_identification:_identify(src/yolobot_recognition) by extension 'colcon_pkg'
[3.506s] Level 1:colcon.colcon_core.package_identification:_identify(src/yolobot_recognition) by extensions ['colcon_meta']
[3.506s] Level 1:colcon.colcon_core.package_identification:_identify(src/yolobot_recognition) by extension 'colcon_meta'
[3.507s] Level 1:colcon.colcon_core.package_identification:_identify(src/yolobot_recognition) by extensions ['ros']
[3.507s] Level 1:colcon.colcon_core.package_identification:_identify(src/yolobot_recognition) by extension 'ros'
[3.518s] DEBUG:colcon.colcon_core.package_identification:Package 'src/yolobot_recognition' with type 'ros.ament_cmake' and name 'yolobot_recognition'
[3.519s] Level 1:colcon.colcon_core.package_identification:_identify(src/yolov8_msgs) by extensions ['ignore', 'ignore_ament_install']
[3.520s] Level 1:colcon.colcon_core.package_identification:_identify(src/yolov8_msgs) by extension 'ignore'
[3.520s] Level 1:colcon.colcon_core.package_identification:_identify(src/yolov8_msgs) by extension 'ignore_ament_install'
[3.520s] Level 1:colcon.colcon_core.package_identification:_identify(src/yolov8_msgs) by extensions ['colcon_pkg']
[3.521s] Level 1:colcon.colcon_core.package_identification:_identify(src/yolov8_msgs) by extension 'colcon_pkg'
[3.521s] Level 1:colcon.colcon_core.package_identification:_identify(src/yolov8_msgs) by extensions ['colcon_meta']
[3.521s] Level 1:colcon.colcon_core.package_identification:_identify(src/yolov8_msgs) by extension 'colcon_meta'
[3.521s] Level 1:colcon.colcon_core.package_identification:_identify(src/yolov8_msgs) by extensions ['ros']
[3.521s] Level 1:colcon.colcon_core.package_identification:_identify(src/yolov8_msgs) by extension 'ros'
[3.523s] DEBUG:colcon.colcon_core.package_identification:Package 'src/yolov8_msgs' with type 'ros.ament_cmake' and name 'yolov8_msgs'
[3.523s] Level 1:colcon.colcon_core.package_identification:_identify(~) by extensions ['ignore', 'ignore_ament_install']
[3.523s] Level 1:colcon.colcon_core.package_identification:_identify(~) by extension 'ignore'
[3.523s] Level 1:colcon.colcon_core.package_identification:_identify(~) by extension 'ignore_ament_install'
[3.523s] Level 1:colcon.colcon_core.package_identification:_identify(~) by extensions ['colcon_pkg']
[3.523s] Level 1:colcon.colcon_core.package_identification:_identify(~) by extension 'colcon_pkg'
[3.524s] Level 1:colcon.colcon_core.package_identification:_identify(~) by extensions ['colcon_meta']
[3.524s] Level 1:colcon.colcon_core.package_identification:_identify(~) by extension 'colcon_meta'
[3.524s] Level 1:colcon.colcon_core.package_identification:_identify(~) by extensions ['ros']
[3.524s] Level 1:colcon.colcon_core.package_identification:_identify(~) by extension 'ros'
[3.524s] Level 1:colcon.colcon_core.package_identification:_identify(~) by extensions ['cmake', 'python']
[3.524s] Level 1:colcon.colcon_core.package_identification:_identify(~) by extension 'cmake'
[3.524s] Level 1:colcon.colcon_core.package_identification:_identify(~) by extension 'python'
[3.524s] Level 1:colcon.colcon_core.package_identification:_identify(~) by extensions ['python_setup_py']
[3.525s] Level 1:colcon.colcon_core.package_identification:_identify(~) by extension 'python_setup_py'
[3.525s] Level 1:colcon.colcon_core.package_identification:_identify(~/yolobot) by extensions ['ignore', 'ignore_ament_install']
[3.526s] Level 1:colcon.colcon_core.package_identification:_identify(~/yolobot) by extension 'ignore'
[3.526s] Level 1:colcon.colcon_core.package_identification:_identify(~/yolobot) by extension 'ignore_ament_install'
[3.526s] Level 1:colcon.colcon_core.package_identification:_identify(~/yolobot) by extensions ['colcon_pkg']
[3.526s] Level 1:colcon.colcon_core.package_identification:_identify(~/yolobot) by extension 'colcon_pkg'
[3.526s] Level 1:colcon.colcon_core.package_identification:_identify(~/yolobot) by extensions ['colcon_meta']
[3.526s] Level 1:colcon.colcon_core.package_identification:_identify(~/yolobot) by extension 'colcon_meta'
[3.526s] Level 1:colcon.colcon_core.package_identification:_identify(~/yolobot) by extensions ['ros']
[3.527s] Level 1:colcon.colcon_core.package_identification:_identify(~/yolobot) by extension 'ros'
[3.527s] Level 1:colcon.colcon_core.package_identification:_identify(~/yolobot) by extensions ['cmake', 'python']
[3.527s] Level 1:colcon.colcon_core.package_identification:_identify(~/yolobot) by extension 'cmake'
[3.527s] Level 1:colcon.colcon_core.package_identification:_identify(~/yolobot) by extension 'python'
[3.527s] Level 1:colcon.colcon_core.package_identification:_identify(~/yolobot) by extensions ['python_setup_py']
[3.527s] Level 1:colcon.colcon_core.package_identification:_identify(~/yolobot) by extension 'python_setup_py'
[3.527s] Level 1:colcon.colcon_core.package_identification:_identify(~/yolobot/src) by extensions ['ignore', 'ignore_ament_install']
[3.528s] Level 1:colcon.colcon_core.package_identification:_identify(~/yolobot/src) by extension 'ignore'
[3.528s] Level 1:colcon.colcon_core.package_identification:_identify(~/yolobot/src) by extension 'ignore_ament_install'
[3.528s] Level 1:colcon.colcon_core.package_identification:_identify(~/yolobot/src) by extensions ['colcon_pkg']
[3.528s] Level 1:colcon.colcon_core.package_identification:_identify(~/yolobot/src) by extension 'colcon_pkg'
[3.528s] Level 1:colcon.colcon_core.package_identification:_identify(~/yolobot/src) by extensions ['colcon_meta']
[3.528s] Level 1:colcon.colcon_core.package_identification:_identify(~/yolobot/src) by extension 'colcon_meta'
[3.529s] Level 1:colcon.colcon_core.package_identification:_identify(~/yolobot/src) by extensions ['ros']
[3.529s] Level 1:colcon.colcon_core.package_identification:_identify(~/yolobot/src) by extension 'ros'
[3.529s] Level 1:colcon.colcon_core.package_identification:_identify(~/yolobot/src) by extensions ['cmake', 'python']
[3.529s] Level 1:colcon.colcon_core.package_identification:_identify(~/yolobot/src) by extension 'cmake'
[3.529s] Level 1:colcon.colcon_core.package_identification:_identify(~/yolobot/src) by extension 'python'
[3.529s] Level 1:colcon.colcon_core.package_identification:_identify(~/yolobot/src) by extensions ['python_setup_py']
[3.529s] Level 1:colcon.colcon_core.package_identification:_identify(~/yolobot/src) by extension 'python_setup_py'
[3.530s] Level 1:colcon.colcon_core.package_identification:_identify(~/yolobot/src/yolobot_recognition) by extensions ['ignore', 'ignore_ament_install']
[3.530s] Level 1:colcon.colcon_core.package_identification:_identify(~/yolobot/src/yolobot_recognition) by extension 'ignore'
[3.531s] Level 1:colcon.colcon_core.package_identification:_identify(~/yolobot/src/yolobot_recognition) by extension 'ignore_ament_install'
[3.531s] Level 1:colcon.colcon_core.package_identification:_identify(~/yolobot/src/yolobot_recognition) by extensions ['colcon_pkg']
[3.531s] Level 1:colcon.colcon_core.package_identification:_identify(~/yolobot/src/yolobot_recognition) by extension 'colcon_pkg'
[3.532s] Level 1:colcon.colcon_core.package_identification:_identify(~/yolobot/src/yolobot_recognition) by extensions ['colcon_meta']
[3.532s] Level 1:colcon.colcon_core.package_identification:_identify(~/yolobot/src/yolobot_recognition) by extension 'colcon_meta'
[3.532s] Level 1:colcon.colcon_core.package_identification:_identify(~/yolobot/src/yolobot_recognition) by extensions ['ros']
[3.532s] Level 1:colcon.colcon_core.package_identification:_identify(~/yolobot/src/yolobot_recognition) by extension 'ros'
[3.533s] Level 1:colcon.colcon_core.package_identification:_identify(~/yolobot/src/yolobot_recognition) by extensions ['cmake', 'python']
[3.533s] Level 1:colcon.colcon_core.package_identification:_identify(~/yolobot/src/yolobot_recognition) by extension 'cmake'
[3.533s] Level 1:colcon.colcon_core.package_identification:_identify(~/yolobot/src/yolobot_recognition) by extension 'python'
[3.533s] Level 1:colcon.colcon_core.package_identification:_identify(~/yolobot/src/yolobot_recognition) by extensions ['python_setup_py']
[3.533s] Level 1:colcon.colcon_core.package_identification:_identify(~/yolobot/src/yolobot_recognition) by extension 'python_setup_py'
[3.534s] Level 1:colcon.colcon_core.package_identification:_identify(~/yolobot/src/yolobot_recognition/scripts) by extensions ['ignore', 'ignore_ament_install']
[3.534s] Level 1:colcon.colcon_core.package_identification:_identify(~/yolobot/src/yolobot_recognition/scripts) by extension 'ignore'
[3.535s] Level 1:colcon.colcon_core.package_identification:_identify(~/yolobot/src/yolobot_recognition/scripts) by extension 'ignore_ament_install'
[3.535s] Level 1:colcon.colcon_core.package_identification:_identify(~/yolobot/src/yolobot_recognition/scripts) by extensions ['colcon_pkg']
[3.535s] Level 1:colcon.colcon_core.package_identification:_identify(~/yolobot/src/yolobot_recognition/scripts) by extension 'colcon_pkg'
[3.535s] Level 1:colcon.colcon_core.package_identification:_identify(~/yolobot/src/yolobot_recognition/scripts) by extensions ['colcon_meta']
[3.535s] Level 1:colcon.colcon_core.package_identification:_identify(~/yolobot/src/yolobot_recognition/scripts) by extension 'colcon_meta'
[3.535s] Level 1:colcon.colcon_core.package_identification:_identify(~/yolobot/src/yolobot_recognition/scripts) by extensions ['ros']
[3.535s] Level 1:colcon.colcon_core.package_identification:_identify(~/yolobot/src/yolobot_recognition/scripts) by extension 'ros'
[3.535s] Level 1:colcon.colcon_core.package_identification:_identify(~/yolobot/src/yolobot_recognition/scripts) by extensions ['cmake', 'python']
[3.535s] Level 1:colcon.colcon_core.package_identification:_identify(~/yolobot/src/yolobot_recognition/scripts) by extension 'cmake'
[3.536s] Level 1:colcon.colcon_core.package_identification:_identify(~/yolobot/src/yolobot_recognition/scripts) by extension 'python'
[3.536s] Level 1:colcon.colcon_core.package_identification:_identify(~/yolobot/src/yolobot_recognition/scripts) by extensions ['python_setup_py']
[3.536s] Level 1:colcon.colcon_core.package_identification:_identify(~/yolobot/src/yolobot_recognition/scripts) by extension 'python_setup_py'
[3.536s] Level 1:colcon.colcon_core.package_discovery:discover_packages(recursive) using defaults
[3.536s] Level 1:colcon.colcon_core.package_discovery:discover_packages(ignore) discover
[3.536s] Level 1:colcon.colcon_core.package_discovery:discover_packages(ignore) using defaults
[3.536s] Level 1:colcon.colcon_core.package_discovery:discover_packages(path) discover
[3.536s] Level 1:colcon.colcon_core.package_discovery:discover_packages(path) using defaults
[3.824s] Level 1:colcon.colcon_core.package_discovery:discover_packages(prefix_path) check parameters
[3.824s] Level 1:colcon.colcon_core.package_discovery:discover_packages(prefix_path) discover
[3.941s] DEBUG:colcon.colcon_installed_package_information.package_discovery:Found 2 installed packages in /home/luize/Documents/imitando yolo/yolobot/install
[3.996s] DEBUG:colcon.colcon_installed_package_information.package_discovery:Found 362 installed packages in /opt/ros/humble
[4.003s] Level 1:colcon.colcon_core.package_discovery:discover_packages(prefix_path) using defaults
[4.306s] Level 5:colcon.colcon_core.verb:set package 'yolobot_recognition' build argument 'cmake_args' from command line to 'None'
[4.306s] Level 5:colcon.colcon_core.verb:set package 'yolobot_recognition' build argument 'cmake_target' from command line to 'None'
[4.306s] Level 5:colcon.colcon_core.verb:set package 'yolobot_recognition' build argument 'cmake_target_skip_unavailable' from command line to 'False'
[4.306s] Level 5:colcon.colcon_core.verb:set package 'yolobot_recognition' build argument 'cmake_clean_cache' from command line to 'False'
[4.306s] Level 5:colcon.colcon_core.verb:set package 'yolobot_recognition' build argument 'cmake_clean_first' from command line to 'False'
[4.306s] Level 5:colcon.colcon_core.verb:set package 'yolobot_recognition' build argument 'cmake_force_configure' from command line to 'False'
[4.306s] Level 5:colcon.colcon_core.verb:set package 'yolobot_recognition' build argument 'ament_cmake_args' from command line to 'None'
[4.306s] Level 5:colcon.colcon_core.verb:set package 'yolobot_recognition' build argument 'catkin_cmake_args' from command line to 'None'
[4.306s] Level 5:colcon.colcon_core.verb:set package 'yolobot_recognition' build argument 'catkin_skip_building_tests' from command line to 'False'
[4.306s] DEBUG:colcon.colcon_core.verb:Building package 'yolobot_recognition' with the following arguments: {'ament_cmake_args': None, 'build_base': '/home/luize/Documents/imitando yolo/yolobot/build/yolobot_recognition', 'catkin_cmake_args': None, 'catkin_skip_building_tests': False, 'cmake_args': None, 'cmake_clean_cache': False, 'cmake_clean_first': False, 'cmake_force_configure': False, 'cmake_target': None, 'cmake_target_skip_unavailable': False, 'install_base': '/home/luize/Documents/imitando yolo/yolobot/install/yolobot_recognition', 'merge_install': False, 'path': '/home/luize/Documents/imitando yolo/yolobot/src/yolobot_recognition', 'symlink_install': False, 'test_result_base': None}
[4.346s] Level 5:colcon.colcon_core.verb:set package 'yolov8_msgs' build argument 'cmake_args' from command line to 'None'
[4.346s] Level 5:colcon.colcon_core.verb:set package 'yolov8_msgs' build argument 'cmake_target' from command line to 'None'
[4.346s] Level 5:colcon.colcon_core.verb:set package 'yolov8_msgs' build argument 'cmake_target_skip_unavailable' from command line to 'False'
[4.346s] Level 5:colcon.colcon_core.verb:set package 'yolov8_msgs' build argument 'cmake_clean_cache' from command line to 'False'
[4.346s] Level 5:colcon.colcon_core.verb:set package 'yolov8_msgs' build argument 'cmake_clean_first' from command line to 'False'
[4.346s] Level 5:colcon.colcon_core.verb:set package 'yolov8_msgs' build argument 'cmake_force_configure' from command line to 'False'
[4.346s] Level 5:colcon.colcon_core.verb:set package 'yolov8_msgs' build argument 'ament_cmake_args' from command line to 'None'
[4.346s] Level 5:colcon.colcon_core.verb:set package 'yolov8_msgs' build argument 'catkin_cmake_args' from command line to 'None'
[4.346s] Level 5:colcon.colcon_core.verb:set package 'yolov8_msgs' build argument 'catkin_skip_building_tests' from command line to 'False'
[4.347s] DEBUG:colcon.colcon_core.verb:Building package 'yolov8_msgs' with the following arguments: {'ament_cmake_args': None, 'build_base': '/home/luize/Documents/imitando yolo/yolobot/build/yolov8_msgs', 'catkin_cmake_args': None, 'catkin_skip_building_tests': False, 'cmake_args': None, 'cmake_clean_cache': False, 'cmake_clean_first': False, 'cmake_force_configure': False, 'cmake_target': None, 'cmake_target_skip_unavailable': False, 'install_base': '/home/luize/Documents/imitando yolo/yolobot/install/yolov8_msgs', 'merge_install': False, 'path': '/home/luize/Documents/imitando yolo/yolobot/src/yolov8_msgs', 'symlink_install': False, 'test_result_base': None}
[4.396s] INFO:colcon.colcon_core.executor:Executing jobs using 'parallel' executor
[4.438s] DEBUG:colcon.colcon_parallel_executor.executor.parallel:run_until_complete
[4.439s] INFO:colcon.colcon_ros.task.ament_cmake.build:Building ROS package in '/home/luize/Documents/imitando yolo/yolobot/src/yolobot_recognition' with build type 'ament_cmake'
[4.439s] INFO:colcon.colcon_cmake.task.cmake.build:Building CMake package in '/home/luize/Documents/imitando yolo/yolobot/src/yolobot_recognition'
[4.493s] INFO:colcon.colcon_core.plugin_system:Skipping extension 'colcon_core.shell.bat': Not used on non-Windows systems
[4.494s] INFO:colcon.colcon_core.shell:Skip shell extension 'powershell' for command environment: Not usable outside of PowerShell
[4.494s] DEBUG:colcon.colcon_core.shell:Skip shell extension 'dsv' for command environment
[4.644s] INFO:colcon.colcon_ros.task.ament_cmake.build:Building ROS package in '/home/luize/Documents/imitando yolo/yolobot/src/yolov8_msgs' with build type 'ament_cmake'
[4.645s] INFO:colcon.colcon_cmake.task.cmake.build:Building CMake package in '/home/luize/Documents/imitando yolo/yolobot/src/yolov8_msgs'
[4.702s] INFO:colcon.colcon_core.shell:Skip shell extension 'powershell' for command environment: Not usable outside of PowerShell
[4.703s] DEBUG:colcon.colcon_core.shell:Skip shell extension 'dsv' for command environment
[5.032s] DEBUG:colcon.colcon_core.event_handler.log_command:Invoking command in '/home/luize/Documents/imitando yolo/yolobot/build/yolobot_recognition': CMAKE_PREFIX_PATH=${CMAKE_PREFIX_PATH}:/opt/ros/humble /usr/bin/cmake --build /home/luize/Documents/imitando yolo/yolobot/build/yolobot_recognition -- -j8 -l8
[5.051s] DEBUG:colcon.colcon_core.event_handler.log_command:Invoking command in '/home/luize/Documents/imitando yolo/yolobot/build/yolov8_msgs': CMAKE_PREFIX_PATH=${CMAKE_PREFIX_PATH}:/opt/ros/humble /usr/bin/cmake --build /home/luize/Documents/imitando yolo/yolobot/build/yolov8_msgs -- -j8 -l8
[5.157s] DEBUG:colcon.colcon_core.event_handler.log_command:Invoked command in '/home/luize/Documents/imitando yolo/yolobot/build/yolobot_recognition' returned '0': CMAKE_PREFIX_PATH=${CMAKE_PREFIX_PATH}:/opt/ros/humble /usr/bin/cmake --build /home/luize/Documents/imitando yolo/yolobot/build/yolobot_recognition -- -j8 -l8
[5.300s] DEBUG:colcon.colcon_core.event_handler.log_command:Invoking command in '/home/luize/Documents/imitando yolo/yolobot/build/yolobot_recognition': CMAKE_PREFIX_PATH=${CMAKE_PREFIX_PATH}:/opt/ros/humble /usr/bin/cmake --install /home/luize/Documents/imitando yolo/yolobot/build/yolobot_recognition
[5.358s] Level 1:colcon.colcon_core.environment:create_environment_scripts_only(yolobot_recognition)
[5.384s] DEBUG:colcon.colcon_core.event_handler.log_command:Invoked command in '/home/luize/Documents/imitando yolo/yolobot/build/yolobot_recognition' returned '0': CMAKE_PREFIX_PATH=${CMAKE_PREFIX_PATH}:/opt/ros/humble /usr/bin/cmake --install /home/luize/Documents/imitando yolo/yolobot/build/yolobot_recognition
[5.433s] Level 1:colcon.colcon_core.environment:checking '/home/luize/Documents/imitando yolo/yolobot/install/yolobot_recognition' for CMake module files
[5.435s] Level 1:colcon.colcon_core.environment:checking '/home/luize/Documents/imitando yolo/yolobot/install/yolobot_recognition' for CMake config files
[5.436s] Level 1:colcon.colcon_core.shell:create_environment_hook('yolobot_recognition', 'cmake_prefix_path')
[5.497s] INFO:colcon.colcon_core.shell:Creating environment hook '/home/luize/Documents/imitando yolo/yolobot/install/yolobot_recognition/share/yolobot_recognition/hook/cmake_prefix_path.ps1'
[5.502s] INFO:colcon.colcon_core.shell:Creating environment descriptor '/home/luize/Documents/imitando yolo/yolobot/install/yolobot_recognition/share/yolobot_recognition/hook/cmake_prefix_path.dsv'
[5.504s] INFO:colcon.colcon_core.shell:Creating environment hook '/home/luize/Documents/imitando yolo/yolobot/install/yolobot_recognition/share/yolobot_recognition/hook/cmake_prefix_path.sh'
[5.507s] Level 1:colcon.colcon_core.environment:checking '/home/luize/Documents/imitando yolo/yolobot/install/yolobot_recognition/lib'
[5.507s] Level 1:colcon.colcon_core.environment:checking '/home/luize/Documents/imitando yolo/yolobot/install/yolobot_recognition/bin'
[5.508s] Level 1:colcon.colcon_core.environment:checking '/home/luize/Documents/imitando yolo/yolobot/install/yolobot_recognition/lib/pkgconfig/yolobot_recognition.pc'
[5.508s] Level 1:colcon.colcon_core.environment:checking '/home/luize/Documents/imitando yolo/yolobot/install/yolobot_recognition/lib/python3.10/site-packages'
[5.509s] Level 1:colcon.colcon_core.environment:checking '/home/luize/Documents/imitando yolo/yolobot/install/yolobot_recognition/bin'
[5.584s] INFO:colcon.colcon_core.shell:Creating package script '/home/luize/Documents/imitando yolo/yolobot/install/yolobot_recognition/share/yolobot_recognition/package.ps1'
[5.589s] INFO:colcon.colcon_core.shell:Creating package descriptor '/home/luize/Documents/imitando yolo/yolobot/install/yolobot_recognition/share/yolobot_recognition/package.dsv'
[5.591s] INFO:colcon.colcon_core.shell:Creating package script '/home/luize/Documents/imitando yolo/yolobot/install/yolobot_recognition/share/yolobot_recognition/package.sh'
[5.595s] INFO:colcon.colcon_core.shell:Creating package script '/home/luize/Documents/imitando yolo/yolobot/install/yolobot_recognition/share/yolobot_recognition/package.bash'
[5.598s] INFO:colcon.colcon_core.shell:Creating package script '/home/luize/Documents/imitando yolo/yolobot/install/yolobot_recognition/share/yolobot_recognition/package.zsh'
[5.601s] Level 1:colcon.colcon_core.environment:create_file_with_runtime_dependencies(/home/luize/Documents/imitando yolo/yolobot/install/yolobot_recognition/share/colcon-core/packages/yolobot_recognition)
[5.776s] Level 1:colcon.colcon_core.environment:create_environment_scripts_only(yolobot_recognition)
[5.828s] Level 1:colcon.colcon_core.environment:checking '/home/luize/Documents/imitando yolo/yolobot/install/yolobot_recognition' for CMake module files
[5.830s] Level 1:colcon.colcon_core.environment:checking '/home/luize/Documents/imitando yolo/yolobot/install/yolobot_recognition' for CMake config files
[5.831s] Level 1:colcon.colcon_core.shell:create_environment_hook('yolobot_recognition', 'cmake_prefix_path')
[5.897s] INFO:colcon.colcon_core.shell:Creating environment hook '/home/luize/Documents/imitando yolo/yolobot/install/yolobot_recognition/share/yolobot_recognition/hook/cmake_prefix_path.ps1'
[5.899s] INFO:colcon.colcon_core.shell:Creating environment descriptor '/home/luize/Documents/imitando yolo/yolobot/install/yolobot_recognition/share/yolobot_recognition/hook/cmake_prefix_path.dsv'
[5.900s] INFO:colcon.colcon_core.shell:Creating environment hook '/home/luize/Documents/imitando yolo/yolobot/install/yolobot_recognition/share/yolobot_recognition/hook/cmake_prefix_path.sh'
[5.903s] Level 1:colcon.colcon_core.environment:checking '/home/luize/Documents/imitando yolo/yolobot/install/yolobot_recognition/lib'
[5.905s] Level 1:colcon.colcon_core.environment:checking '/home/luize/Documents/imitando yolo/yolobot/install/yolobot_recognition/bin'
[5.909s] Level 1:colcon.colcon_core.environment:checking '/home/luize/Documents/imitando yolo/yolobot/install/yolobot_recognition/lib/pkgconfig/yolobot_recognition.pc'
[5.912s] Level 1:colcon.colcon_core.environment:checking '/home/luize/Documents/imitando yolo/yolobot/install/yolobot_recognition/lib/python3.10/site-packages'
[5.915s] Level 1:colcon.colcon_core.environment:checking '/home/luize/Documents/imitando yolo/yolobot/install/yolobot_recognition/bin'
[5.968s] INFO:colcon.colcon_core.shell:Creating package script '/home/luize/Documents/imitando yolo/yolobot/install/yolobot_recognition/share/yolobot_recognition/package.ps1'
[5.970s] INFO:colcon.colcon_core.shell:Creating package descriptor '/home/luize/Documents/imitando yolo/yolobot/install/yolobot_recognition/share/yolobot_recognition/package.dsv'
[5.971s] INFO:colcon.colcon_core.shell:Creating package script '/home/luize/Documents/imitando yolo/yolobot/install/yolobot_recognition/share/yolobot_recognition/package.sh'
[5.975s] INFO:colcon.colcon_core.shell:Creating package script '/home/luize/Documents/imitando yolo/yolobot/install/yolobot_recognition/share/yolobot_recognition/package.bash'
[5.976s] INFO:colcon.colcon_core.shell:Creating package script '/home/luize/Documents/imitando yolo/yolobot/install/yolobot_recognition/share/yolobot_recognition/package.zsh'
[5.977s] Level 1:colcon.colcon_core.environment:create_file_with_runtime_dependencies(/home/luize/Documents/imitando yolo/yolobot/install/yolobot_recognition/share/colcon-core/packages/yolobot_recognition)
[6.372s] DEBUG:colcon.colcon_core.event_handler.log_command:Invoked command in '/home/luize/Documents/imitando yolo/yolobot/build/yolov8_msgs' returned '0': CMAKE_PREFIX_PATH=${CMAKE_PREFIX_PATH}:/opt/ros/humble /usr/bin/cmake --build /home/luize/Documents/imitando yolo/yolobot/build/yolov8_msgs -- -j8 -l8
[6.545s] DEBUG:colcon.colcon_core.event_handler.log_command:Invoking command in '/home/luize/Documents/imitando yolo/yolobot/build/yolov8_msgs': CMAKE_PREFIX_PATH=${CMAKE_PREFIX_PATH}:/opt/ros/humble /usr/bin/cmake --install /home/luize/Documents/imitando yolo/yolobot/build/yolov8_msgs
[6.706s] Level 1:colcon.colcon_core.environment:create_environment_scripts_only(yolov8_msgs)
[6.743s] DEBUG:colcon.colcon_core.event_handler.log_command:Invoked command in '/home/luize/Documents/imitando yolo/yolobot/build/yolov8_msgs' returned '0': CMAKE_PREFIX_PATH=${CMAKE_PREFIX_PATH}:/opt/ros/humble /usr/bin/cmake --install /home/luize/Documents/imitando yolo/yolobot/build/yolov8_msgs
[6.759s] Level 1:colcon.colcon_core.environment:checking '/home/luize/Documents/imitando yolo/yolobot/install/yolov8_msgs' for CMake module files
[6.762s] Level 1:colcon.colcon_core.environment:checking '/home/luize/Documents/imitando yolo/yolobot/install/yolov8_msgs' for CMake config files
[6.765s] Level 1:colcon.colcon_core.shell:create_environment_hook('yolov8_msgs', 'cmake_prefix_path')
[6.828s] INFO:colcon.colcon_core.shell:Creating environment hook '/home/luize/Documents/imitando yolo/yolobot/install/yolov8_msgs/share/yolov8_msgs/hook/cmake_prefix_path.ps1'
[6.830s] INFO:colcon.colcon_core.shell:Creating environment descriptor '/home/luize/Documents/imitando yolo/yolobot/install/yolov8_msgs/share/yolov8_msgs/hook/cmake_prefix_path.dsv'
[6.831s] INFO:colcon.colcon_core.shell:Creating environment hook '/home/luize/Documents/imitando yolo/yolobot/install/yolov8_msgs/share/yolov8_msgs/hook/cmake_prefix_path.sh'
[6.832s] Level 1:colcon.colcon_core.environment:checking '/home/luize/Documents/imitando yolo/yolobot/install/yolov8_msgs/lib'
[6.833s] Level 1:colcon.colcon_core.shell:create_environment_hook('yolov8_msgs', 'ld_library_path_lib')
[6.868s] INFO:colcon.colcon_core.shell:Creating environment hook '/home/luize/Documents/imitando yolo/yolobot/install/yolov8_msgs/share/yolov8_msgs/hook/ld_library_path_lib.ps1'
[6.870s] INFO:colcon.colcon_core.shell:Creating environment descriptor '/home/luize/Documents/imitando yolo/yolobot/install/yolov8_msgs/share/yolov8_msgs/hook/ld_library_path_lib.dsv'
[6.871s] INFO:colcon.colcon_core.shell:Creating environment hook '/home/luize/Documents/imitando yolo/yolobot/install/yolov8_msgs/share/yolov8_msgs/hook/ld_library_path_lib.sh'
[6.873s] Level 1:colcon.colcon_core.environment:checking '/home/luize/Documents/imitando yolo/yolobot/install/yolov8_msgs/bin'
[6.874s] Level 1:colcon.colcon_core.environment:checking '/home/luize/Documents/imitando yolo/yolobot/install/yolov8_msgs/lib/pkgconfig/yolov8_msgs.pc'
[6.874s] Level 1:colcon.colcon_core.environment:checking '/home/luize/Documents/imitando yolo/yolobot/install/yolov8_msgs/lib/python3.10/site-packages'
[6.874s] Level 1:colcon.colcon_core.environment:checking '/home/luize/Documents/imitando yolo/yolobot/install/yolov8_msgs/bin'
[6.914s] INFO:colcon.colcon_core.shell:Creating package script '/home/luize/Documents/imitando yolo/yolobot/install/yolov8_msgs/share/yolov8_msgs/package.ps1'
[6.916s] INFO:colcon.colcon_core.shell:Creating package descriptor '/home/luize/Documents/imitando yolo/yolobot/install/yolov8_msgs/share/yolov8_msgs/package.dsv'
[6.917s] INFO:colcon.colcon_core.shell:Creating package script '/home/luize/Documents/imitando yolo/yolobot/install/yolov8_msgs/share/yolov8_msgs/package.sh'
[6.919s] INFO:colcon.colcon_core.shell:Creating package script '/home/luize/Documents/imitando yolo/yolobot/install/yolov8_msgs/share/yolov8_msgs/package.bash'
[6.920s] INFO:colcon.colcon_core.shell:Creating package script '/home/luize/Documents/imitando yolo/yolobot/install/yolov8_msgs/share/yolov8_msgs/package.zsh'
[6.922s] Level 1:colcon.colcon_core.environment:create_file_with_runtime_dependencies(/home/luize/Documents/imitando yolo/yolobot/install/yolov8_msgs/share/colcon-core/packages/yolov8_msgs)
[7.133s] Level 1:colcon.colcon_core.environment:create_environment_scripts_only(yolov8_msgs)
[7.192s] Level 1:colcon.colcon_core.environment:checking '/home/luize/Documents/imitando yolo/yolobot/install/yolov8_msgs' for CMake module files
[7.194s] Level 1:colcon.colcon_core.environment:checking '/home/luize/Documents/imitando yolo/yolobot/install/yolov8_msgs' for CMake config files
[7.196s] Level 1:colcon.colcon_core.shell:create_environment_hook('yolov8_msgs', 'cmake_prefix_path')
[7.235s] INFO:colcon.colcon_core.shell:Creating environment hook '/home/luize/Documents/imitando yolo/yolobot/install/yolov8_msgs/share/yolov8_msgs/hook/cmake_prefix_path.ps1'
[7.236s] INFO:colcon.colcon_core.shell:Creating environment descriptor '/home/luize/Documents/imitando yolo/yolobot/install/yolov8_msgs/share/yolov8_msgs/hook/cmake_prefix_path.dsv'
[7.236s] INFO:colcon.colcon_core.shell:Creating environment hook '/home/luize/Documents/imitando yolo/yolobot/install/yolov8_msgs/share/yolov8_msgs/hook/cmake_prefix_path.sh'
[7.237s] Level 1:colcon.colcon_core.environment:checking '/home/luize/Documents/imitando yolo/yolobot/install/yolov8_msgs/lib'
[7.237s] Level 1:colcon.colcon_core.shell:create_environment_hook('yolov8_msgs', 'ld_library_path_lib')
[7.268s] INFO:colcon.colcon_core.shell:Creating environment hook '/home/luize/Documents/imitando yolo/yolobot/install/yolov8_msgs/share/yolov8_msgs/hook/ld_library_path_lib.ps1'
[7.269s] INFO:colcon.colcon_core.shell:Creating environment descriptor '/home/luize/Documents/imitando yolo/yolobot/install/yolov8_msgs/share/yolov8_msgs/hook/ld_library_path_lib.dsv'
[7.270s] INFO:colcon.colcon_core.shell:Creating environment hook '/home/luize/Documents/imitando yolo/yolobot/install/yolov8_msgs/share/yolov8_msgs/hook/ld_library_path_lib.sh'
[7.271s] Level 1:colcon.colcon_core.environment:checking '/home/luize/Documents/imitando yolo/yolobot/install/yolov8_msgs/bin'
[7.271s] Level 1:colcon.colcon_core.environment:checking '/home/luize/Documents/imitando yolo/yolobot/install/yolov8_msgs/lib/pkgconfig/yolov8_msgs.pc'
[7.272s] Level 1:colcon.colcon_core.environment:checking '/home/luize/Documents/imitando yolo/yolobot/install/yolov8_msgs/lib/python3.10/site-packages'
[7.273s] Level 1:colcon.colcon_core.environment:checking '/home/luize/Documents/imitando yolo/yolobot/install/yolov8_msgs/bin'
[7.325s] INFO:colcon.colcon_core.shell:Creating package script '/home/luize/Documents/imitando yolo/yolobot/install/yolov8_msgs/share/yolov8_msgs/package.ps1'
[7.326s] INFO:colcon.colcon_core.shell:Creating package descriptor '/home/luize/Documents/imitando yolo/yolobot/install/yolov8_msgs/share/yolov8_msgs/package.dsv'
[7.327s] INFO:colcon.colcon_core.shell:Creating package script '/home/luize/Documents/imitando yolo/yolobot/install/yolov8_msgs/share/yolov8_msgs/package.sh'
[7.328s] INFO:colcon.colcon_core.shell:Creating package script '/home/luize/Documents/imitando yolo/yolobot/install/yolov8_msgs/share/yolov8_msgs/package.bash'
[7.328s] INFO:colcon.colcon_core.shell:Creating package script '/home/luize/Documents/imitando yolo/yolobot/install/yolov8_msgs/share/yolov8_msgs/package.zsh'
[7.329s] Level 1:colcon.colcon_core.environment:create_file_with_runtime_dependencies(/home/luize/Documents/imitando yolo/yolobot/install/yolov8_msgs/share/colcon-core/packages/yolov8_msgs)
[7.329s] DEBUG:colcon.colcon_parallel_executor.executor.parallel:closing loop
[7.330s] DEBUG:colcon.colcon_parallel_executor.executor.parallel:loop closed
[7.330s] DEBUG:colcon.colcon_parallel_executor.executor.parallel:run_until_complete finished with '0'
[7.330s] DEBUG:colcon.colcon_core.event_reactor:joining thread
[7.379s] INFO:colcon.colcon_core.plugin_system:Skipping extension 'colcon_notification.desktop_notification.terminal_notifier': Not used on non-Darwin systems
[7.379s] INFO:colcon.colcon_core.plugin_system:Skipping extension 'colcon_notification.desktop_notification.win32': Not used on non-Windows systems
[7.379s] INFO:colcon.colcon_notification.desktop_notification:Sending desktop notification using 'notify2'
[7.383s] DEBUG:colcon.colcon_core.event_reactor:joined thread
[7.454s] INFO:colcon.colcon_core.shell:Creating prefix script '/home/luize/Documents/imitando yolo/yolobot/install/local_setup.ps1'
[7.461s] INFO:colcon.colcon_core.shell:Creating prefix util module '/home/luize/Documents/imitando yolo/yolobot/install/_local_setup_util_ps1.py'
[7.465s] INFO:colcon.colcon_core.shell:Creating prefix chain script '/home/luize/Documents/imitando yolo/yolobot/install/setup.ps1'
[7.520s] INFO:colcon.colcon_core.shell:Creating prefix script '/home/luize/Documents/imitando yolo/yolobot/install/local_setup.sh'
[7.522s] INFO:colcon.colcon_core.shell:Creating prefix util module '/home/luize/Documents/imitando yolo/yolobot/install/_local_setup_util_sh.py'
[7.525s] INFO:colcon.colcon_core.shell:Creating prefix chain script '/home/luize/Documents/imitando yolo/yolobot/install/setup.sh'
[7.566s] INFO:colcon.colcon_core.shell:Creating prefix script '/home/luize/Documents/imitando yolo/yolobot/install/local_setup.bash'
[7.567s] INFO:colcon.colcon_core.shell:Creating prefix chain script '/home/luize/Documents/imitando yolo/yolobot/install/setup.bash'
[7.620s] INFO:colcon.colcon_core.shell:Creating prefix script '/home/luize/Documents/imitando yolo/yolobot/install/local_setup.zsh'
[7.622s] INFO:colcon.colcon_core.shell:Creating prefix chain script '/home/luize/Documents/imitando yolo/yolobot/install/setup.zsh'
