[1.249s] DEBUG:colcon:Command line arguments: ['/usr/bin/colcon', 'build']
[1.249s] DEBUG:colcon:Parsed command line arguments: Namespace(log_base=None, log_level=None, verb_name='build', build_base='build', install_base='install', merge_install=False, symlink_install=False, test_result_base=None, continue_on_error=False, executor='parallel', parallel_workers=8, event_handlers=None, ignore_user_meta=False, metas=['./colcon.meta'], base_paths=['.'], packages_ignore=None, packages_ignore_regex=None, paths=None, packages_up_to=None, packages_up_to_regex=None, packages_above=None, packages_above_and_dependencies=None, packages_above_depth=None, packages_select_by_dep=None, packages_skip_by_dep=None, packages_skip_up_to=None, packages_select_build_failed=False, packages_skip_build_finished=False, packages_select_test_failures=False, packages_skip_test_passed=False, packages_select=None, packages_skip=None, packages_select_regex=None, packages_skip_regex=None, packages_start=None, packages_end=None, allow_overriding=[], cmake_args=None, cmake_target=None, cmake_target_skip_unavailable=False, cmake_clean_cache=False, cmake_clean_first=False, cmake_force_configure=False, ament_cmake_args=None, catkin_cmake_args=None, catkin_skip_building_tests=False, verb_parser=<colcon_defaults.argument_parser.defaults.DefaultArgumentsDecorator object at 0x7f3cef1db430>, verb_extension=<colcon_core.verb.build.BuildVerb object at 0x7f3cef5de680>, main=<bound method BuildVerb.main of <colcon_core.verb.build.BuildVerb object at 0x7f3cef5de680>>)
[1.321s] Level 1:colcon.colcon_core.package_discovery:discover_packages(colcon_meta) check parameters
[1.322s] Level 1:colcon.colcon_core.package_discovery:discover_packages(recursive) check parameters
[1.322s] Level 1:colcon.colcon_core.package_discovery:discover_packages(ignore) check parameters
[1.322s] Level 1:colcon.colcon_core.package_discovery:discover_packages(path) check parameters
[1.322s] Level 1:colcon.colcon_core.package_discovery:discover_packages(colcon_meta) discover
[1.322s] Level 1:colcon.colcon_core.package_discovery:discover_packages(recursive) discover
[1.322s] INFO:colcon.colcon_core.package_discovery:Crawling recursively for packages in '/home/luize/Documents/imitando yolo/yolobot'
[1.322s] Level 1:colcon.colcon_core.package_identification:_identify(.) by extensions ['ignore', 'ignore_ament_install']
[1.322s] Level 1:colcon.colcon_core.package_identification:_identify(.) by extension 'ignore'
[1.322s] Level 1:colcon.colcon_core.package_identification:_identify(.) by extension 'ignore_ament_install'
[1.322s] Level 1:colcon.colcon_core.package_identification:_identify(.) by extensions ['colcon_pkg']
[1.322s] Level 1:colcon.colcon_core.package_identification:_identify(.) by extension 'colcon_pkg'
[1.322s] Level 1:colcon.colcon_core.package_identification:_identify(.) by extensions ['colcon_meta']
[1.322s] Level 1:colcon.colcon_core.package_identification:_identify(.) by extension 'colcon_meta'
[1.322s] Level 1:colcon.colcon_core.package_identification:_identify(.) by extensions ['ros']
[1.322s] Level 1:colcon.colcon_core.package_identification:_identify(.) by extension 'ros'
[1.343s] Level 1:colcon.colcon_core.package_identification:_identify(.) by extensions ['cmake', 'python']
[1.343s] Level 1:colcon.colcon_core.package_identification:_identify(.) by extension 'cmake'
[1.343s] Level 1:colcon.colcon_core.package_identification:_identify(.) by extension 'python'
[1.343s] Level 1:colcon.colcon_core.package_identification:_identify(.) by extensions ['python_setup_py']
[1.343s] Level 1:colcon.colcon_core.package_identification:_identify(.) by extension 'python_setup_py'
[1.343s] Level 1:colcon.colcon_core.package_identification:_identify(build) by extensions ['ignore', 'ignore_ament_install']
[1.343s] Level 1:colcon.colcon_core.package_identification:_identify(build) by extension 'ignore'
[1.343s] Level 1:colcon.colcon_core.package_identification:_identify(build) ignored
[1.344s] Level 1:colcon.colcon_core.package_identification:_identify(install) by extensions ['ignore', 'ignore_ament_install']
[1.344s] Level 1:colcon.colcon_core.package_identification:_identify(install) by extension 'ignore'
[1.344s] Level 1:colcon.colcon_core.package_identification:_identify(install) ignored
[1.344s] Level 1:colcon.colcon_core.package_identification:_identify(log) by extensions ['ignore', 'ignore_ament_install']
[1.344s] Level 1:colcon.colcon_core.package_identification:_identify(log) by extension 'ignore'
[1.344s] Level 1:colcon.colcon_core.package_identification:_identify(log) ignored
[1.344s] Level 1:colcon.colcon_core.package_identification:_identify(src) by extensions ['ignore', 'ignore_ament_install']
[1.344s] Level 1:colcon.colcon_core.package_identification:_identify(src) by extension 'ignore'
[1.344s] Level 1:colcon.colcon_core.package_identification:_identify(src) by extension 'ignore_ament_install'
[1.345s] Level 1:colcon.colcon_core.package_identification:_identify(src) by extensions ['colcon_pkg']
[1.345s] Level 1:colcon.colcon_core.package_identification:_identify(src) by extension 'colcon_pkg'
[1.345s] Level 1:colcon.colcon_core.package_identification:_identify(src) by extensions ['colcon_meta']
[1.345s] Level 1:colcon.colcon_core.package_identification:_identify(src) by extension 'colcon_meta'
[1.345s] Level 1:colcon.colcon_core.package_identification:_identify(src) by extensions ['ros']
[1.345s] Level 1:colcon.colcon_core.package_identification:_identify(src) by extension 'ros'
[1.345s] Level 1:colcon.colcon_core.package_identification:_identify(src) by extensions ['cmake', 'python']
[1.345s] Level 1:colcon.colcon_core.package_identification:_identify(src) by extension 'cmake'
[1.345s] Level 1:colcon.colcon_core.package_identification:_identify(src) by extension 'python'
[1.345s] Level 1:colcon.colcon_core.package_identification:_identify(src) by extensions ['python_setup_py']
[1.345s] Level 1:colcon.colcon_core.package_identification:_identify(src) by extension 'python_setup_py'
[1.345s] Level 1:colcon.colcon_core.package_identification:_identify(src/yolobot_recognition) by extensions ['ignore', 'ignore_ament_install']
[1.345s] Level 1:colcon.colcon_core.package_identification:_identify(src/yolobot_recognition) by extension 'ignore'
[1.345s] Level 1:colcon.colcon_core.package_identification:_identify(src/yolobot_recognition) by extension 'ignore_ament_install'
[1.346s] Level 1:colcon.colcon_core.package_identification:_identify(src/yolobot_recognition) by extensions ['colcon_pkg']
[1.346s] Level 1:colcon.colcon_core.package_identification:_identify(src/yolobot_recognition) by extension 'colcon_pkg'
[1.346s] Level 1:colcon.colcon_core.package_identification:_identify(src/yolobot_recognition) by extensions ['colcon_meta']
[1.346s] Level 1:colcon.colcon_core.package_identification:_identify(src/yolobot_recognition) by extension 'colcon_meta'
[1.346s] Level 1:colcon.colcon_core.package_identification:_identify(src/yolobot_recognition) by extensions ['ros']
[1.346s] Level 1:colcon.colcon_core.package_identification:_identify(src/yolobot_recognition) by extension 'ros'
[1.348s] DEBUG:colcon.colcon_core.package_identification:Package 'src/yolobot_recognition' with type 'ros.ament_cmake' and name 'yolobot_recognition'
[1.348s] Level 1:colcon.colcon_core.package_identification:_identify(src/yolov8_msgs) by extensions ['ignore', 'ignore_ament_install']
[1.349s] Level 1:colcon.colcon_core.package_identification:_identify(src/yolov8_msgs) by extension 'ignore'
[1.349s] Level 1:colcon.colcon_core.package_identification:_identify(src/yolov8_msgs) by extension 'ignore_ament_install'
[1.349s] Level 1:colcon.colcon_core.package_identification:_identify(src/yolov8_msgs) by extensions ['colcon_pkg']
[1.349s] Level 1:colcon.colcon_core.package_identification:_identify(src/yolov8_msgs) by extension 'colcon_pkg'
[1.349s] Level 1:colcon.colcon_core.package_identification:_identify(src/yolov8_msgs) by extensions ['colcon_meta']
[1.349s] Level 1:colcon.colcon_core.package_identification:_identify(src/yolov8_msgs) by extension 'colcon_meta'
[1.349s] Level 1:colcon.colcon_core.package_identification:_identify(src/yolov8_msgs) by extensions ['ros']
[1.349s] Level 1:colcon.colcon_core.package_identification:_identify(src/yolov8_msgs) by extension 'ros'
[1.350s] DEBUG:colcon.colcon_core.package_identification:Package 'src/yolov8_msgs' with type 'ros.ament_cmake' and name 'yolov8_msgs'
[1.350s] Level 1:colcon.colcon_core.package_identification:_identify(~) by extensions ['ignore', 'ignore_ament_install']
[1.350s] Level 1:colcon.colcon_core.package_identification:_identify(~) by extension 'ignore'
[1.350s] Level 1:colcon.colcon_core.package_identification:_identify(~) by extension 'ignore_ament_install'
[1.350s] Level 1:colcon.colcon_core.package_identification:_identify(~) by extensions ['colcon_pkg']
[1.350s] Level 1:colcon.colcon_core.package_identification:_identify(~) by extension 'colcon_pkg'
[1.350s] Level 1:colcon.colcon_core.package_identification:_identify(~) by extensions ['colcon_meta']
[1.350s] Level 1:colcon.colcon_core.package_identification:_identify(~) by extension 'colcon_meta'
[1.350s] Level 1:colcon.colcon_core.package_identification:_identify(~) by extensions ['ros']
[1.350s] Level 1:colcon.colcon_core.package_identification:_identify(~) by extension 'ros'
[1.350s] Level 1:colcon.colcon_core.package_identification:_identify(~) by extensions ['cmake', 'python']
[1.350s] Level 1:colcon.colcon_core.package_identification:_identify(~) by extension 'cmake'
[1.350s] Level 1:colcon.colcon_core.package_identification:_identify(~) by extension 'python'
[1.350s] Level 1:colcon.colcon_core.package_identification:_identify(~) by extensions ['python_setup_py']
[1.350s] Level 1:colcon.colcon_core.package_identification:_identify(~) by extension 'python_setup_py'
[1.350s] Level 1:colcon.colcon_core.package_identification:_identify(~/yolobot) by extensions ['ignore', 'ignore_ament_install']
[1.351s] Level 1:colcon.colcon_core.package_identification:_identify(~/yolobot) by extension 'ignore'
[1.351s] Level 1:colcon.colcon_core.package_identification:_identify(~/yolobot) by extension 'ignore_ament_install'
[1.351s] Level 1:colcon.colcon_core.package_identification:_identify(~/yolobot) by extensions ['colcon_pkg']
[1.351s] Level 1:colcon.colcon_core.package_identification:_identify(~/yolobot) by extension 'colcon_pkg'
[1.351s] Level 1:colcon.colcon_core.package_identification:_identify(~/yolobot) by extensions ['colcon_meta']
[1.351s] Level 1:colcon.colcon_core.package_identification:_identify(~/yolobot) by extension 'colcon_meta'
[1.351s] Level 1:colcon.colcon_core.package_identification:_identify(~/yolobot) by extensions ['ros']
[1.351s] Level 1:colcon.colcon_core.package_identification:_identify(~/yolobot) by extension 'ros'
[1.351s] Level 1:colcon.colcon_core.package_identification:_identify(~/yolobot) by extensions ['cmake', 'python']
[1.351s] Level 1:colcon.colcon_core.package_identification:_identify(~/yolobot) by extension 'cmake'
[1.351s] Level 1:colcon.colcon_core.package_identification:_identify(~/yolobot) by extension 'python'
[1.351s] Level 1:colcon.colcon_core.package_identification:_identify(~/yolobot) by extensions ['python_setup_py']
[1.351s] Level 1:colcon.colcon_core.package_identification:_identify(~/yolobot) by extension 'python_setup_py'
[1.351s] Level 1:colcon.colcon_core.package_identification:_identify(~/yolobot/src) by extensions ['ignore', 'ignore_ament_install']
[1.351s] Level 1:colcon.colcon_core.package_identification:_identify(~/yolobot/src) by extension 'ignore'
[1.351s] Level 1:colcon.colcon_core.package_identification:_identify(~/yolobot/src) by extension 'ignore_ament_install'
[1.352s] Level 1:colcon.colcon_core.package_identification:_identify(~/yolobot/src) by extensions ['colcon_pkg']
[1.352s] Level 1:colcon.colcon_core.package_identification:_identify(~/yolobot/src) by extension 'colcon_pkg'
[1.352s] Level 1:colcon.colcon_core.package_identification:_identify(~/yolobot/src) by extensions ['colcon_meta']
[1.352s] Level 1:colcon.colcon_core.package_identification:_identify(~/yolobot/src) by extension 'colcon_meta'
[1.352s] Level 1:colcon.colcon_core.package_identification:_identify(~/yolobot/src) by extensions ['ros']
[1.352s] Level 1:colcon.colcon_core.package_identification:_identify(~/yolobot/src) by extension 'ros'
[1.352s] Level 1:colcon.colcon_core.package_identification:_identify(~/yolobot/src) by extensions ['cmake', 'python']
[1.352s] Level 1:colcon.colcon_core.package_identification:_identify(~/yolobot/src) by extension 'cmake'
[1.352s] Level 1:colcon.colcon_core.package_identification:_identify(~/yolobot/src) by extension 'python'
[1.352s] Level 1:colcon.colcon_core.package_identification:_identify(~/yolobot/src) by extensions ['python_setup_py']
[1.352s] Level 1:colcon.colcon_core.package_identification:_identify(~/yolobot/src) by extension 'python_setup_py'
[1.352s] Level 1:colcon.colcon_core.package_identification:_identify(~/yolobot/src/yolobot_recognition) by extensions ['ignore', 'ignore_ament_install']
[1.352s] Level 1:colcon.colcon_core.package_identification:_identify(~/yolobot/src/yolobot_recognition) by extension 'ignore'
[1.352s] Level 1:colcon.colcon_core.package_identification:_identify(~/yolobot/src/yolobot_recognition) by extension 'ignore_ament_install'
[1.352s] Level 1:colcon.colcon_core.package_identification:_identify(~/yolobot/src/yolobot_recognition) by extensions ['colcon_pkg']
[1.353s] Level 1:colcon.colcon_core.package_identification:_identify(~/yolobot/src/yolobot_recognition) by extension 'colcon_pkg'
[1.353s] Level 1:colcon.colcon_core.package_identification:_identify(~/yolobot/src/yolobot_recognition) by extensions ['colcon_meta']
[1.353s] Level 1:colcon.colcon_core.package_identification:_identify(~/yolobot/src/yolobot_recognition) by extension 'colcon_meta'
[1.353s] Level 1:colcon.colcon_core.package_identification:_identify(~/yolobot/src/yolobot_recognition) by extensions ['ros']
[1.353s] Level 1:colcon.colcon_core.package_identification:_identify(~/yolobot/src/yolobot_recognition) by extension 'ros'
[1.353s] Level 1:colcon.colcon_core.package_identification:_identify(~/yolobot/src/yolobot_recognition) by extensions ['cmake', 'python']
[1.353s] Level 1:colcon.colcon_core.package_identification:_identify(~/yolobot/src/yolobot_recognition) by extension 'cmake'
[1.353s] Level 1:colcon.colcon_core.package_identification:_identify(~/yolobot/src/yolobot_recognition) by extension 'python'
[1.353s] Level 1:colcon.colcon_core.package_identification:_identify(~/yolobot/src/yolobot_recognition) by extensions ['python_setup_py']
[1.353s] Level 1:colcon.colcon_core.package_identification:_identify(~/yolobot/src/yolobot_recognition) by extension 'python_setup_py'
[1.353s] Level 1:colcon.colcon_core.package_identification:_identify(~/yolobot/src/yolobot_recognition/scripts) by extensions ['ignore', 'ignore_ament_install']
[1.353s] Level 1:colcon.colcon_core.package_identification:_identify(~/yolobot/src/yolobot_recognition/scripts) by extension 'ignore'
[1.353s] Level 1:colcon.colcon_core.package_identification:_identify(~/yolobot/src/yolobot_recognition/scripts) by extension 'ignore_ament_install'
[1.353s] Level 1:colcon.colcon_core.package_identification:_identify(~/yolobot/src/yolobot_recognition/scripts) by extensions ['colcon_pkg']
[1.353s] Level 1:colcon.colcon_core.package_identification:_identify(~/yolobot/src/yolobot_recognition/scripts) by extension 'colcon_pkg'
[1.353s] Level 1:colcon.colcon_core.package_identification:_identify(~/yolobot/src/yolobot_recognition/scripts) by extensions ['colcon_meta']
[1.354s] Level 1:colcon.colcon_core.package_identification:_identify(~/yolobot/src/yolobot_recognition/scripts) by extension 'colcon_meta'
[1.354s] Level 1:colcon.colcon_core.package_identification:_identify(~/yolobot/src/yolobot_recognition/scripts) by extensions ['ros']
[1.354s] Level 1:colcon.colcon_core.package_identification:_identify(~/yolobot/src/yolobot_recognition/scripts) by extension 'ros'
[1.354s] Level 1:colcon.colcon_core.package_identification:_identify(~/yolobot/src/yolobot_recognition/scripts) by extensions ['cmake', 'python']
[1.354s] Level 1:colcon.colcon_core.package_identification:_identify(~/yolobot/src/yolobot_recognition/scripts) by extension 'cmake'
[1.354s] Level 1:colcon.colcon_core.package_identification:_identify(~/yolobot/src/yolobot_recognition/scripts) by extension 'python'
[1.354s] Level 1:colcon.colcon_core.package_identification:_identify(~/yolobot/src/yolobot_recognition/scripts) by extensions ['python_setup_py']
[1.354s] Level 1:colcon.colcon_core.package_identification:_identify(~/yolobot/src/yolobot_recognition/scripts) by extension 'python_setup_py'
[1.354s] Level 1:colcon.colcon_core.package_discovery:discover_packages(recursive) using defaults
[1.354s] Level 1:colcon.colcon_core.package_discovery:discover_packages(ignore) discover
[1.354s] Level 1:colcon.colcon_core.package_discovery:discover_packages(ignore) using defaults
[1.354s] Level 1:colcon.colcon_core.package_discovery:discover_packages(path) discover
[1.354s] Level 1:colcon.colcon_core.package_discovery:discover_packages(path) using defaults
[1.474s] Level 1:colcon.colcon_core.package_discovery:discover_packages(prefix_path) check parameters
[1.474s] Level 1:colcon.colcon_core.package_discovery:discover_packages(prefix_path) discover
[1.513s] DEBUG:colcon.colcon_installed_package_information.package_discovery:Found 2 installed packages in /home/luize/Documents/imitando yolo/yolobot/install
[1.533s] DEBUG:colcon.colcon_installed_package_information.package_discovery:Found 362 installed packages in /opt/ros/humble
[1.535s] Level 1:colcon.colcon_core.package_discovery:discover_packages(prefix_path) using defaults
[1.644s] Level 5:colcon.colcon_core.verb:set package 'yolobot_recognition' build argument 'cmake_args' from command line to 'None'
[1.644s] Level 5:colcon.colcon_core.verb:set package 'yolobot_recognition' build argument 'cmake_target' from command line to 'None'
[1.645s] Level 5:colcon.colcon_core.verb:set package 'yolobot_recognition' build argument 'cmake_target_skip_unavailable' from command line to 'False'
[1.645s] Level 5:colcon.colcon_core.verb:set package 'yolobot_recognition' build argument 'cmake_clean_cache' from command line to 'False'
[1.645s] Level 5:colcon.colcon_core.verb:set package 'yolobot_recognition' build argument 'cmake_clean_first' from command line to 'False'
[1.645s] Level 5:colcon.colcon_core.verb:set package 'yolobot_recognition' build argument 'cmake_force_configure' from command line to 'False'
[1.645s] Level 5:colcon.colcon_core.verb:set package 'yolobot_recognition' build argument 'ament_cmake_args' from command line to 'None'
[1.645s] Level 5:colcon.colcon_core.verb:set package 'yolobot_recognition' build argument 'catkin_cmake_args' from command line to 'None'
[1.645s] Level 5:colcon.colcon_core.verb:set package 'yolobot_recognition' build argument 'catkin_skip_building_tests' from command line to 'False'
[1.645s] DEBUG:colcon.colcon_core.verb:Building package 'yolobot_recognition' with the following arguments: {'ament_cmake_args': None, 'build_base': '/home/luize/Documents/imitando yolo/yolobot/build/yolobot_recognition', 'catkin_cmake_args': None, 'catkin_skip_building_tests': False, 'cmake_args': None, 'cmake_clean_cache': False, 'cmake_clean_first': False, 'cmake_force_configure': False, 'cmake_target': None, 'cmake_target_skip_unavailable': False, 'install_base': '/home/luize/Documents/imitando yolo/yolobot/install/yolobot_recognition', 'merge_install': False, 'path': '/home/luize/Documents/imitando yolo/yolobot/src/yolobot_recognition', 'symlink_install': False, 'test_result_base': None}
[1.666s] Level 5:colcon.colcon_core.verb:set package 'yolov8_msgs' build argument 'cmake_args' from command line to 'None'
[1.666s] Level 5:colcon.colcon_core.verb:set package 'yolov8_msgs' build argument 'cmake_target' from command line to 'None'
[1.666s] Level 5:colcon.colcon_core.verb:set package 'yolov8_msgs' build argument 'cmake_target_skip_unavailable' from command line to 'False'
[1.666s] Level 5:colcon.colcon_core.verb:set package 'yolov8_msgs' build argument 'cmake_clean_cache' from command line to 'False'
[1.666s] Level 5:colcon.colcon_core.verb:set package 'yolov8_msgs' build argument 'cmake_clean_first' from command line to 'False'
[1.666s] Level 5:colcon.colcon_core.verb:set package 'yolov8_msgs' build argument 'cmake_force_configure' from command line to 'False'
[1.666s] Level 5:colcon.colcon_core.verb:set package 'yolov8_msgs' build argument 'ament_cmake_args' from command line to 'None'
[1.666s] Level 5:colcon.colcon_core.verb:set package 'yolov8_msgs' build argument 'catkin_cmake_args' from command line to 'None'
[1.666s] Level 5:colcon.colcon_core.verb:set package 'yolov8_msgs' build argument 'catkin_skip_building_tests' from command line to 'False'
[1.666s] DEBUG:colcon.colcon_core.verb:Building package 'yolov8_msgs' with the following arguments: {'ament_cmake_args': None, 'build_base': '/home/luize/Documents/imitando yolo/yolobot/build/yolov8_msgs', 'catkin_cmake_args': None, 'catkin_skip_building_tests': False, 'cmake_args': None, 'cmake_clean_cache': False, 'cmake_clean_first': False, 'cmake_force_configure': False, 'cmake_target': None, 'cmake_target_skip_unavailable': False, 'install_base': '/home/luize/Documents/imitando yolo/yolobot/install/yolov8_msgs', 'merge_install': False, 'path': '/home/luize/Documents/imitando yolo/yolobot/src/yolov8_msgs', 'symlink_install': False, 'test_result_base': None}
[1.685s] INFO:colcon.colcon_core.executor:Executing jobs using 'parallel' executor
[1.705s] DEBUG:colcon.colcon_parallel_executor.executor.parallel:run_until_complete
[1.705s] INFO:colcon.colcon_ros.task.ament_cmake.build:Building ROS package in '/home/luize/Documents/imitando yolo/yolobot/src/yolobot_recognition' with build type 'ament_cmake'
[1.706s] INFO:colcon.colcon_cmake.task.cmake.build:Building CMake package in '/home/luize/Documents/imitando yolo/yolobot/src/yolobot_recognition'
[1.728s] INFO:colcon.colcon_core.plugin_system:Skipping extension 'colcon_core.shell.bat': Not used on non-Windows systems
[1.729s] INFO:colcon.colcon_core.shell:Skip shell extension 'powershell' for command environment: Not usable outside of PowerShell
[1.729s] DEBUG:colcon.colcon_core.shell:Skip shell extension 'dsv' for command environment
[1.793s] INFO:colcon.colcon_ros.task.ament_cmake.build:Building ROS package in '/home/luize/Documents/imitando yolo/yolobot/src/yolov8_msgs' with build type 'ament_cmake'
[1.794s] INFO:colcon.colcon_cmake.task.cmake.build:Building CMake package in '/home/luize/Documents/imitando yolo/yolobot/src/yolov8_msgs'
[1.816s] INFO:colcon.colcon_core.shell:Skip shell extension 'powershell' for command environment: Not usable outside of PowerShell
[1.816s] DEBUG:colcon.colcon_core.shell:Skip shell extension 'dsv' for command environment
[1.912s] DEBUG:colcon.colcon_core.event_handler.log_command:Invoking command in '/home/luize/Documents/imitando yolo/yolobot/build/yolobot_recognition': CMAKE_PREFIX_PATH=${CMAKE_PREFIX_PATH}:/opt/ros/humble /usr/bin/cmake --build /home/luize/Documents/imitando yolo/yolobot/build/yolobot_recognition -- -j8 -l8
[1.916s] DEBUG:colcon.colcon_core.event_handler.log_command:Invoking command in '/home/luize/Documents/imitando yolo/yolobot/build/yolov8_msgs': CMAKE_PREFIX_PATH=${CMAKE_PREFIX_PATH}:/opt/ros/humble /usr/bin/cmake --build /home/luize/Documents/imitando yolo/yolobot/build/yolov8_msgs -- -j8 -l8
[1.963s] DEBUG:colcon.colcon_core.event_handler.log_command:Invoked command in '/home/luize/Documents/imitando yolo/yolobot/build/yolobot_recognition' returned '0': CMAKE_PREFIX_PATH=${CMAKE_PREFIX_PATH}:/opt/ros/humble /usr/bin/cmake --build /home/luize/Documents/imitando yolo/yolobot/build/yolobot_recognition -- -j8 -l8
[2.000s] DEBUG:colcon.colcon_core.event_handler.log_command:Invoking command in '/home/luize/Documents/imitando yolo/yolobot/build/yolobot_recognition': CMAKE_PREFIX_PATH=${CMAKE_PREFIX_PATH}:/opt/ros/humble /usr/bin/cmake --install /home/luize/Documents/imitando yolo/yolobot/build/yolobot_recognition
[2.025s] Level 1:colcon.colcon_core.environment:create_environment_scripts_only(yolobot_recognition)
[2.032s] DEBUG:colcon.colcon_core.event_handler.log_command:Invoked command in '/home/luize/Documents/imitando yolo/yolobot/build/yolobot_recognition' returned '0': CMAKE_PREFIX_PATH=${CMAKE_PREFIX_PATH}:/opt/ros/humble /usr/bin/cmake --install /home/luize/Documents/imitando yolo/yolobot/build/yolobot_recognition
[2.066s] Level 1:colcon.colcon_core.environment:checking '/home/luize/Documents/imitando yolo/yolobot/install/yolobot_recognition' for CMake module files
[2.067s] Level 1:colcon.colcon_core.environment:checking '/home/luize/Documents/imitando yolo/yolobot/install/yolobot_recognition' for CMake config files
[2.067s] Level 1:colcon.colcon_core.shell:create_environment_hook('yolobot_recognition', 'cmake_prefix_path')
[2.095s] INFO:colcon.colcon_core.shell:Creating environment hook '/home/luize/Documents/imitando yolo/yolobot/install/yolobot_recognition/share/yolobot_recognition/hook/cmake_prefix_path.ps1'
[2.097s] INFO:colcon.colcon_core.shell:Creating environment descriptor '/home/luize/Documents/imitando yolo/yolobot/install/yolobot_recognition/share/yolobot_recognition/hook/cmake_prefix_path.dsv'
[2.097s] INFO:colcon.colcon_core.shell:Creating environment hook '/home/luize/Documents/imitando yolo/yolobot/install/yolobot_recognition/share/yolobot_recognition/hook/cmake_prefix_path.sh'
[2.098s] Level 1:colcon.colcon_core.environment:checking '/home/luize/Documents/imitando yolo/yolobot/install/yolobot_recognition/lib'
[2.099s] Level 1:colcon.colcon_core.environment:checking '/home/luize/Documents/imitando yolo/yolobot/install/yolobot_recognition/bin'
[2.099s] Level 1:colcon.colcon_core.environment:checking '/home/luize/Documents/imitando yolo/yolobot/install/yolobot_recognition/lib/pkgconfig/yolobot_recognition.pc'
[2.099s] Level 1:colcon.colcon_core.environment:checking '/home/luize/Documents/imitando yolo/yolobot/install/yolobot_recognition/lib/python3.10/site-packages'
[2.099s] Level 1:colcon.colcon_core.environment:checking '/home/luize/Documents/imitando yolo/yolobot/install/yolobot_recognition/bin'
[2.122s] INFO:colcon.colcon_core.shell:Creating package script '/home/luize/Documents/imitando yolo/yolobot/install/yolobot_recognition/share/yolobot_recognition/package.ps1'
[2.124s] INFO:colcon.colcon_core.shell:Creating package descriptor '/home/luize/Documents/imitando yolo/yolobot/install/yolobot_recognition/share/yolobot_recognition/package.dsv'
[2.125s] INFO:colcon.colcon_core.shell:Creating package script '/home/luize/Documents/imitando yolo/yolobot/install/yolobot_recognition/share/yolobot_recognition/package.sh'
[2.127s] INFO:colcon.colcon_core.shell:Creating package script '/home/luize/Documents/imitando yolo/yolobot/install/yolobot_recognition/share/yolobot_recognition/package.bash'
[2.129s] INFO:colcon.colcon_core.shell:Creating package script '/home/luize/Documents/imitando yolo/yolobot/install/yolobot_recognition/share/yolobot_recognition/package.zsh'
[2.130s] Level 1:colcon.colcon_core.environment:create_file_with_runtime_dependencies(/home/luize/Documents/imitando yolo/yolobot/install/yolobot_recognition/share/colcon-core/packages/yolobot_recognition)
[2.188s] Level 1:colcon.colcon_core.environment:create_environment_scripts_only(yolobot_recognition)
[2.210s] Level 1:colcon.colcon_core.environment:checking '/home/luize/Documents/imitando yolo/yolobot/install/yolobot_recognition' for CMake module files
[2.211s] Level 1:colcon.colcon_core.environment:checking '/home/luize/Documents/imitando yolo/yolobot/install/yolobot_recognition' for CMake config files
[2.211s] Level 1:colcon.colcon_core.shell:create_environment_hook('yolobot_recognition', 'cmake_prefix_path')
[2.232s] INFO:colcon.colcon_core.shell:Creating environment hook '/home/luize/Documents/imitando yolo/yolobot/install/yolobot_recognition/share/yolobot_recognition/hook/cmake_prefix_path.ps1'
[2.232s] INFO:colcon.colcon_core.shell:Creating environment descriptor '/home/luize/Documents/imitando yolo/yolobot/install/yolobot_recognition/share/yolobot_recognition/hook/cmake_prefix_path.dsv'
[2.232s] INFO:colcon.colcon_core.shell:Creating environment hook '/home/luize/Documents/imitando yolo/yolobot/install/yolobot_recognition/share/yolobot_recognition/hook/cmake_prefix_path.sh'
[2.233s] Level 1:colcon.colcon_core.environment:checking '/home/luize/Documents/imitando yolo/yolobot/install/yolobot_recognition/lib'
[2.233s] Level 1:colcon.colcon_core.environment:checking '/home/luize/Documents/imitando yolo/yolobot/install/yolobot_recognition/bin'
[2.233s] Level 1:colcon.colcon_core.environment:checking '/home/luize/Documents/imitando yolo/yolobot/install/yolobot_recognition/lib/pkgconfig/yolobot_recognition.pc'
[2.233s] Level 1:colcon.colcon_core.environment:checking '/home/luize/Documents/imitando yolo/yolobot/install/yolobot_recognition/lib/python3.10/site-packages'
[2.234s] Level 1:colcon.colcon_core.environment:checking '/home/luize/Documents/imitando yolo/yolobot/install/yolobot_recognition/bin'
[2.255s] INFO:colcon.colcon_core.shell:Creating package script '/home/luize/Documents/imitando yolo/yolobot/install/yolobot_recognition/share/yolobot_recognition/package.ps1'
[2.256s] INFO:colcon.colcon_core.shell:Creating package descriptor '/home/luize/Documents/imitando yolo/yolobot/install/yolobot_recognition/share/yolobot_recognition/package.dsv'
[2.256s] INFO:colcon.colcon_core.shell:Creating package script '/home/luize/Documents/imitando yolo/yolobot/install/yolobot_recognition/share/yolobot_recognition/package.sh'
[2.257s] INFO:colcon.colcon_core.shell:Creating package script '/home/luize/Documents/imitando yolo/yolobot/install/yolobot_recognition/share/yolobot_recognition/package.bash'
[2.258s] INFO:colcon.colcon_core.shell:Creating package script '/home/luize/Documents/imitando yolo/yolobot/install/yolobot_recognition/share/yolobot_recognition/package.zsh'
[2.258s] Level 1:colcon.colcon_core.environment:create_file_with_runtime_dependencies(/home/luize/Documents/imitando yolo/yolobot/install/yolobot_recognition/share/colcon-core/packages/yolobot_recognition)
[2.485s] DEBUG:colcon.colcon_core.event_handler.log_command:Invoked command in '/home/luize/Documents/imitando yolo/yolobot/build/yolov8_msgs' returned '0': CMAKE_PREFIX_PATH=${CMAKE_PREFIX_PATH}:/opt/ros/humble /usr/bin/cmake --build /home/luize/Documents/imitando yolo/yolobot/build/yolov8_msgs -- -j8 -l8
[2.557s] DEBUG:colcon.colcon_core.event_handler.log_command:Invoking command in '/home/luize/Documents/imitando yolo/yolobot/build/yolov8_msgs': CMAKE_PREFIX_PATH=${CMAKE_PREFIX_PATH}:/opt/ros/humble /usr/bin/cmake --install /home/luize/Documents/imitando yolo/yolobot/build/yolov8_msgs
[2.621s] Level 1:colcon.colcon_core.environment:create_environment_scripts_only(yolov8_msgs)
[2.623s] DEBUG:colcon.colcon_core.event_handler.log_command:Invoked command in '/home/luize/Documents/imitando yolo/yolobot/build/yolov8_msgs' returned '0': CMAKE_PREFIX_PATH=${CMAKE_PREFIX_PATH}:/opt/ros/humble /usr/bin/cmake --install /home/luize/Documents/imitando yolo/yolobot/build/yolov8_msgs
[2.647s] Level 1:colcon.colcon_core.environment:checking '/home/luize/Documents/imitando yolo/yolobot/install/yolov8_msgs' for CMake module files
[2.648s] Level 1:colcon.colcon_core.environment:checking '/home/luize/Documents/imitando yolo/yolobot/install/yolov8_msgs' for CMake config files
[2.649s] Level 1:colcon.colcon_core.shell:create_environment_hook('yolov8_msgs', 'cmake_prefix_path')
[2.669s] INFO:colcon.colcon_core.shell:Creating environment hook '/home/luize/Documents/imitando yolo/yolobot/install/yolov8_msgs/share/yolov8_msgs/hook/cmake_prefix_path.ps1'
[2.669s] INFO:colcon.colcon_core.shell:Creating environment descriptor '/home/luize/Documents/imitando yolo/yolobot/install/yolov8_msgs/share/yolov8_msgs/hook/cmake_prefix_path.dsv'
[2.670s] INFO:colcon.colcon_core.shell:Creating environment hook '/home/luize/Documents/imitando yolo/yolobot/install/yolov8_msgs/share/yolov8_msgs/hook/cmake_prefix_path.sh'
[2.670s] Level 1:colcon.colcon_core.environment:checking '/home/luize/Documents/imitando yolo/yolobot/install/yolov8_msgs/lib'
[2.670s] Level 1:colcon.colcon_core.shell:create_environment_hook('yolov8_msgs', 'ld_library_path_lib')
[2.691s] INFO:colcon.colcon_core.shell:Creating environment hook '/home/luize/Documents/imitando yolo/yolobot/install/yolov8_msgs/share/yolov8_msgs/hook/ld_library_path_lib.ps1'
[2.691s] INFO:colcon.colcon_core.shell:Creating environment descriptor '/home/luize/Documents/imitando yolo/yolobot/install/yolov8_msgs/share/yolov8_msgs/hook/ld_library_path_lib.dsv'
[2.692s] INFO:colcon.colcon_core.shell:Creating environment hook '/home/luize/Documents/imitando yolo/yolobot/install/yolov8_msgs/share/yolov8_msgs/hook/ld_library_path_lib.sh'
[2.692s] Level 1:colcon.colcon_core.environment:checking '/home/luize/Documents/imitando yolo/yolobot/install/yolov8_msgs/bin'
[2.692s] Level 1:colcon.colcon_core.environment:checking '/home/luize/Documents/imitando yolo/yolobot/install/yolov8_msgs/lib/pkgconfig/yolov8_msgs.pc'
[2.693s] Level 1:colcon.colcon_core.environment:checking '/home/luize/Documents/imitando yolo/yolobot/install/yolov8_msgs/lib/python3.10/site-packages'
[2.693s] Level 1:colcon.colcon_core.environment:checking '/home/luize/Documents/imitando yolo/yolobot/install/yolov8_msgs/bin'
[2.715s] INFO:colcon.colcon_core.shell:Creating package script '/home/luize/Documents/imitando yolo/yolobot/install/yolov8_msgs/share/yolov8_msgs/package.ps1'
[2.715s] INFO:colcon.colcon_core.shell:Creating package descriptor '/home/luize/Documents/imitando yolo/yolobot/install/yolov8_msgs/share/yolov8_msgs/package.dsv'
[2.716s] INFO:colcon.colcon_core.shell:Creating package script '/home/luize/Documents/imitando yolo/yolobot/install/yolov8_msgs/share/yolov8_msgs/package.sh'
[2.716s] INFO:colcon.colcon_core.shell:Creating package script '/home/luize/Documents/imitando yolo/yolobot/install/yolov8_msgs/share/yolov8_msgs/package.bash'
[2.716s] INFO:colcon.colcon_core.shell:Creating package script '/home/luize/Documents/imitando yolo/yolobot/install/yolov8_msgs/share/yolov8_msgs/package.zsh'
[2.716s] Level 1:colcon.colcon_core.environment:create_file_with_runtime_dependencies(/home/luize/Documents/imitando yolo/yolobot/install/yolov8_msgs/share/colcon-core/packages/yolov8_msgs)
[2.807s] Level 1:colcon.colcon_core.environment:create_environment_scripts_only(yolov8_msgs)
[2.828s] Level 1:colcon.colcon_core.environment:checking '/home/luize/Documents/imitando yolo/yolobot/install/yolov8_msgs' for CMake module files
[2.829s] Level 1:colcon.colcon_core.environment:checking '/home/luize/Documents/imitando yolo/yolobot/install/yolov8_msgs' for CMake config files
[2.830s] Level 1:colcon.colcon_core.shell:create_environment_hook('yolov8_msgs', 'cmake_prefix_path')
[2.853s] INFO:colcon.colcon_core.shell:Creating environment hook '/home/luize/Documents/imitando yolo/yolobot/install/yolov8_msgs/share/yolov8_msgs/hook/cmake_prefix_path.ps1'
[2.854s] INFO:colcon.colcon_core.shell:Creating environment descriptor '/home/luize/Documents/imitando yolo/yolobot/install/yolov8_msgs/share/yolov8_msgs/hook/cmake_prefix_path.dsv'
[2.854s] INFO:colcon.colcon_core.shell:Creating environment hook '/home/luize/Documents/imitando yolo/yolobot/install/yolov8_msgs/share/yolov8_msgs/hook/cmake_prefix_path.sh'
[2.855s] Level 1:colcon.colcon_core.environment:checking '/home/luize/Documents/imitando yolo/yolobot/install/yolov8_msgs/lib'
[2.855s] Level 1:colcon.colcon_core.shell:create_environment_hook('yolov8_msgs', 'ld_library_path_lib')
[2.875s] INFO:colcon.colcon_core.shell:Creating environment hook '/home/luize/Documents/imitando yolo/yolobot/install/yolov8_msgs/share/yolov8_msgs/hook/ld_library_path_lib.ps1'
[2.879s] INFO:colcon.colcon_core.shell:Creating environment descriptor '/home/luize/Documents/imitando yolo/yolobot/install/yolov8_msgs/share/yolov8_msgs/hook/ld_library_path_lib.dsv'
[2.879s] INFO:colcon.colcon_core.shell:Creating environment hook '/home/luize/Documents/imitando yolo/yolobot/install/yolov8_msgs/share/yolov8_msgs/hook/ld_library_path_lib.sh'
[2.880s] Level 1:colcon.colcon_core.environment:checking '/home/luize/Documents/imitando yolo/yolobot/install/yolov8_msgs/bin'
[2.880s] Level 1:colcon.colcon_core.environment:checking '/home/luize/Documents/imitando yolo/yolobot/install/yolov8_msgs/lib/pkgconfig/yolov8_msgs.pc'
[2.880s] Level 1:colcon.colcon_core.environment:checking '/home/luize/Documents/imitando yolo/yolobot/install/yolov8_msgs/lib/python3.10/site-packages'
[2.880s] Level 1:colcon.colcon_core.environment:checking '/home/luize/Documents/imitando yolo/yolobot/install/yolov8_msgs/bin'
[2.901s] INFO:colcon.colcon_core.shell:Creating package script '/home/luize/Documents/imitando yolo/yolobot/install/yolov8_msgs/share/yolov8_msgs/package.ps1'
[2.902s] INFO:colcon.colcon_core.shell:Creating package descriptor '/home/luize/Documents/imitando yolo/yolobot/install/yolov8_msgs/share/yolov8_msgs/package.dsv'
[2.902s] INFO:colcon.colcon_core.shell:Creating package script '/home/luize/Documents/imitando yolo/yolobot/install/yolov8_msgs/share/yolov8_msgs/package.sh'
[2.903s] INFO:colcon.colcon_core.shell:Creating package script '/home/luize/Documents/imitando yolo/yolobot/install/yolov8_msgs/share/yolov8_msgs/package.bash'
[2.903s] INFO:colcon.colcon_core.shell:Creating package script '/home/luize/Documents/imitando yolo/yolobot/install/yolov8_msgs/share/yolov8_msgs/package.zsh'
[2.903s] Level 1:colcon.colcon_core.environment:create_file_with_runtime_dependencies(/home/luize/Documents/imitando yolo/yolobot/install/yolov8_msgs/share/colcon-core/packages/yolov8_msgs)
[2.904s] DEBUG:colcon.colcon_parallel_executor.executor.parallel:closing loop
[2.904s] DEBUG:colcon.colcon_parallel_executor.executor.parallel:loop closed
[2.904s] DEBUG:colcon.colcon_parallel_executor.executor.parallel:run_until_complete finished with '0'
[2.904s] DEBUG:colcon.colcon_core.event_reactor:joining thread
[2.932s] INFO:colcon.colcon_core.plugin_system:Skipping extension 'colcon_notification.desktop_notification.terminal_notifier': Not used on non-Darwin systems
[2.932s] INFO:colcon.colcon_core.plugin_system:Skipping extension 'colcon_notification.desktop_notification.win32': Not used on non-Windows systems
[2.933s] INFO:colcon.colcon_notification.desktop_notification:Sending desktop notification using 'notify2'
[2.936s] DEBUG:colcon.colcon_core.event_reactor:joined thread
[2.961s] INFO:colcon.colcon_core.shell:Creating prefix script '/home/luize/Documents/imitando yolo/yolobot/install/local_setup.ps1'
[2.962s] INFO:colcon.colcon_core.shell:Creating prefix util module '/home/luize/Documents/imitando yolo/yolobot/install/_local_setup_util_ps1.py'
[2.965s] INFO:colcon.colcon_core.shell:Creating prefix chain script '/home/luize/Documents/imitando yolo/yolobot/install/setup.ps1'
[2.988s] INFO:colcon.colcon_core.shell:Creating prefix script '/home/luize/Documents/imitando yolo/yolobot/install/local_setup.sh'
[2.989s] INFO:colcon.colcon_core.shell:Creating prefix util module '/home/luize/Documents/imitando yolo/yolobot/install/_local_setup_util_sh.py'
[2.990s] INFO:colcon.colcon_core.shell:Creating prefix chain script '/home/luize/Documents/imitando yolo/yolobot/install/setup.sh'
[3.015s] INFO:colcon.colcon_core.shell:Creating prefix script '/home/luize/Documents/imitando yolo/yolobot/install/local_setup.bash'
[3.015s] INFO:colcon.colcon_core.shell:Creating prefix chain script '/home/luize/Documents/imitando yolo/yolobot/install/setup.bash'
[3.037s] INFO:colcon.colcon_core.shell:Creating prefix script '/home/luize/Documents/imitando yolo/yolobot/install/local_setup.zsh'
[3.037s] INFO:colcon.colcon_core.shell:Creating prefix chain script '/home/luize/Documents/imitando yolo/yolobot/install/setup.zsh'
