[35m[1mConsolidate compiler generated dependencies of target yolov8_msgs__rosidl_generator_c[0m
[  2%] Built target yolov8_msgs__cpp
[ 12%] Built target yolov8_msgs__rosidl_generator_c
[35m[1mConsolidate compiler generated dependencies of target yolov8_msgs__rosidl_typesupport_fastrtps_cpp[0m
[35m[1mConsolidate compiler generated dependencies of target yolov8_msgs__rosidl_typesupport_cpp[0m
[ 12%] Built target ament_cmake_python_copy_yolov8_msgs
[35m[1mConsolidate compiler generated dependencies of target yolov8_msgs__rosidl_typesupport_introspection_cpp[0m
[35m[1mConsolidate compiler generated dependencies of target yolov8_msgs__rosidl_typesupport_fastrtps_c[0m
[35m[1mConsolidate compiler generated dependencies of target yolov8_msgs__rosidl_typesupport_c[0m
[35m[1mConsolidate compiler generated dependencies of target yolov8_msgs__rosidl_typesupport_introspection_c[0m
[ 23%] Built target yolov8_msgs__rosidl_typesupport_cpp
[ 41%] Built target yolov8_msgs__rosidl_typesupport_fastrtps_c
[ 43%] Built target yolov8_msgs__rosidl_typesupport_c
[ 64%] Built target yolov8_msgs__rosidl_typesupport_introspection_cpp
[ 64%] Built target yolov8_msgs__rosidl_typesupport_introspection_c
[ 74%] Built target yolov8_msgs__rosidl_typesupport_fastrtps_cpp
[ 74%] Built target yolov8_msgs
[ 76%] Built target yolov8_msgs__py
[35m[1mConsolidate compiler generated dependencies of target yolov8_msgs__rosidl_generator_py[0m
[ 84%] Built target yolov8_msgs__rosidl_generator_py
[35m[1mConsolidate compiler generated dependencies of target yolov8_msgs__rosidl_typesupport_fastrtps_c__pyext[0m
[35m[1mConsolidate compiler generated dependencies of target yolov8_msgs__rosidl_typesupport_c__pyext[0m
[35m[1mConsolidate compiler generated dependencies of target yolov8_msgs__rosidl_typesupport_introspection_c__pyext[0m
[100%] Built target yolov8_msgs__rosidl_typesupport_introspection_c__pyext
[100%] Built target yolov8_msgs__rosidl_typesupport_c__pyext
[100%] Built target yolov8_msgs__rosidl_typesupport_fastrtps_c__pyext
running egg_info
writing yolov8_msgs.egg-info/PKG-INFO
writing dependency_links to yolov8_msgs.egg-info/dependency_links.txt
writing top-level names to yolov8_msgs.egg-info/top_level.txt
reading manifest file 'yolov8_msgs.egg-info/SOURCES.txt'
writing manifest file 'yolov8_msgs.egg-info/SOURCES.txt'
[100%] Built target ament_cmake_python_build_yolov8_msgs_egg
-- Install configuration: ""
-- Installing: /home/luize/Documents/imitando yolo/yolobot/install/yolov8_msgs/share/ament_index/resource_index/rosidl_interfaces/yolov8_msgs
-- Installing: /home/luize/Documents/imitando yolo/yolobot/install/yolov8_msgs/include/yolov8_msgs/yolov8_msgs
-- Installing: /home/luize/Documents/imitando yolo/yolobot/install/yolov8_msgs/include/yolov8_msgs/yolov8_msgs/msg
-- Installing: /home/luize/Documents/imitando yolo/yolobot/install/yolov8_msgs/include/yolov8_msgs/yolov8_msgs/msg/yolov8_inference.h
-- Installing: /home/luize/Documents/imitando yolo/yolobot/install/yolov8_msgs/include/yolov8_msgs/yolov8_msgs/msg/rosidl_generator_c__visibility_control.h
-- Installing: /home/luize/Documents/imitando yolo/yolobot/install/yolov8_msgs/include/yolov8_msgs/yolov8_msgs/msg/inference_result.h
-- Installing: /home/luize/Documents/imitando yolo/yolobot/install/yolov8_msgs/include/yolov8_msgs/yolov8_msgs/msg/detail
-- Installing: /home/luize/Documents/imitando yolo/yolobot/install/yolov8_msgs/include/yolov8_msgs/yolov8_msgs/msg/detail/inference_result__type_support.h
-- Installing: /home/luize/Documents/imitando yolo/yolobot/install/yolov8_msgs/include/yolov8_msgs/yolov8_msgs/msg/detail/yolov8_inference__functions.h
-- Installing: /home/luize/Documents/imitando yolo/yolobot/install/yolov8_msgs/include/yolov8_msgs/yolov8_msgs/msg/detail/inference_result__functions.c
-- Installing: /home/luize/Documents/imitando yolo/yolobot/install/yolov8_msgs/include/yolov8_msgs/yolov8_msgs/msg/detail/yolov8_inference__struct.h
-- Installing: /home/luize/Documents/imitando yolo/yolobot/install/yolov8_msgs/include/yolov8_msgs/yolov8_msgs/msg/detail/yolov8_inference__functions.c
-- Installing: /home/luize/Documents/imitando yolo/yolobot/install/yolov8_msgs/include/yolov8_msgs/yolov8_msgs/msg/detail/inference_result__functions.h
-- Installing: /home/luize/Documents/imitando yolo/yolobot/install/yolov8_msgs/include/yolov8_msgs/yolov8_msgs/msg/detail/inference_result__struct.h
-- Installing: /home/luize/Documents/imitando yolo/yolobot/install/yolov8_msgs/include/yolov8_msgs/yolov8_msgs/msg/detail/yolov8_inference__type_support.h
-- Installing: /home/luize/Documents/imitando yolo/yolobot/install/yolov8_msgs/share/yolov8_msgs/environment/library_path.sh
-- Installing: /home/luize/Documents/imitando yolo/yolobot/install/yolov8_msgs/share/yolov8_msgs/environment/library_path.dsv
-- Installing: /home/luize/Documents/imitando yolo/yolobot/install/yolov8_msgs/lib/libyolov8_msgs__rosidl_generator_c.so
-- Set runtime path of "/home/luize/Documents/imitando yolo/yolobot/install/yolov8_msgs/lib/libyolov8_msgs__rosidl_generator_c.so" to ""
-- Up-to-date: /home/luize/Documents/imitando yolo/yolobot/install/yolov8_msgs/include/yolov8_msgs/yolov8_msgs
-- Up-to-date: /home/luize/Documents/imitando yolo/yolobot/install/yolov8_msgs/include/yolov8_msgs/yolov8_msgs/msg
-- Installing: /home/luize/Documents/imitando yolo/yolobot/install/yolov8_msgs/include/yolov8_msgs/yolov8_msgs/msg/rosidl_typesupport_fastrtps_c__visibility_control.h
-- Up-to-date: /home/luize/Documents/imitando yolo/yolobot/install/yolov8_msgs/include/yolov8_msgs/yolov8_msgs/msg/detail
-- Installing: /home/luize/Documents/imitando yolo/yolobot/install/yolov8_msgs/include/yolov8_msgs/yolov8_msgs/msg/detail/inference_result__rosidl_typesupport_fastrtps_c.h
-- Installing: /home/luize/Documents/imitando yolo/yolobot/install/yolov8_msgs/include/yolov8_msgs/yolov8_msgs/msg/detail/yolov8_inference__rosidl_typesupport_fastrtps_c.h
-- Installing: /home/luize/Documents/imitando yolo/yolobot/install/yolov8_msgs/lib/libyolov8_msgs__rosidl_typesupport_fastrtps_c.so
-- Set runtime path of "/home/luize/Documents/imitando yolo/yolobot/install/yolov8_msgs/lib/libyolov8_msgs__rosidl_typesupport_fastrtps_c.so" to ""
-- Up-to-date: /home/luize/Documents/imitando yolo/yolobot/install/yolov8_msgs/include/yolov8_msgs/yolov8_msgs
-- Up-to-date: /home/luize/Documents/imitando yolo/yolobot/install/yolov8_msgs/include/yolov8_msgs/yolov8_msgs/msg
-- Installing: /home/luize/Documents/imitando yolo/yolobot/install/yolov8_msgs/include/yolov8_msgs/yolov8_msgs/msg/yolov8_inference.hpp
-- Up-to-date: /home/luize/Documents/imitando yolo/yolobot/install/yolov8_msgs/include/yolov8_msgs/yolov8_msgs/msg/detail
-- Installing: /home/luize/Documents/imitando yolo/yolobot/install/yolov8_msgs/include/yolov8_msgs/yolov8_msgs/msg/detail/inference_result__traits.hpp
-- Installing: /home/luize/Documents/imitando yolo/yolobot/install/yolov8_msgs/include/yolov8_msgs/yolov8_msgs/msg/detail/inference_result__struct.hpp
-- Installing: /home/luize/Documents/imitando yolo/yolobot/install/yolov8_msgs/include/yolov8_msgs/yolov8_msgs/msg/detail/yolov8_inference__struct.hpp
-- Installing: /home/luize/Documents/imitando yolo/yolobot/install/yolov8_msgs/include/yolov8_msgs/yolov8_msgs/msg/detail/inference_result__builder.hpp
-- Installing: /home/luize/Documents/imitando yolo/yolobot/install/yolov8_msgs/include/yolov8_msgs/yolov8_msgs/msg/detail/yolov8_inference__traits.hpp
-- Installing: /home/luize/Documents/imitando yolo/yolobot/install/yolov8_msgs/include/yolov8_msgs/yolov8_msgs/msg/detail/yolov8_inference__builder.hpp
-- Installing: /home/luize/Documents/imitando yolo/yolobot/install/yolov8_msgs/include/yolov8_msgs/yolov8_msgs/msg/inference_result.hpp
-- Up-to-date: /home/luize/Documents/imitando yolo/yolobot/install/yolov8_msgs/include/yolov8_msgs/yolov8_msgs
-- Up-to-date: /home/luize/Documents/imitando yolo/yolobot/install/yolov8_msgs/include/yolov8_msgs/yolov8_msgs/msg
-- Installing: /home/luize/Documents/imitando yolo/yolobot/install/yolov8_msgs/include/yolov8_msgs/yolov8_msgs/msg/rosidl_typesupport_fastrtps_cpp__visibility_control.h
-- Up-to-date: /home/luize/Documents/imitando yolo/yolobot/install/yolov8_msgs/include/yolov8_msgs/yolov8_msgs/msg/detail
-- Installing: /home/luize/Documents/imitando yolo/yolobot/install/yolov8_msgs/include/yolov8_msgs/yolov8_msgs/msg/detail/dds_fastrtps
-- Installing: /home/luize/Documents/imitando yolo/yolobot/install/yolov8_msgs/include/yolov8_msgs/yolov8_msgs/msg/detail/inference_result__rosidl_typesupport_fastrtps_cpp.hpp
-- Installing: /home/luize/Documents/imitando yolo/yolobot/install/yolov8_msgs/include/yolov8_msgs/yolov8_msgs/msg/detail/yolov8_inference__rosidl_typesupport_fastrtps_cpp.hpp
-- Installing: /home/luize/Documents/imitando yolo/yolobot/install/yolov8_msgs/lib/libyolov8_msgs__rosidl_typesupport_fastrtps_cpp.so
-- Set runtime path of "/home/luize/Documents/imitando yolo/yolobot/install/yolov8_msgs/lib/libyolov8_msgs__rosidl_typesupport_fastrtps_cpp.so" to ""
-- Up-to-date: /home/luize/Documents/imitando yolo/yolobot/install/yolov8_msgs/include/yolov8_msgs/yolov8_msgs
-- Up-to-date: /home/luize/Documents/imitando yolo/yolobot/install/yolov8_msgs/include/yolov8_msgs/yolov8_msgs/msg
-- Installing: /home/luize/Documents/imitando yolo/yolobot/install/yolov8_msgs/include/yolov8_msgs/yolov8_msgs/msg/rosidl_typesupport_introspection_c__visibility_control.h
-- Up-to-date: /home/luize/Documents/imitando yolo/yolobot/install/yolov8_msgs/include/yolov8_msgs/yolov8_msgs/msg/detail
-- Installing: /home/luize/Documents/imitando yolo/yolobot/install/yolov8_msgs/include/yolov8_msgs/yolov8_msgs/msg/detail/inference_result__type_support.c
-- Installing: /home/luize/Documents/imitando yolo/yolobot/install/yolov8_msgs/include/yolov8_msgs/yolov8_msgs/msg/detail/yolov8_inference__type_support.c
-- Installing: /home/luize/Documents/imitando yolo/yolobot/install/yolov8_msgs/include/yolov8_msgs/yolov8_msgs/msg/detail/inference_result__rosidl_typesupport_introspection_c.h
-- Installing: /home/luize/Documents/imitando yolo/yolobot/install/yolov8_msgs/include/yolov8_msgs/yolov8_msgs/msg/detail/yolov8_inference__rosidl_typesupport_introspection_c.h
-- Installing: /home/luize/Documents/imitando yolo/yolobot/install/yolov8_msgs/lib/libyolov8_msgs__rosidl_typesupport_introspection_c.so
-- Set runtime path of "/home/luize/Documents/imitando yolo/yolobot/install/yolov8_msgs/lib/libyolov8_msgs__rosidl_typesupport_introspection_c.so" to ""
-- Installing: /home/luize/Documents/imitando yolo/yolobot/install/yolov8_msgs/lib/libyolov8_msgs__rosidl_typesupport_c.so
-- Set runtime path of "/home/luize/Documents/imitando yolo/yolobot/install/yolov8_msgs/lib/libyolov8_msgs__rosidl_typesupport_c.so" to ""
-- Up-to-date: /home/luize/Documents/imitando yolo/yolobot/install/yolov8_msgs/include/yolov8_msgs/yolov8_msgs
-- Up-to-date: /home/luize/Documents/imitando yolo/yolobot/install/yolov8_msgs/include/yolov8_msgs/yolov8_msgs/msg
-- Up-to-date: /home/luize/Documents/imitando yolo/yolobot/install/yolov8_msgs/include/yolov8_msgs/yolov8_msgs/msg/detail
-- Installing: /home/luize/Documents/imitando yolo/yolobot/install/yolov8_msgs/include/yolov8_msgs/yolov8_msgs/msg/detail/inference_result__type_support.cpp
-- Installing: /home/luize/Documents/imitando yolo/yolobot/install/yolov8_msgs/include/yolov8_msgs/yolov8_msgs/msg/detail/yolov8_inference__type_support.cpp
-- Installing: /home/luize/Documents/imitando yolo/yolobot/install/yolov8_msgs/include/yolov8_msgs/yolov8_msgs/msg/detail/yolov8_inference__rosidl_typesupport_introspection_cpp.hpp
-- Installing: /home/luize/Documents/imitando yolo/yolobot/install/yolov8_msgs/include/yolov8_msgs/yolov8_msgs/msg/detail/inference_result__rosidl_typesupport_introspection_cpp.hpp
-- Installing: /home/luize/Documents/imitando yolo/yolobot/install/yolov8_msgs/lib/libyolov8_msgs__rosidl_typesupport_introspection_cpp.so
-- Set runtime path of "/home/luize/Documents/imitando yolo/yolobot/install/yolov8_msgs/lib/libyolov8_msgs__rosidl_typesupport_introspection_cpp.so" to ""
-- Installing: /home/luize/Documents/imitando yolo/yolobot/install/yolov8_msgs/lib/libyolov8_msgs__rosidl_typesupport_cpp.so
-- Set runtime path of "/home/luize/Documents/imitando yolo/yolobot/install/yolov8_msgs/lib/libyolov8_msgs__rosidl_typesupport_cpp.so" to ""
-- Installing: /home/luize/Documents/imitando yolo/yolobot/install/yolov8_msgs/share/yolov8_msgs/environment/pythonpath.sh
-- Installing: /home/luize/Documents/imitando yolo/yolobot/install/yolov8_msgs/share/yolov8_msgs/environment/pythonpath.dsv
-- Installing: /home/luize/Documents/imitando yolo/yolobot/install/yolov8_msgs/local/lib/python3.10/dist-packages/yolov8_msgs-0.0.0-py3.10.egg-info
-- Installing: /home/luize/Documents/imitando yolo/yolobot/install/yolov8_msgs/local/lib/python3.10/dist-packages/yolov8_msgs-0.0.0-py3.10.egg-info/PKG-INFO
-- Installing: /home/luize/Documents/imitando yolo/yolobot/install/yolov8_msgs/local/lib/python3.10/dist-packages/yolov8_msgs-0.0.0-py3.10.egg-info/SOURCES.txt
-- Installing: /home/luize/Documents/imitando yolo/yolobot/install/yolov8_msgs/local/lib/python3.10/dist-packages/yolov8_msgs-0.0.0-py3.10.egg-info/dependency_links.txt
-- Installing: /home/luize/Documents/imitando yolo/yolobot/install/yolov8_msgs/local/lib/python3.10/dist-packages/yolov8_msgs-0.0.0-py3.10.egg-info/top_level.txt
-- Installing: /home/luize/Documents/imitando yolo/yolobot/install/yolov8_msgs/local/lib/python3.10/dist-packages/yolov8_msgs
-- Installing: /home/luize/Documents/imitando yolo/yolobot/install/yolov8_msgs/local/lib/python3.10/dist-packages/yolov8_msgs/_yolov8_msgs_s.ep.rosidl_typesupport_introspection_c.c
-- Installing: /home/luize/Documents/imitando yolo/yolobot/install/yolov8_msgs/local/lib/python3.10/dist-packages/yolov8_msgs/yolov8_msgs_s__rosidl_typesupport_introspection_c.cpython-310-x86_64-linux-gnu.so
-- Installing: /home/luize/Documents/imitando yolo/yolobot/install/yolov8_msgs/local/lib/python3.10/dist-packages/yolov8_msgs/yolov8_msgs_s__rosidl_typesupport_fastrtps_c.cpython-310-x86_64-linux-gnu.so
-- Installing: /home/luize/Documents/imitando yolo/yolobot/install/yolov8_msgs/local/lib/python3.10/dist-packages/yolov8_msgs/libyolov8_msgs__rosidl_generator_py.so
-- Installing: /home/luize/Documents/imitando yolo/yolobot/install/yolov8_msgs/local/lib/python3.10/dist-packages/yolov8_msgs/msg
-- Installing: /home/luize/Documents/imitando yolo/yolobot/install/yolov8_msgs/local/lib/python3.10/dist-packages/yolov8_msgs/msg/_inference_result.py
-- Installing: /home/luize/Documents/imitando yolo/yolobot/install/yolov8_msgs/local/lib/python3.10/dist-packages/yolov8_msgs/msg/_inference_result_s.c
-- Installing: /home/luize/Documents/imitando yolo/yolobot/install/yolov8_msgs/local/lib/python3.10/dist-packages/yolov8_msgs/msg/_yolov8_inference.py
-- Installing: /home/luize/Documents/imitando yolo/yolobot/install/yolov8_msgs/local/lib/python3.10/dist-packages/yolov8_msgs/msg/__init__.py
-- Installing: /home/luize/Documents/imitando yolo/yolobot/install/yolov8_msgs/local/lib/python3.10/dist-packages/yolov8_msgs/msg/_yolov8_inference_s.c
-- Installing: /home/luize/Documents/imitando yolo/yolobot/install/yolov8_msgs/local/lib/python3.10/dist-packages/yolov8_msgs/_yolov8_msgs_s.ep.rosidl_typesupport_fastrtps_c.c
-- Installing: /home/luize/Documents/imitando yolo/yolobot/install/yolov8_msgs/local/lib/python3.10/dist-packages/yolov8_msgs/_yolov8_msgs_s.ep.rosidl_typesupport_c.c
-- Installing: /home/luize/Documents/imitando yolo/yolobot/install/yolov8_msgs/local/lib/python3.10/dist-packages/yolov8_msgs/__init__.py
-- Installing: /home/luize/Documents/imitando yolo/yolobot/install/yolov8_msgs/local/lib/python3.10/dist-packages/yolov8_msgs/yolov8_msgs_s__rosidl_typesupport_c.cpython-310-x86_64-linux-gnu.so
Listing '/home/luize/Documents/imitando yolo/yolobot/install/yolov8_msgs/local/lib/python3.10/dist-packages/yolov8_msgs'...
Compiling '/home/luize/Documents/imitando yolo/yolobot/install/yolov8_msgs/local/lib/python3.10/dist-packages/yolov8_msgs/__init__.py'...
Listing '/home/luize/Documents/imitando yolo/yolobot/install/yolov8_msgs/local/lib/python3.10/dist-packages/yolov8_msgs/msg'...
Compiling '/home/luize/Documents/imitando yolo/yolobot/install/yolov8_msgs/local/lib/python3.10/dist-packages/yolov8_msgs/msg/__init__.py'...
Compiling '/home/luize/Documents/imitando yolo/yolobot/install/yolov8_msgs/local/lib/python3.10/dist-packages/yolov8_msgs/msg/_inference_result.py'...
Compiling '/home/luize/Documents/imitando yolo/yolobot/install/yolov8_msgs/local/lib/python3.10/dist-packages/yolov8_msgs/msg/_yolov8_inference.py'...
-- Installing: /home/luize/Documents/imitando yolo/yolobot/install/yolov8_msgs/local/lib/python3.10/dist-packages/yolov8_msgs/yolov8_msgs_s__rosidl_typesupport_fastrtps_c.cpython-310-x86_64-linux-gnu.so
-- Set runtime path of "/home/luize/Documents/imitando yolo/yolobot/install/yolov8_msgs/local/lib/python3.10/dist-packages/yolov8_msgs/yolov8_msgs_s__rosidl_typesupport_fastrtps_c.cpython-310-x86_64-linux-gnu.so" to ""
-- Installing: /home/luize/Documents/imitando yolo/yolobot/install/yolov8_msgs/local/lib/python3.10/dist-packages/yolov8_msgs/yolov8_msgs_s__rosidl_typesupport_introspection_c.cpython-310-x86_64-linux-gnu.so
-- Set runtime path of "/home/luize/Documents/imitando yolo/yolobot/install/yolov8_msgs/local/lib/python3.10/dist-packages/yolov8_msgs/yolov8_msgs_s__rosidl_typesupport_introspection_c.cpython-310-x86_64-linux-gnu.so" to ""
-- Installing: /home/luize/Documents/imitando yolo/yolobot/install/yolov8_msgs/local/lib/python3.10/dist-packages/yolov8_msgs/yolov8_msgs_s__rosidl_typesupport_c.cpython-310-x86_64-linux-gnu.so
-- Set runtime path of "/home/luize/Documents/imitando yolo/yolobot/install/yolov8_msgs/local/lib/python3.10/dist-packages/yolov8_msgs/yolov8_msgs_s__rosidl_typesupport_c.cpython-310-x86_64-linux-gnu.so" to ""
-- Installing: /home/luize/Documents/imitando yolo/yolobot/install/yolov8_msgs/lib/libyolov8_msgs__rosidl_generator_py.so
-- Set runtime path of "/home/luize/Documents/imitando yolo/yolobot/install/yolov8_msgs/lib/libyolov8_msgs__rosidl_generator_py.so" to ""
-- Installing: /home/luize/Documents/imitando yolo/yolobot/install/yolov8_msgs/share/yolov8_msgs/msg/InferenceResult.idl
-- Installing: /home/luize/Documents/imitando yolo/yolobot/install/yolov8_msgs/share/yolov8_msgs/msg/Yolov8Inference.idl
-- Installing: /home/luize/Documents/imitando yolo/yolobot/install/yolov8_msgs/share/yolov8_msgs/msg/InferenceResult.msg
-- Installing: /home/luize/Documents/imitando yolo/yolobot/install/yolov8_msgs/share/yolov8_msgs/msg/Yolov8Inference.msg
-- Installing: /home/luize/Documents/imitando yolo/yolobot/install/yolov8_msgs/share/ament_index/resource_index/package_run_dependencies/yolov8_msgs
-- Installing: /home/luize/Documents/imitando yolo/yolobot/install/yolov8_msgs/share/ament_index/resource_index/parent_prefix_path/yolov8_msgs
-- Installing: /home/luize/Documents/imitando yolo/yolobot/install/yolov8_msgs/share/yolov8_msgs/environment/ament_prefix_path.sh
-- Installing: /home/luize/Documents/imitando yolo/yolobot/install/yolov8_msgs/share/yolov8_msgs/environment/ament_prefix_path.dsv
-- Installing: /home/luize/Documents/imitando yolo/yolobot/install/yolov8_msgs/share/yolov8_msgs/environment/path.sh
-- Installing: /home/luize/Documents/imitando yolo/yolobot/install/yolov8_msgs/share/yolov8_msgs/environment/path.dsv
-- Installing: /home/luize/Documents/imitando yolo/yolobot/install/yolov8_msgs/share/yolov8_msgs/local_setup.bash
-- Installing: /home/luize/Documents/imitando yolo/yolobot/install/yolov8_msgs/share/yolov8_msgs/local_setup.sh
-- Installing: /home/luize/Documents/imitando yolo/yolobot/install/yolov8_msgs/share/yolov8_msgs/local_setup.zsh
-- Installing: /home/luize/Documents/imitando yolo/yolobot/install/yolov8_msgs/share/yolov8_msgs/local_setup.dsv
-- Installing: /home/luize/Documents/imitando yolo/yolobot/install/yolov8_msgs/share/yolov8_msgs/package.dsv
-- Installing: /home/luize/Documents/imitando yolo/yolobot/install/yolov8_msgs/share/ament_index/resource_index/packages/yolov8_msgs
-- Installing: /home/luize/Documents/imitando yolo/yolobot/install/yolov8_msgs/share/yolov8_msgs/cmake/export_yolov8_msgs__rosidl_generator_cExport.cmake
-- Installing: /home/luize/Documents/imitando yolo/yolobot/install/yolov8_msgs/share/yolov8_msgs/cmake/export_yolov8_msgs__rosidl_generator_cExport-noconfig.cmake
-- Installing: /home/luize/Documents/imitando yolo/yolobot/install/yolov8_msgs/share/yolov8_msgs/cmake/export_yolov8_msgs__rosidl_typesupport_fastrtps_cExport.cmake
-- Installing: /home/luize/Documents/imitando yolo/yolobot/install/yolov8_msgs/share/yolov8_msgs/cmake/export_yolov8_msgs__rosidl_typesupport_fastrtps_cExport-noconfig.cmake
-- Installing: /home/luize/Documents/imitando yolo/yolobot/install/yolov8_msgs/share/yolov8_msgs/cmake/export_yolov8_msgs__rosidl_generator_cppExport.cmake
-- Installing: /home/luize/Documents/imitando yolo/yolobot/install/yolov8_msgs/share/yolov8_msgs/cmake/export_yolov8_msgs__rosidl_typesupport_fastrtps_cppExport.cmake
-- Installing: /home/luize/Documents/imitando yolo/yolobot/install/yolov8_msgs/share/yolov8_msgs/cmake/export_yolov8_msgs__rosidl_typesupport_fastrtps_cppExport-noconfig.cmake
-- Installing: /home/luize/Documents/imitando yolo/yolobot/install/yolov8_msgs/share/yolov8_msgs/cmake/yolov8_msgs__rosidl_typesupport_introspection_cExport.cmake
-- Installing: /home/luize/Documents/imitando yolo/yolobot/install/yolov8_msgs/share/yolov8_msgs/cmake/yolov8_msgs__rosidl_typesupport_introspection_cExport-noconfig.cmake
-- Installing: /home/luize/Documents/imitando yolo/yolobot/install/yolov8_msgs/share/yolov8_msgs/cmake/yolov8_msgs__rosidl_typesupport_cExport.cmake
-- Installing: /home/luize/Documents/imitando yolo/yolobot/install/yolov8_msgs/share/yolov8_msgs/cmake/yolov8_msgs__rosidl_typesupport_cExport-noconfig.cmake
-- Installing: /home/luize/Documents/imitando yolo/yolobot/install/yolov8_msgs/share/yolov8_msgs/cmake/yolov8_msgs__rosidl_typesupport_introspection_cppExport.cmake
-- Installing: /home/luize/Documents/imitando yolo/yolobot/install/yolov8_msgs/share/yolov8_msgs/cmake/yolov8_msgs__rosidl_typesupport_introspection_cppExport-noconfig.cmake
-- Installing: /home/luize/Documents/imitando yolo/yolobot/install/yolov8_msgs/share/yolov8_msgs/cmake/yolov8_msgs__rosidl_typesupport_cppExport.cmake
-- Installing: /home/luize/Documents/imitando yolo/yolobot/install/yolov8_msgs/share/yolov8_msgs/cmake/yolov8_msgs__rosidl_typesupport_cppExport-noconfig.cmake
-- Installing: /home/luize/Documents/imitando yolo/yolobot/install/yolov8_msgs/share/yolov8_msgs/cmake/export_yolov8_msgs__rosidl_generator_pyExport.cmake
-- Installing: /home/luize/Documents/imitando yolo/yolobot/install/yolov8_msgs/share/yolov8_msgs/cmake/export_yolov8_msgs__rosidl_generator_pyExport-noconfig.cmake
-- Installing: /home/luize/Documents/imitando yolo/yolobot/install/yolov8_msgs/share/yolov8_msgs/cmake/rosidl_cmake-extras.cmake
-- Installing: /home/luize/Documents/imitando yolo/yolobot/install/yolov8_msgs/share/yolov8_msgs/cmake/ament_cmake_export_dependencies-extras.cmake
-- Installing: /home/luize/Documents/imitando yolo/yolobot/install/yolov8_msgs/share/yolov8_msgs/cmake/ament_cmake_export_include_directories-extras.cmake
-- Installing: /home/luize/Documents/imitando yolo/yolobot/install/yolov8_msgs/share/yolov8_msgs/cmake/ament_cmake_export_libraries-extras.cmake
-- Installing: /home/luize/Documents/imitando yolo/yolobot/install/yolov8_msgs/share/yolov8_msgs/cmake/ament_cmake_export_targets-extras.cmake
-- Installing: /home/luize/Documents/imitando yolo/yolobot/install/yolov8_msgs/share/yolov8_msgs/cmake/rosidl_cmake_export_typesupport_targets-extras.cmake
-- Installing: /home/luize/Documents/imitando yolo/yolobot/install/yolov8_msgs/share/yolov8_msgs/cmake/rosidl_cmake_export_typesupport_libraries-extras.cmake
-- Installing: /home/luize/Documents/imitando yolo/yolobot/install/yolov8_msgs/share/yolov8_msgs/cmake/yolov8_msgsConfig.cmake
-- Installing: /home/luize/Documents/imitando yolo/yolobot/install/yolov8_msgs/share/yolov8_msgs/cmake/yolov8_msgsConfig-version.cmake
-- Installing: /home/luize/Documents/imitando yolo/yolobot/install/yolov8_msgs/share/yolov8_msgs/package.xml
