[1.050s] DEBUG:colcon:Command line arguments: ['/usr/bin/colcon', 'build']
[1.050s] DEBUG:colcon:Parsed command line arguments: Namespace(log_base=None, log_level=None, verb_name='build', build_base='build', install_base='install', merge_install=False, symlink_install=False, test_result_base=None, continue_on_error=False, executor='parallel', parallel_workers=8, event_handlers=None, ignore_user_meta=False, metas=['./colcon.meta'], base_paths=['.'], packages_ignore=None, packages_ignore_regex=None, paths=None, packages_up_to=None, packages_up_to_regex=None, packages_above=None, packages_above_and_dependencies=None, packages_above_depth=None, packages_select_by_dep=None, packages_skip_by_dep=None, packages_skip_up_to=None, packages_select_build_failed=False, packages_skip_build_finished=False, packages_select_test_failures=False, packages_skip_test_passed=False, packages_select=None, packages_skip=None, packages_select_regex=None, packages_skip_regex=None, packages_start=None, packages_end=None, allow_overriding=[], cmake_args=None, cmake_target=None, cmake_target_skip_unavailable=False, cmake_clean_cache=False, cmake_clean_first=False, cmake_force_configure=False, ament_cmake_args=None, catkin_cmake_args=None, catkin_skip_building_tests=False, verb_parser=<colcon_defaults.argument_parser.defaults.DefaultArgumentsDecorator object at 0x7fdf71543040>, verb_extension=<colcon_core.verb.build.BuildVerb object at 0x7fdf7194e680>, main=<bound method BuildVerb.main of <colcon_core.verb.build.BuildVerb object at 0x7fdf7194e680>>)
[1.107s] Level 1:colcon.colcon_core.package_discovery:discover_packages(colcon_meta) check parameters
[1.108s] Level 1:colcon.colcon_core.package_discovery:discover_packages(recursive) check parameters
[1.108s] Level 1:colcon.colcon_core.package_discovery:discover_packages(ignore) check parameters
[1.108s] Level 1:colcon.colcon_core.package_discovery:discover_packages(path) check parameters
[1.108s] Level 1:colcon.colcon_core.package_discovery:discover_packages(colcon_meta) discover
[1.108s] Level 1:colcon.colcon_core.package_discovery:discover_packages(recursive) discover
[1.108s] INFO:colcon.colcon_core.package_discovery:Crawling recursively for packages in '/home/luize/Documents/imitando yolo/yolobot'
[1.108s] Level 1:colcon.colcon_core.package_identification:_identify(.) by extensions ['ignore', 'ignore_ament_install']
[1.108s] Level 1:colcon.colcon_core.package_identification:_identify(.) by extension 'ignore'
[1.108s] Level 1:colcon.colcon_core.package_identification:_identify(.) by extension 'ignore_ament_install'
[1.108s] Level 1:colcon.colcon_core.package_identification:_identify(.) by extensions ['colcon_pkg']
[1.108s] Level 1:colcon.colcon_core.package_identification:_identify(.) by extension 'colcon_pkg'
[1.108s] Level 1:colcon.colcon_core.package_identification:_identify(.) by extensions ['colcon_meta']
[1.108s] Level 1:colcon.colcon_core.package_identification:_identify(.) by extension 'colcon_meta'
[1.108s] Level 1:colcon.colcon_core.package_identification:_identify(.) by extensions ['ros']
[1.108s] Level 1:colcon.colcon_core.package_identification:_identify(.) by extension 'ros'
[1.124s] Level 1:colcon.colcon_core.package_identification:_identify(.) by extensions ['cmake', 'python']
[1.125s] Level 1:colcon.colcon_core.package_identification:_identify(.) by extension 'cmake'
[1.125s] Level 1:colcon.colcon_core.package_identification:_identify(.) by extension 'python'
[1.125s] Level 1:colcon.colcon_core.package_identification:_identify(.) by extensions ['python_setup_py']
[1.125s] Level 1:colcon.colcon_core.package_identification:_identify(.) by extension 'python_setup_py'
[1.125s] Level 1:colcon.colcon_core.package_identification:_identify(build) by extensions ['ignore', 'ignore_ament_install']
[1.125s] Level 1:colcon.colcon_core.package_identification:_identify(build) by extension 'ignore'
[1.125s] Level 1:colcon.colcon_core.package_identification:_identify(build) ignored
[1.125s] Level 1:colcon.colcon_core.package_identification:_identify(install) by extensions ['ignore', 'ignore_ament_install']
[1.125s] Level 1:colcon.colcon_core.package_identification:_identify(install) by extension 'ignore'
[1.125s] Level 1:colcon.colcon_core.package_identification:_identify(install) ignored
[1.126s] Level 1:colcon.colcon_core.package_identification:_identify(log) by extensions ['ignore', 'ignore_ament_install']
[1.126s] Level 1:colcon.colcon_core.package_identification:_identify(log) by extension 'ignore'
[1.126s] Level 1:colcon.colcon_core.package_identification:_identify(log) ignored
[1.126s] Level 1:colcon.colcon_core.package_identification:_identify(src) by extensions ['ignore', 'ignore_ament_install']
[1.126s] Level 1:colcon.colcon_core.package_identification:_identify(src) by extension 'ignore'
[1.126s] Level 1:colcon.colcon_core.package_identification:_identify(src) by extension 'ignore_ament_install'
[1.126s] Level 1:colcon.colcon_core.package_identification:_identify(src) by extensions ['colcon_pkg']
[1.126s] Level 1:colcon.colcon_core.package_identification:_identify(src) by extension 'colcon_pkg'
[1.126s] Level 1:colcon.colcon_core.package_identification:_identify(src) by extensions ['colcon_meta']
[1.126s] Level 1:colcon.colcon_core.package_identification:_identify(src) by extension 'colcon_meta'
[1.126s] Level 1:colcon.colcon_core.package_identification:_identify(src) by extensions ['ros']
[1.126s] Level 1:colcon.colcon_core.package_identification:_identify(src) by extension 'ros'
[1.127s] Level 1:colcon.colcon_core.package_identification:_identify(src) by extensions ['cmake', 'python']
[1.127s] Level 1:colcon.colcon_core.package_identification:_identify(src) by extension 'cmake'
[1.127s] Level 1:colcon.colcon_core.package_identification:_identify(src) by extension 'python'
[1.127s] Level 1:colcon.colcon_core.package_identification:_identify(src) by extensions ['python_setup_py']
[1.127s] Level 1:colcon.colcon_core.package_identification:_identify(src) by extension 'python_setup_py'
[1.127s] Level 1:colcon.colcon_core.package_identification:_identify(src/yolobot_recognition) by extensions ['ignore', 'ignore_ament_install']
[1.127s] Level 1:colcon.colcon_core.package_identification:_identify(src/yolobot_recognition) by extension 'ignore'
[1.127s] Level 1:colcon.colcon_core.package_identification:_identify(src/yolobot_recognition) by extension 'ignore_ament_install'
[1.127s] Level 1:colcon.colcon_core.package_identification:_identify(src/yolobot_recognition) by extensions ['colcon_pkg']
[1.127s] Level 1:colcon.colcon_core.package_identification:_identify(src/yolobot_recognition) by extension 'colcon_pkg'
[1.127s] Level 1:colcon.colcon_core.package_identification:_identify(src/yolobot_recognition) by extensions ['colcon_meta']
[1.127s] Level 1:colcon.colcon_core.package_identification:_identify(src/yolobot_recognition) by extension 'colcon_meta'
[1.127s] Level 1:colcon.colcon_core.package_identification:_identify(src/yolobot_recognition) by extensions ['ros']
[1.127s] Level 1:colcon.colcon_core.package_identification:_identify(src/yolobot_recognition) by extension 'ros'
[1.130s] DEBUG:colcon.colcon_core.package_identification:Package 'src/yolobot_recognition' with type 'ros.ament_cmake' and name 'yolobot_recognition'
[1.130s] Level 1:colcon.colcon_core.package_identification:_identify(src/yolov8_msgs) by extensions ['ignore', 'ignore_ament_install']
[1.130s] Level 1:colcon.colcon_core.package_identification:_identify(src/yolov8_msgs) by extension 'ignore'
[1.130s] Level 1:colcon.colcon_core.package_identification:_identify(src/yolov8_msgs) by extension 'ignore_ament_install'
[1.130s] Level 1:colcon.colcon_core.package_identification:_identify(src/yolov8_msgs) by extensions ['colcon_pkg']
[1.130s] Level 1:colcon.colcon_core.package_identification:_identify(src/yolov8_msgs) by extension 'colcon_pkg'
[1.130s] Level 1:colcon.colcon_core.package_identification:_identify(src/yolov8_msgs) by extensions ['colcon_meta']
[1.130s] Level 1:colcon.colcon_core.package_identification:_identify(src/yolov8_msgs) by extension 'colcon_meta'
[1.130s] Level 1:colcon.colcon_core.package_identification:_identify(src/yolov8_msgs) by extensions ['ros']
[1.130s] Level 1:colcon.colcon_core.package_identification:_identify(src/yolov8_msgs) by extension 'ros'
[1.131s] DEBUG:colcon.colcon_core.package_identification:Package 'src/yolov8_msgs' with type 'ros.ament_cmake' and name 'yolov8_msgs'
[1.131s] Level 1:colcon.colcon_core.package_identification:_identify(~) by extensions ['ignore', 'ignore_ament_install']
[1.131s] Level 1:colcon.colcon_core.package_identification:_identify(~) by extension 'ignore'
[1.131s] Level 1:colcon.colcon_core.package_identification:_identify(~) by extension 'ignore_ament_install'
[1.131s] Level 1:colcon.colcon_core.package_identification:_identify(~) by extensions ['colcon_pkg']
[1.131s] Level 1:colcon.colcon_core.package_identification:_identify(~) by extension 'colcon_pkg'
[1.131s] Level 1:colcon.colcon_core.package_identification:_identify(~) by extensions ['colcon_meta']
[1.132s] Level 1:colcon.colcon_core.package_identification:_identify(~) by extension 'colcon_meta'
[1.132s] Level 1:colcon.colcon_core.package_identification:_identify(~) by extensions ['ros']
[1.132s] Level 1:colcon.colcon_core.package_identification:_identify(~) by extension 'ros'
[1.132s] Level 1:colcon.colcon_core.package_identification:_identify(~) by extensions ['cmake', 'python']
[1.132s] Level 1:colcon.colcon_core.package_identification:_identify(~) by extension 'cmake'
[1.132s] Level 1:colcon.colcon_core.package_identification:_identify(~) by extension 'python'
[1.132s] Level 1:colcon.colcon_core.package_identification:_identify(~) by extensions ['python_setup_py']
[1.132s] Level 1:colcon.colcon_core.package_identification:_identify(~) by extension 'python_setup_py'
[1.132s] Level 1:colcon.colcon_core.package_identification:_identify(~/yolobot) by extensions ['ignore', 'ignore_ament_install']
[1.132s] Level 1:colcon.colcon_core.package_identification:_identify(~/yolobot) by extension 'ignore'
[1.132s] Level 1:colcon.colcon_core.package_identification:_identify(~/yolobot) by extension 'ignore_ament_install'
[1.132s] Level 1:colcon.colcon_core.package_identification:_identify(~/yolobot) by extensions ['colcon_pkg']
[1.132s] Level 1:colcon.colcon_core.package_identification:_identify(~/yolobot) by extension 'colcon_pkg'
[1.132s] Level 1:colcon.colcon_core.package_identification:_identify(~/yolobot) by extensions ['colcon_meta']
[1.132s] Level 1:colcon.colcon_core.package_identification:_identify(~/yolobot) by extension 'colcon_meta'
[1.132s] Level 1:colcon.colcon_core.package_identification:_identify(~/yolobot) by extensions ['ros']
[1.132s] Level 1:colcon.colcon_core.package_identification:_identify(~/yolobot) by extension 'ros'
[1.133s] Level 1:colcon.colcon_core.package_identification:_identify(~/yolobot) by extensions ['cmake', 'python']
[1.133s] Level 1:colcon.colcon_core.package_identification:_identify(~/yolobot) by extension 'cmake'
[1.133s] Level 1:colcon.colcon_core.package_identification:_identify(~/yolobot) by extension 'python'
[1.133s] Level 1:colcon.colcon_core.package_identification:_identify(~/yolobot) by extensions ['python_setup_py']
[1.133s] Level 1:colcon.colcon_core.package_identification:_identify(~/yolobot) by extension 'python_setup_py'
[1.133s] Level 1:colcon.colcon_core.package_identification:_identify(~/yolobot/src) by extensions ['ignore', 'ignore_ament_install']
[1.133s] Level 1:colcon.colcon_core.package_identification:_identify(~/yolobot/src) by extension 'ignore'
[1.133s] Level 1:colcon.colcon_core.package_identification:_identify(~/yolobot/src) by extension 'ignore_ament_install'
[1.133s] Level 1:colcon.colcon_core.package_identification:_identify(~/yolobot/src) by extensions ['colcon_pkg']
[1.133s] Level 1:colcon.colcon_core.package_identification:_identify(~/yolobot/src) by extension 'colcon_pkg'
[1.133s] Level 1:colcon.colcon_core.package_identification:_identify(~/yolobot/src) by extensions ['colcon_meta']
[1.133s] Level 1:colcon.colcon_core.package_identification:_identify(~/yolobot/src) by extension 'colcon_meta'
[1.133s] Level 1:colcon.colcon_core.package_identification:_identify(~/yolobot/src) by extensions ['ros']
[1.133s] Level 1:colcon.colcon_core.package_identification:_identify(~/yolobot/src) by extension 'ros'
[1.133s] Level 1:colcon.colcon_core.package_identification:_identify(~/yolobot/src) by extensions ['cmake', 'python']
[1.133s] Level 1:colcon.colcon_core.package_identification:_identify(~/yolobot/src) by extension 'cmake'
[1.133s] Level 1:colcon.colcon_core.package_identification:_identify(~/yolobot/src) by extension 'python'
[1.133s] Level 1:colcon.colcon_core.package_identification:_identify(~/yolobot/src) by extensions ['python_setup_py']
[1.133s] Level 1:colcon.colcon_core.package_identification:_identify(~/yolobot/src) by extension 'python_setup_py'
[1.134s] Level 1:colcon.colcon_core.package_identification:_identify(~/yolobot/src/yolobot_recognition) by extensions ['ignore', 'ignore_ament_install']
[1.134s] Level 1:colcon.colcon_core.package_identification:_identify(~/yolobot/src/yolobot_recognition) by extension 'ignore'
[1.134s] Level 1:colcon.colcon_core.package_identification:_identify(~/yolobot/src/yolobot_recognition) by extension 'ignore_ament_install'
[1.134s] Level 1:colcon.colcon_core.package_identification:_identify(~/yolobot/src/yolobot_recognition) by extensions ['colcon_pkg']
[1.134s] Level 1:colcon.colcon_core.package_identification:_identify(~/yolobot/src/yolobot_recognition) by extension 'colcon_pkg'
[1.134s] Level 1:colcon.colcon_core.package_identification:_identify(~/yolobot/src/yolobot_recognition) by extensions ['colcon_meta']
[1.134s] Level 1:colcon.colcon_core.package_identification:_identify(~/yolobot/src/yolobot_recognition) by extension 'colcon_meta'
[1.134s] Level 1:colcon.colcon_core.package_identification:_identify(~/yolobot/src/yolobot_recognition) by extensions ['ros']
[1.134s] Level 1:colcon.colcon_core.package_identification:_identify(~/yolobot/src/yolobot_recognition) by extension 'ros'
[1.134s] Level 1:colcon.colcon_core.package_identification:_identify(~/yolobot/src/yolobot_recognition) by extensions ['cmake', 'python']
[1.134s] Level 1:colcon.colcon_core.package_identification:_identify(~/yolobot/src/yolobot_recognition) by extension 'cmake'
[1.134s] Level 1:colcon.colcon_core.package_identification:_identify(~/yolobot/src/yolobot_recognition) by extension 'python'
[1.134s] Level 1:colcon.colcon_core.package_identification:_identify(~/yolobot/src/yolobot_recognition) by extensions ['python_setup_py']
[1.134s] Level 1:colcon.colcon_core.package_identification:_identify(~/yolobot/src/yolobot_recognition) by extension 'python_setup_py'
[1.135s] Level 1:colcon.colcon_core.package_identification:_identify(~/yolobot/src/yolobot_recognition/scripts) by extensions ['ignore', 'ignore_ament_install']
[1.135s] Level 1:colcon.colcon_core.package_identification:_identify(~/yolobot/src/yolobot_recognition/scripts) by extension 'ignore'
[1.135s] Level 1:colcon.colcon_core.package_identification:_identify(~/yolobot/src/yolobot_recognition/scripts) by extension 'ignore_ament_install'
[1.135s] Level 1:colcon.colcon_core.package_identification:_identify(~/yolobot/src/yolobot_recognition/scripts) by extensions ['colcon_pkg']
[1.135s] Level 1:colcon.colcon_core.package_identification:_identify(~/yolobot/src/yolobot_recognition/scripts) by extension 'colcon_pkg'
[1.135s] Level 1:colcon.colcon_core.package_identification:_identify(~/yolobot/src/yolobot_recognition/scripts) by extensions ['colcon_meta']
[1.135s] Level 1:colcon.colcon_core.package_identification:_identify(~/yolobot/src/yolobot_recognition/scripts) by extension 'colcon_meta'
[1.135s] Level 1:colcon.colcon_core.package_identification:_identify(~/yolobot/src/yolobot_recognition/scripts) by extensions ['ros']
[1.135s] Level 1:colcon.colcon_core.package_identification:_identify(~/yolobot/src/yolobot_recognition/scripts) by extension 'ros'
[1.135s] Level 1:colcon.colcon_core.package_identification:_identify(~/yolobot/src/yolobot_recognition/scripts) by extensions ['cmake', 'python']
[1.135s] Level 1:colcon.colcon_core.package_identification:_identify(~/yolobot/src/yolobot_recognition/scripts) by extension 'cmake'
[1.135s] Level 1:colcon.colcon_core.package_identification:_identify(~/yolobot/src/yolobot_recognition/scripts) by extension 'python'
[1.135s] Level 1:colcon.colcon_core.package_identification:_identify(~/yolobot/src/yolobot_recognition/scripts) by extensions ['python_setup_py']
[1.135s] Level 1:colcon.colcon_core.package_identification:_identify(~/yolobot/src/yolobot_recognition/scripts) by extension 'python_setup_py'
[1.135s] Level 1:colcon.colcon_core.package_discovery:discover_packages(recursive) using defaults
[1.135s] Level 1:colcon.colcon_core.package_discovery:discover_packages(ignore) discover
[1.135s] Level 1:colcon.colcon_core.package_discovery:discover_packages(ignore) using defaults
[1.135s] Level 1:colcon.colcon_core.package_discovery:discover_packages(path) discover
[1.136s] Level 1:colcon.colcon_core.package_discovery:discover_packages(path) using defaults
[1.233s] Level 1:colcon.colcon_core.package_discovery:discover_packages(prefix_path) check parameters
[1.233s] Level 1:colcon.colcon_core.package_discovery:discover_packages(prefix_path) discover
[1.265s] DEBUG:colcon.colcon_installed_package_information.package_discovery:Found 2 installed packages in /home/luize/Documents/imitando yolo/yolobot/install
[1.282s] DEBUG:colcon.colcon_installed_package_information.package_discovery:Found 362 installed packages in /opt/ros/humble
[1.283s] Level 1:colcon.colcon_core.package_discovery:discover_packages(prefix_path) using defaults
[1.375s] Level 5:colcon.colcon_core.verb:set package 'yolobot_recognition' build argument 'cmake_args' from command line to 'None'
[1.375s] Level 5:colcon.colcon_core.verb:set package 'yolobot_recognition' build argument 'cmake_target' from command line to 'None'
[1.375s] Level 5:colcon.colcon_core.verb:set package 'yolobot_recognition' build argument 'cmake_target_skip_unavailable' from command line to 'False'
[1.375s] Level 5:colcon.colcon_core.verb:set package 'yolobot_recognition' build argument 'cmake_clean_cache' from command line to 'False'
[1.375s] Level 5:colcon.colcon_core.verb:set package 'yolobot_recognition' build argument 'cmake_clean_first' from command line to 'False'
[1.375s] Level 5:colcon.colcon_core.verb:set package 'yolobot_recognition' build argument 'cmake_force_configure' from command line to 'False'
[1.376s] Level 5:colcon.colcon_core.verb:set package 'yolobot_recognition' build argument 'ament_cmake_args' from command line to 'None'
[1.376s] Level 5:colcon.colcon_core.verb:set package 'yolobot_recognition' build argument 'catkin_cmake_args' from command line to 'None'
[1.376s] Level 5:colcon.colcon_core.verb:set package 'yolobot_recognition' build argument 'catkin_skip_building_tests' from command line to 'False'
[1.376s] DEBUG:colcon.colcon_core.verb:Building package 'yolobot_recognition' with the following arguments: {'ament_cmake_args': None, 'build_base': '/home/luize/Documents/imitando yolo/yolobot/build/yolobot_recognition', 'catkin_cmake_args': None, 'catkin_skip_building_tests': False, 'cmake_args': None, 'cmake_clean_cache': False, 'cmake_clean_first': False, 'cmake_force_configure': False, 'cmake_target': None, 'cmake_target_skip_unavailable': False, 'install_base': '/home/luize/Documents/imitando yolo/yolobot/install/yolobot_recognition', 'merge_install': False, 'path': '/home/luize/Documents/imitando yolo/yolobot/src/yolobot_recognition', 'symlink_install': False, 'test_result_base': None}
[1.393s] Level 5:colcon.colcon_core.verb:set package 'yolov8_msgs' build argument 'cmake_args' from command line to 'None'
[1.393s] Level 5:colcon.colcon_core.verb:set package 'yolov8_msgs' build argument 'cmake_target' from command line to 'None'
[1.393s] Level 5:colcon.colcon_core.verb:set package 'yolov8_msgs' build argument 'cmake_target_skip_unavailable' from command line to 'False'
[1.393s] Level 5:colcon.colcon_core.verb:set package 'yolov8_msgs' build argument 'cmake_clean_cache' from command line to 'False'
[1.393s] Level 5:colcon.colcon_core.verb:set package 'yolov8_msgs' build argument 'cmake_clean_first' from command line to 'False'
[1.393s] Level 5:colcon.colcon_core.verb:set package 'yolov8_msgs' build argument 'cmake_force_configure' from command line to 'False'
[1.393s] Level 5:colcon.colcon_core.verb:set package 'yolov8_msgs' build argument 'ament_cmake_args' from command line to 'None'
[1.393s] Level 5:colcon.colcon_core.verb:set package 'yolov8_msgs' build argument 'catkin_cmake_args' from command line to 'None'
[1.393s] Level 5:colcon.colcon_core.verb:set package 'yolov8_msgs' build argument 'catkin_skip_building_tests' from command line to 'False'
[1.393s] DEBUG:colcon.colcon_core.verb:Building package 'yolov8_msgs' with the following arguments: {'ament_cmake_args': None, 'build_base': '/home/luize/Documents/imitando yolo/yolobot/build/yolov8_msgs', 'catkin_cmake_args': None, 'catkin_skip_building_tests': False, 'cmake_args': None, 'cmake_clean_cache': False, 'cmake_clean_first': False, 'cmake_force_configure': False, 'cmake_target': None, 'cmake_target_skip_unavailable': False, 'install_base': '/home/luize/Documents/imitando yolo/yolobot/install/yolov8_msgs', 'merge_install': False, 'path': '/home/luize/Documents/imitando yolo/yolobot/src/yolov8_msgs', 'symlink_install': False, 'test_result_base': None}
[1.410s] INFO:colcon.colcon_core.executor:Executing jobs using 'parallel' executor
[1.428s] DEBUG:colcon.colcon_parallel_executor.executor.parallel:run_until_complete
[1.428s] INFO:colcon.colcon_ros.task.ament_cmake.build:Building ROS package in '/home/luize/Documents/imitando yolo/yolobot/src/yolobot_recognition' with build type 'ament_cmake'
[1.428s] INFO:colcon.colcon_cmake.task.cmake.build:Building CMake package in '/home/luize/Documents/imitando yolo/yolobot/src/yolobot_recognition'
[1.448s] INFO:colcon.colcon_core.plugin_system:Skipping extension 'colcon_core.shell.bat': Not used on non-Windows systems
[1.448s] INFO:colcon.colcon_core.shell:Skip shell extension 'powershell' for command environment: Not usable outside of PowerShell
[1.448s] DEBUG:colcon.colcon_core.shell:Skip shell extension 'dsv' for command environment
[1.506s] INFO:colcon.colcon_ros.task.ament_cmake.build:Building ROS package in '/home/luize/Documents/imitando yolo/yolobot/src/yolov8_msgs' with build type 'ament_cmake'
[1.506s] INFO:colcon.colcon_cmake.task.cmake.build:Building CMake package in '/home/luize/Documents/imitando yolo/yolobot/src/yolov8_msgs'
[1.524s] INFO:colcon.colcon_core.shell:Skip shell extension 'powershell' for command environment: Not usable outside of PowerShell
[1.524s] DEBUG:colcon.colcon_core.shell:Skip shell extension 'dsv' for command environment
[1.594s] DEBUG:colcon.colcon_core.event_handler.log_command:Invoking command in '/home/luize/Documents/imitando yolo/yolobot/build/yolobot_recognition': CMAKE_PREFIX_PATH=${CMAKE_PREFIX_PATH}:/opt/ros/humble /usr/bin/cmake --build /home/luize/Documents/imitando yolo/yolobot/build/yolobot_recognition -- -j8 -l8
[1.597s] DEBUG:colcon.colcon_core.event_handler.log_command:Invoking command in '/home/luize/Documents/imitando yolo/yolobot/build/yolov8_msgs': CMAKE_PREFIX_PATH=${CMAKE_PREFIX_PATH}:/opt/ros/humble /usr/bin/cmake --build /home/luize/Documents/imitando yolo/yolobot/build/yolov8_msgs -- -j8 -l8
[1.625s] DEBUG:colcon.colcon_core.event_handler.log_command:Invoked command in '/home/luize/Documents/imitando yolo/yolobot/build/yolobot_recognition' returned '0': CMAKE_PREFIX_PATH=${CMAKE_PREFIX_PATH}:/opt/ros/humble /usr/bin/cmake --build /home/luize/Documents/imitando yolo/yolobot/build/yolobot_recognition -- -j8 -l8
[1.692s] DEBUG:colcon.colcon_core.event_handler.log_command:Invoking command in '/home/luize/Documents/imitando yolo/yolobot/build/yolobot_recognition': CMAKE_PREFIX_PATH=${CMAKE_PREFIX_PATH}:/opt/ros/humble /usr/bin/cmake --install /home/luize/Documents/imitando yolo/yolobot/build/yolobot_recognition
[1.701s] Level 1:colcon.colcon_core.environment:create_environment_scripts_only(yolobot_recognition)
[1.706s] DEBUG:colcon.colcon_core.event_handler.log_command:Invoked command in '/home/luize/Documents/imitando yolo/yolobot/build/yolobot_recognition' returned '0': CMAKE_PREFIX_PATH=${CMAKE_PREFIX_PATH}:/opt/ros/humble /usr/bin/cmake --install /home/luize/Documents/imitando yolo/yolobot/build/yolobot_recognition
[1.728s] Level 1:colcon.colcon_core.environment:checking '/home/luize/Documents/imitando yolo/yolobot/install/yolobot_recognition' for CMake module files
[1.729s] Level 1:colcon.colcon_core.environment:checking '/home/luize/Documents/imitando yolo/yolobot/install/yolobot_recognition' for CMake config files
[1.729s] Level 1:colcon.colcon_core.shell:create_environment_hook('yolobot_recognition', 'cmake_prefix_path')
[1.748s] INFO:colcon.colcon_core.shell:Creating environment hook '/home/luize/Documents/imitando yolo/yolobot/install/yolobot_recognition/share/yolobot_recognition/hook/cmake_prefix_path.ps1'
[1.749s] INFO:colcon.colcon_core.shell:Creating environment descriptor '/home/luize/Documents/imitando yolo/yolobot/install/yolobot_recognition/share/yolobot_recognition/hook/cmake_prefix_path.dsv'
[1.749s] INFO:colcon.colcon_core.shell:Creating environment hook '/home/luize/Documents/imitando yolo/yolobot/install/yolobot_recognition/share/yolobot_recognition/hook/cmake_prefix_path.sh'
[1.750s] Level 1:colcon.colcon_core.environment:checking '/home/luize/Documents/imitando yolo/yolobot/install/yolobot_recognition/lib'
[1.751s] Level 1:colcon.colcon_core.environment:checking '/home/luize/Documents/imitando yolo/yolobot/install/yolobot_recognition/bin'
[1.751s] Level 1:colcon.colcon_core.environment:checking '/home/luize/Documents/imitando yolo/yolobot/install/yolobot_recognition/lib/pkgconfig/yolobot_recognition.pc'
[1.751s] Level 1:colcon.colcon_core.environment:checking '/home/luize/Documents/imitando yolo/yolobot/install/yolobot_recognition/lib/python3.10/site-packages'
[1.751s] Level 1:colcon.colcon_core.environment:checking '/home/luize/Documents/imitando yolo/yolobot/install/yolobot_recognition/bin'
[1.779s] INFO:colcon.colcon_core.shell:Creating package script '/home/luize/Documents/imitando yolo/yolobot/install/yolobot_recognition/share/yolobot_recognition/package.ps1'
[1.780s] INFO:colcon.colcon_core.shell:Creating package descriptor '/home/luize/Documents/imitando yolo/yolobot/install/yolobot_recognition/share/yolobot_recognition/package.dsv'
[1.780s] INFO:colcon.colcon_core.shell:Creating package script '/home/luize/Documents/imitando yolo/yolobot/install/yolobot_recognition/share/yolobot_recognition/package.sh'
[1.781s] INFO:colcon.colcon_core.shell:Creating package script '/home/luize/Documents/imitando yolo/yolobot/install/yolobot_recognition/share/yolobot_recognition/package.bash'
[1.782s] INFO:colcon.colcon_core.shell:Creating package script '/home/luize/Documents/imitando yolo/yolobot/install/yolobot_recognition/share/yolobot_recognition/package.zsh'
[1.783s] Level 1:colcon.colcon_core.environment:create_file_with_runtime_dependencies(/home/luize/Documents/imitando yolo/yolobot/install/yolobot_recognition/share/colcon-core/packages/yolobot_recognition)
[1.820s] Level 1:colcon.colcon_core.environment:create_environment_scripts_only(yolobot_recognition)
[1.837s] Level 1:colcon.colcon_core.environment:checking '/home/luize/Documents/imitando yolo/yolobot/install/yolobot_recognition' for CMake module files
[1.838s] Level 1:colcon.colcon_core.environment:checking '/home/luize/Documents/imitando yolo/yolobot/install/yolobot_recognition' for CMake config files
[1.838s] Level 1:colcon.colcon_core.shell:create_environment_hook('yolobot_recognition', 'cmake_prefix_path')
[1.856s] INFO:colcon.colcon_core.shell:Creating environment hook '/home/luize/Documents/imitando yolo/yolobot/install/yolobot_recognition/share/yolobot_recognition/hook/cmake_prefix_path.ps1'
[1.857s] INFO:colcon.colcon_core.shell:Creating environment descriptor '/home/luize/Documents/imitando yolo/yolobot/install/yolobot_recognition/share/yolobot_recognition/hook/cmake_prefix_path.dsv'
[1.857s] INFO:colcon.colcon_core.shell:Creating environment hook '/home/luize/Documents/imitando yolo/yolobot/install/yolobot_recognition/share/yolobot_recognition/hook/cmake_prefix_path.sh'
[1.857s] Level 1:colcon.colcon_core.environment:checking '/home/luize/Documents/imitando yolo/yolobot/install/yolobot_recognition/lib'
[1.858s] Level 1:colcon.colcon_core.environment:checking '/home/luize/Documents/imitando yolo/yolobot/install/yolobot_recognition/bin'
[1.858s] Level 1:colcon.colcon_core.environment:checking '/home/luize/Documents/imitando yolo/yolobot/install/yolobot_recognition/lib/pkgconfig/yolobot_recognition.pc'
[1.858s] Level 1:colcon.colcon_core.environment:checking '/home/luize/Documents/imitando yolo/yolobot/install/yolobot_recognition/lib/python3.10/site-packages'
[1.858s] Level 1:colcon.colcon_core.environment:checking '/home/luize/Documents/imitando yolo/yolobot/install/yolobot_recognition/bin'
[1.878s] INFO:colcon.colcon_core.shell:Creating package script '/home/luize/Documents/imitando yolo/yolobot/install/yolobot_recognition/share/yolobot_recognition/package.ps1'
[1.878s] INFO:colcon.colcon_core.shell:Creating package descriptor '/home/luize/Documents/imitando yolo/yolobot/install/yolobot_recognition/share/yolobot_recognition/package.dsv'
[1.879s] INFO:colcon.colcon_core.shell:Creating package script '/home/luize/Documents/imitando yolo/yolobot/install/yolobot_recognition/share/yolobot_recognition/package.sh'
[1.879s] INFO:colcon.colcon_core.shell:Creating package script '/home/luize/Documents/imitando yolo/yolobot/install/yolobot_recognition/share/yolobot_recognition/package.bash'
[1.880s] INFO:colcon.colcon_core.shell:Creating package script '/home/luize/Documents/imitando yolo/yolobot/install/yolobot_recognition/share/yolobot_recognition/package.zsh'
[1.880s] Level 1:colcon.colcon_core.environment:create_file_with_runtime_dependencies(/home/luize/Documents/imitando yolo/yolobot/install/yolobot_recognition/share/colcon-core/packages/yolobot_recognition)
[2.033s] DEBUG:colcon.colcon_core.event_handler.log_command:Invoked command in '/home/luize/Documents/imitando yolo/yolobot/build/yolov8_msgs' returned '0': CMAKE_PREFIX_PATH=${CMAKE_PREFIX_PATH}:/opt/ros/humble /usr/bin/cmake --build /home/luize/Documents/imitando yolo/yolobot/build/yolov8_msgs -- -j8 -l8
[2.094s] DEBUG:colcon.colcon_core.event_handler.log_command:Invoking command in '/home/luize/Documents/imitando yolo/yolobot/build/yolov8_msgs': CMAKE_PREFIX_PATH=${CMAKE_PREFIX_PATH}:/opt/ros/humble /usr/bin/cmake --install /home/luize/Documents/imitando yolo/yolobot/build/yolov8_msgs
[2.145s] Level 1:colcon.colcon_core.environment:create_environment_scripts_only(yolov8_msgs)
[2.147s] DEBUG:colcon.colcon_core.event_handler.log_command:Invoked command in '/home/luize/Documents/imitando yolo/yolobot/build/yolov8_msgs' returned '0': CMAKE_PREFIX_PATH=${CMAKE_PREFIX_PATH}:/opt/ros/humble /usr/bin/cmake --install /home/luize/Documents/imitando yolo/yolobot/build/yolov8_msgs
[2.167s] Level 1:colcon.colcon_core.environment:checking '/home/luize/Documents/imitando yolo/yolobot/install/yolov8_msgs' for CMake module files
[2.168s] Level 1:colcon.colcon_core.environment:checking '/home/luize/Documents/imitando yolo/yolobot/install/yolov8_msgs' for CMake config files
[2.168s] Level 1:colcon.colcon_core.shell:create_environment_hook('yolov8_msgs', 'cmake_prefix_path')
[2.186s] INFO:colcon.colcon_core.shell:Creating environment hook '/home/luize/Documents/imitando yolo/yolobot/install/yolov8_msgs/share/yolov8_msgs/hook/cmake_prefix_path.ps1'
[2.186s] INFO:colcon.colcon_core.shell:Creating environment descriptor '/home/luize/Documents/imitando yolo/yolobot/install/yolov8_msgs/share/yolov8_msgs/hook/cmake_prefix_path.dsv'
[2.186s] INFO:colcon.colcon_core.shell:Creating environment hook '/home/luize/Documents/imitando yolo/yolobot/install/yolov8_msgs/share/yolov8_msgs/hook/cmake_prefix_path.sh'
[2.187s] Level 1:colcon.colcon_core.environment:checking '/home/luize/Documents/imitando yolo/yolobot/install/yolov8_msgs/lib'
[2.187s] Level 1:colcon.colcon_core.shell:create_environment_hook('yolov8_msgs', 'ld_library_path_lib')
[2.204s] INFO:colcon.colcon_core.shell:Creating environment hook '/home/luize/Documents/imitando yolo/yolobot/install/yolov8_msgs/share/yolov8_msgs/hook/ld_library_path_lib.ps1'
[2.205s] INFO:colcon.colcon_core.shell:Creating environment descriptor '/home/luize/Documents/imitando yolo/yolobot/install/yolov8_msgs/share/yolov8_msgs/hook/ld_library_path_lib.dsv'
[2.205s] INFO:colcon.colcon_core.shell:Creating environment hook '/home/luize/Documents/imitando yolo/yolobot/install/yolov8_msgs/share/yolov8_msgs/hook/ld_library_path_lib.sh'
[2.205s] Level 1:colcon.colcon_core.environment:checking '/home/luize/Documents/imitando yolo/yolobot/install/yolov8_msgs/bin'
[2.205s] Level 1:colcon.colcon_core.environment:checking '/home/luize/Documents/imitando yolo/yolobot/install/yolov8_msgs/lib/pkgconfig/yolov8_msgs.pc'
[2.205s] Level 1:colcon.colcon_core.environment:checking '/home/luize/Documents/imitando yolo/yolobot/install/yolov8_msgs/lib/python3.10/site-packages'
[2.206s] Level 1:colcon.colcon_core.environment:checking '/home/luize/Documents/imitando yolo/yolobot/install/yolov8_msgs/bin'
[2.223s] INFO:colcon.colcon_core.shell:Creating package script '/home/luize/Documents/imitando yolo/yolobot/install/yolov8_msgs/share/yolov8_msgs/package.ps1'
[2.223s] INFO:colcon.colcon_core.shell:Creating package descriptor '/home/luize/Documents/imitando yolo/yolobot/install/yolov8_msgs/share/yolov8_msgs/package.dsv'
[2.224s] INFO:colcon.colcon_core.shell:Creating package script '/home/luize/Documents/imitando yolo/yolobot/install/yolov8_msgs/share/yolov8_msgs/package.sh'
[2.224s] INFO:colcon.colcon_core.shell:Creating package script '/home/luize/Documents/imitando yolo/yolobot/install/yolov8_msgs/share/yolov8_msgs/package.bash'
[2.225s] INFO:colcon.colcon_core.shell:Creating package script '/home/luize/Documents/imitando yolo/yolobot/install/yolov8_msgs/share/yolov8_msgs/package.zsh'
[2.225s] Level 1:colcon.colcon_core.environment:create_file_with_runtime_dependencies(/home/luize/Documents/imitando yolo/yolobot/install/yolov8_msgs/share/colcon-core/packages/yolov8_msgs)
[2.298s] Level 1:colcon.colcon_core.environment:create_environment_scripts_only(yolov8_msgs)
[2.315s] Level 1:colcon.colcon_core.environment:checking '/home/luize/Documents/imitando yolo/yolobot/install/yolov8_msgs' for CMake module files
[2.318s] Level 1:colcon.colcon_core.environment:checking '/home/luize/Documents/imitando yolo/yolobot/install/yolov8_msgs' for CMake config files
[2.318s] Level 1:colcon.colcon_core.shell:create_environment_hook('yolov8_msgs', 'cmake_prefix_path')
[2.336s] INFO:colcon.colcon_core.shell:Creating environment hook '/home/luize/Documents/imitando yolo/yolobot/install/yolov8_msgs/share/yolov8_msgs/hook/cmake_prefix_path.ps1'
[2.337s] INFO:colcon.colcon_core.shell:Creating environment descriptor '/home/luize/Documents/imitando yolo/yolobot/install/yolov8_msgs/share/yolov8_msgs/hook/cmake_prefix_path.dsv'
[2.337s] INFO:colcon.colcon_core.shell:Creating environment hook '/home/luize/Documents/imitando yolo/yolobot/install/yolov8_msgs/share/yolov8_msgs/hook/cmake_prefix_path.sh'
[2.338s] Level 1:colcon.colcon_core.environment:checking '/home/luize/Documents/imitando yolo/yolobot/install/yolov8_msgs/lib'
[2.338s] Level 1:colcon.colcon_core.shell:create_environment_hook('yolov8_msgs', 'ld_library_path_lib')
[2.355s] INFO:colcon.colcon_core.shell:Creating environment hook '/home/luize/Documents/imitando yolo/yolobot/install/yolov8_msgs/share/yolov8_msgs/hook/ld_library_path_lib.ps1'
[2.355s] INFO:colcon.colcon_core.shell:Creating environment descriptor '/home/luize/Documents/imitando yolo/yolobot/install/yolov8_msgs/share/yolov8_msgs/hook/ld_library_path_lib.dsv'
[2.356s] INFO:colcon.colcon_core.shell:Creating environment hook '/home/luize/Documents/imitando yolo/yolobot/install/yolov8_msgs/share/yolov8_msgs/hook/ld_library_path_lib.sh'
[2.356s] Level 1:colcon.colcon_core.environment:checking '/home/luize/Documents/imitando yolo/yolobot/install/yolov8_msgs/bin'
[2.356s] Level 1:colcon.colcon_core.environment:checking '/home/luize/Documents/imitando yolo/yolobot/install/yolov8_msgs/lib/pkgconfig/yolov8_msgs.pc'
[2.356s] Level 1:colcon.colcon_core.environment:checking '/home/luize/Documents/imitando yolo/yolobot/install/yolov8_msgs/lib/python3.10/site-packages'
[2.357s] Level 1:colcon.colcon_core.environment:checking '/home/luize/Documents/imitando yolo/yolobot/install/yolov8_msgs/bin'
[2.376s] INFO:colcon.colcon_core.shell:Creating package script '/home/luize/Documents/imitando yolo/yolobot/install/yolov8_msgs/share/yolov8_msgs/package.ps1'
[2.377s] INFO:colcon.colcon_core.shell:Creating package descriptor '/home/luize/Documents/imitando yolo/yolobot/install/yolov8_msgs/share/yolov8_msgs/package.dsv'
[2.377s] INFO:colcon.colcon_core.shell:Creating package script '/home/luize/Documents/imitando yolo/yolobot/install/yolov8_msgs/share/yolov8_msgs/package.sh'
[2.378s] INFO:colcon.colcon_core.shell:Creating package script '/home/luize/Documents/imitando yolo/yolobot/install/yolov8_msgs/share/yolov8_msgs/package.bash'
[2.378s] INFO:colcon.colcon_core.shell:Creating package script '/home/luize/Documents/imitando yolo/yolobot/install/yolov8_msgs/share/yolov8_msgs/package.zsh'
[2.379s] Level 1:colcon.colcon_core.environment:create_file_with_runtime_dependencies(/home/luize/Documents/imitando yolo/yolobot/install/yolov8_msgs/share/colcon-core/packages/yolov8_msgs)
[2.379s] DEBUG:colcon.colcon_parallel_executor.executor.parallel:closing loop
[2.379s] DEBUG:colcon.colcon_parallel_executor.executor.parallel:loop closed
[2.379s] DEBUG:colcon.colcon_parallel_executor.executor.parallel:run_until_complete finished with '0'
[2.379s] DEBUG:colcon.colcon_core.event_reactor:joining thread
[2.405s] INFO:colcon.colcon_core.plugin_system:Skipping extension 'colcon_notification.desktop_notification.terminal_notifier': Not used on non-Darwin systems
[2.405s] INFO:colcon.colcon_core.plugin_system:Skipping extension 'colcon_notification.desktop_notification.win32': Not used on non-Windows systems
[2.405s] INFO:colcon.colcon_notification.desktop_notification:Sending desktop notification using 'notify2'
[2.407s] DEBUG:colcon.colcon_core.event_reactor:joined thread
[2.426s] INFO:colcon.colcon_core.shell:Creating prefix script '/home/luize/Documents/imitando yolo/yolobot/install/local_setup.ps1'
[2.427s] INFO:colcon.colcon_core.shell:Creating prefix util module '/home/luize/Documents/imitando yolo/yolobot/install/_local_setup_util_ps1.py'
[2.428s] INFO:colcon.colcon_core.shell:Creating prefix chain script '/home/luize/Documents/imitando yolo/yolobot/install/setup.ps1'
[2.449s] INFO:colcon.colcon_core.shell:Creating prefix script '/home/luize/Documents/imitando yolo/yolobot/install/local_setup.sh'
[2.449s] INFO:colcon.colcon_core.shell:Creating prefix util module '/home/luize/Documents/imitando yolo/yolobot/install/_local_setup_util_sh.py'
[2.450s] INFO:colcon.colcon_core.shell:Creating prefix chain script '/home/luize/Documents/imitando yolo/yolobot/install/setup.sh'
[2.469s] INFO:colcon.colcon_core.shell:Creating prefix script '/home/luize/Documents/imitando yolo/yolobot/install/local_setup.bash'
[2.469s] INFO:colcon.colcon_core.shell:Creating prefix chain script '/home/luize/Documents/imitando yolo/yolobot/install/setup.bash'
[2.488s] INFO:colcon.colcon_core.shell:Creating prefix script '/home/luize/Documents/imitando yolo/yolobot/install/local_setup.zsh'
[2.488s] INFO:colcon.colcon_core.shell:Creating prefix chain script '/home/luize/Documents/imitando yolo/yolobot/install/setup.zsh'
