[0.102s] Invoking command in '/home/luize/Documents/imitando yolo/yolobot/build/yolov8_msgs': /usr/bin/cmake --build /home/luize/Documents/imitando yolo/yolobot/build/yolov8_msgs -- -j8 -l8
[0.125s] -- Found ament_cmake: 1.3.7 (/opt/ros/humble/share/ament_cmake/cmake)
[0.301s] -- Found std_msgs: 4.2.3 (/opt/ros/humble/share/std_msgs/cmake)
[0.344s] -- Found rosidl_generator_c: 3.1.5 (/opt/ros/humble/share/rosidl_generator_c/cmake)
[0.350s] -- Found rosidl_adapter: 3.1.5 (/opt/ros/humble/share/rosidl_adapter/cmake)
[0.359s] -- Found rosidl_generator_cpp: 3.1.5 (/opt/ros/humble/share/rosidl_generator_cpp/cmake)
[0.378s] -- Using all available rosidl_typesupport_c: rosidl_typesupport_fastrtps_c;rosidl_typesupport_introspection_c
[0.395s] -- Using all available rosidl_typesupport_cpp: rosidl_typesupport_fastrtps_cpp;rosidl_typesupport_introspection_cpp
[0.455s] -- Found rosidl_default_generators: 1.2.0 (/opt/ros/humble/share/rosidl_default_generators/cmake)
[0.668s] Error parsing '/home/luize/Documents/imitando yolo/yolobot/src/yolov8_msgs/package.xml':
[0.716s] Traceback (most recent call last):
[0.716s]   File "/opt/ros/humble/share/ament_cmake_core/cmake/core/package_xml_2_cmake.py", line 150, in <module>
[0.716s]     main()
[0.716s]   File "/opt/ros/humble/share/ament_cmake_core/cmake/core/package_xml_2_cmake.py", line 53, in main
[0.716s]     raise e
[0.716s]   File "/opt/ros/humble/share/ament_cmake_core/cmake/core/package_xml_2_cmake.py", line 49, in main
[0.716s]     package = parse_package_string(
[0.716s]   File "/usr/lib/python3/dist-packages/catkin_pkg/package.py", line 788, in parse_package_string
[0.716s]     pkg.validate(warnings=warnings)
[0.717s]   File "/usr/lib/python3/dist-packages/catkin_pkg/package.py", line 330, in validate
[0.717s]     raise InvalidPackage('\n'.join(errors), self.filename)
[0.717s] catkin_pkg.package.InvalidPackage: Error(s) in package '/home/luize/Documents/imitando yolo/yolobot/src/yolov8_msgs/package.xml':
[0.717s] Package 'yolov8_msgs' must declare at least one maintainer
[0.733s] [31mCMake Error at /opt/ros/humble/share/ament_cmake_core/cmake/core/ament_package_xml.cmake:95 (message):
[0.733s]   execute_process(/usr/bin/python3.10
[0.733s]   /opt/ros/humble/share/ament_cmake_core/cmake/core/package_xml_2_cmake.py
[0.733s]   /home/luize/Documents/imitando yolo/yolobot/src/yolov8_msgs/package.xml
[0.733s]   /home/luize/Documents/imitando
[0.733s]   yolo/yolobot/build/yolov8_msgs/ament_cmake_core/package.cmake) returned
[0.734s]   error code 1
[0.734s] Call Stack (most recent call first):
[0.734s]   /opt/ros/humble/share/ament_cmake_core/cmake/core/ament_package_xml.cmake:49 (_ament_package_xml)
[0.734s]   /opt/ros/humble/share/rosidl_cmake/cmake/rosidl_generate_interfaces.cmake:226 (ament_package_xml)
[0.734s]   CMakeLists.txt:22 (rosidl_generate_interfaces)
[0.734s] 
[0.734s] [0m
[0.734s] -- Configuring incomplete, errors occurred!
[0.734s] See also "/home/luize/Documents/imitando yolo/yolobot/build/yolov8_msgs/CMakeFiles/CMakeOutput.log".
[0.739s] gmake: *** [Makefile:963: cmake_check_build_system] Error 1
[0.743s] Invoked command in '/home/luize/Documents/imitando yolo/yolobot/build/yolov8_msgs' returned '2': /usr/bin/cmake --build /home/luize/Documents/imitando yolo/yolobot/build/yolov8_msgs -- -j8 -l8
