[0.159s] Invoking command in '/home/luize/Documents/imitando yolo/yolobot/build/yolobot_recognition': CMAKE_PREFIX_PATH=/home/luize/Documents/@home/install/face_recognition:/opt/ros/humble /usr/bin/cmake --build /home/luize/Documents/imitando yolo/yolobot/build/yolobot_recognition -- -j8 -l8
[0.181s] -- Found ament_cmake: 1.3.7 (/opt/ros/humble/share/ament_cmake/cmake)
[0.352s] -- Found ament_lint_auto: 0.12.10 (/opt/ros/humble/share/ament_lint_auto/cmake)
[0.425s] -- Added test 'copyright' to check source files copyright and LICENSE
[0.426s] -- Added test 'flake8' to check Python code syntax and style conventions
[0.426s] -- Added test 'lint_cmake' to check CMake code style
[0.427s] -- Added test 'pep257' to check Python code against some of the docstring style conventions in PEP 257
[0.428s] -- Added test 'xmllint' to check XML markup files
[0.428s] -- Configuring done
[0.431s] -- Generating done
[0.433s] -- Build files have been written to: /home/luize/Documents/imitando yolo/yolobot/build/yolobot_recognition
[0.456s] Invoked command in '/home/luize/Documents/imitando yolo/yolobot/build/yolobot_recognition' returned '0': CMAKE_PREFIX_PATH=/home/luize/Documents/@home/install/face_recognition:/opt/ros/humble /usr/bin/cmake --build /home/luize/Documents/imitando yolo/yolobot/build/yolobot_recognition -- -j8 -l8
[0.482s] Invoking command in '/home/luize/Documents/imitando yolo/yolobot/build/yolobot_recognition': CMAKE_PREFIX_PATH=/home/luize/Documents/@home/install/face_recognition:/opt/ros/humble /usr/bin/cmake --install /home/luize/Documents/imitando yolo/yolobot/build/yolobot_recognition
[0.488s] -- Install configuration: ""
[0.488s] -- Up-to-date: /home/luize/Documents/imitando yolo/yolobot/install/yolobot_recognition/share/yolobot_recognition//scripts
[0.488s] -- Up-to-date: /home/luize/Documents/imitando yolo/yolobot/install/yolobot_recognition/share/yolobot_recognition//scripts/yolov8_ros2_pt.py
[0.488s] -- Up-to-date: /home/luize/Documents/imitando yolo/yolobot/install/yolobot_recognition/share/yolobot_recognition//scripts/yolov8n.pt
[0.488s] -- Installing: /home/luize/Documents/imitando yolo/yolobot/install/yolobot_recognition/share/yolobot_recognition//scripts/yolov8_ros2_subscriber.py
[0.488s] [31mCMake Error at cmake_install.cmake:46 (file):
[0.488s]   file INSTALL cannot find "/home/luize/Documents/imitando
[0.489s]   yolo/yolobot/src/yolobot_recognition/launch": No such file or directory.
[0.489s] 
[0.489s] [0m
[0.490s] Invoked command in '/home/luize/Documents/imitando yolo/yolobot/build/yolobot_recognition' returned '1': CMAKE_PREFIX_PATH=/home/luize/Documents/@home/install/face_recognition:/opt/ros/humble /usr/bin/cmake --install /home/luize/Documents/imitando yolo/yolobot/build/yolobot_recognition
