[0.167s] Invoking command in '/home/luize/Documents/imitando yolo/yolobot/build/object_msgs': /usr/bin/cmake /home/luize/Documents/imitando yolo/yolobot/src/object_msgs -DCMAKE_INSTALL_PREFIX=/home/luize/Documents/imitando yolo/yolobot/install/object_msgs
[0.417s] -- The C compiler identification is GNU 11.4.0
[0.653s] -- The CXX compiler identification is GNU 11.4.0
[0.665s] -- Detecting C compiler ABI info
[0.754s] -- Detecting C compiler ABI info - done
[0.765s] -- Check for working C compiler: /usr/bin/cc - skipped
[0.766s] -- Detecting C compile features
[0.767s] -- Detecting C compile features - done
[0.771s] -- Detecting CXX compiler ABI info
[0.853s] -- Detecting CXX compiler ABI info - done
[0.861s] -- Check for working CXX compiler: /usr/bin/c++ - skipped
[0.861s] -- Detecting CXX compile features
[0.862s] -- Detecting CXX compile features - done
[0.871s] -- Found ament_cmake: 1.3.7 (/opt/ros/humble/share/ament_cmake/cmake)
[1.256s] -- Found Python3: /usr/bin/python3.10 (found version "3.10.12") found components: Interpreter 
[1.360s] -- Found std_msgs: 4.2.3 (/opt/ros/humble/share/std_msgs/cmake)
[1.404s] -- Found rosidl_generator_c: 3.1.5 (/opt/ros/humble/share/rosidl_generator_c/cmake)
[1.411s] -- Found rosidl_adapter: 3.1.5 (/opt/ros/humble/share/rosidl_adapter/cmake)
[1.420s] -- Found rosidl_generator_cpp: 3.1.5 (/opt/ros/humble/share/rosidl_generator_cpp/cmake)
[1.441s] -- Using all available rosidl_typesupport_c: rosidl_typesupport_fastrtps_c;rosidl_typesupport_introspection_c
[1.467s] -- Using all available rosidl_typesupport_cpp: rosidl_typesupport_fastrtps_cpp;rosidl_typesupport_introspection_cpp
[1.533s] -- Found rosidl_default_generators: 1.2.0 (/opt/ros/humble/share/rosidl_default_generators/cmake)
[1.739s] Error parsing '/home/luize/Documents/imitando yolo/yolobot/src/object_msgs/package.xml':
[1.784s] Traceback (most recent call last):
[1.784s]   File "/opt/ros/humble/share/ament_cmake_core/cmake/core/package_xml_2_cmake.py", line 150, in <module>
[1.784s]     main()
[1.784s]   File "/opt/ros/humble/share/ament_cmake_core/cmake/core/package_xml_2_cmake.py", line 53, in main
[1.784s]     raise e
[1.784s]   File "/opt/ros/humble/share/ament_cmake_core/cmake/core/package_xml_2_cmake.py", line 49, in main
[1.785s]     package = parse_package_string(
[1.785s]   File "/usr/lib/python3/dist-packages/catkin_pkg/package.py", line 788, in parse_package_string
[1.786s]     pkg.validate(warnings=warnings)
[1.786s]   File "/usr/lib/python3/dist-packages/catkin_pkg/package.py", line 330, in validate
[1.786s]     raise InvalidPackage('\n'.join(errors), self.filename)
[1.786s] catkin_pkg.package.InvalidPackage: Error(s) in package '/home/luize/Documents/imitando yolo/yolobot/src/object_msgs/package.xml':
[1.786s] Package 'object_msgs' must declare at least one maintainer
[1.800s] [31mCMake Error at /opt/ros/humble/share/ament_cmake_core/cmake/core/ament_package_xml.cmake:95 (message):
[1.800s]   execute_process(/usr/bin/python3.10
[1.800s]   /opt/ros/humble/share/ament_cmake_core/cmake/core/package_xml_2_cmake.py
[1.801s]   /home/luize/Documents/imitando yolo/yolobot/src/object_msgs/package.xml
[1.801s]   /home/luize/Documents/imitando
[1.801s]   yolo/yolobot/build/object_msgs/ament_cmake_core/package.cmake) returned
[1.801s]   error code 1
[1.801s] Call Stack (most recent call first):
[1.801s]   /opt/ros/humble/share/ament_cmake_core/cmake/core/ament_package_xml.cmake:49 (_ament_package_xml)
[1.801s]   /opt/ros/humble/share/rosidl_cmake/cmake/rosidl_generate_interfaces.cmake:226 (ament_package_xml)
[1.801s]   CMakeLists.txt:22 (rosidl_generate_interfaces)
[1.801s] 
[1.801s] [0m
[1.801s] -- Configuring incomplete, errors occurred!
[1.801s] See also "/home/luize/Documents/imitando yolo/yolobot/build/object_msgs/CMakeFiles/CMakeOutput.log".
