[0.180s] Invoking command in '/home/luize/Documents/imitando yolo/yolobot/build/yolov8_msgs': CMAKE_PREFIX_PATH=/opt/ros/humble /usr/bin/cmake --build /home/luize/Documents/imitando yolo/yolobot/build/yolov8_msgs -- -j8 -l8
[0.349s] [  2%] Built target yolov8_msgs__cpp
[0.355s] [ 12%] Built target yolov8_msgs__rosidl_generator_c
[0.392s] [ 12%] Built target ament_cmake_python_copy_yolov8_msgs
[0.413s] [ 25%] Built target yolov8_msgs__rosidl_typesupport_introspection_cpp
[0.413s] [ 33%] Built target yolov8_msgs__rosidl_typesupport_introspection_c
[0.413s] [ 43%] Built target yolov8_msgs__rosidl_typesupport_cpp
[0.418s] [ 56%] Built target yolov8_msgs__rosidl_typesupport_c
[0.423s] [ 64%] Built target yolov8_msgs__rosidl_typesupport_fastrtps_cpp
[0.424s] [ 74%] Built target yolov8_msgs__rosidl_typesupport_fastrtps_c
[0.450s] [ 74%] Built target yolov8_msgs
[0.488s] [ 76%] Built target yolov8_msgs__py
[0.513s] [ 84%] Built target yolov8_msgs__rosidl_generator_py
[0.541s] [ 89%] Built target yolov8_msgs__rosidl_typesupport_introspection_c__pyext
[0.541s] [ 94%] Built target yolov8_msgs__rosidl_typesupport_c__pyext
[0.542s] [100%] Built target yolov8_msgs__rosidl_typesupport_fastrtps_c__pyext
[0.706s] running egg_info
[0.729s] writing yolov8_msgs.egg-info/PKG-INFO
[0.729s] writing dependency_links to yolov8_msgs.egg-info/dependency_links.txt
[0.729s] writing top-level names to yolov8_msgs.egg-info/top_level.txt
[0.806s] reading manifest file 'yolov8_msgs.egg-info/SOURCES.txt'
[0.807s] writing manifest file 'yolov8_msgs.egg-info/SOURCES.txt'
[0.840s] [100%] Built target ament_cmake_python_build_yolov8_msgs_egg
[0.854s] Invoked command in '/home/luize/Documents/imitando yolo/yolobot/build/yolov8_msgs' returned '0': CMAKE_PREFIX_PATH=/opt/ros/humble /usr/bin/cmake --build /home/luize/Documents/imitando yolo/yolobot/build/yolov8_msgs -- -j8 -l8
[0.929s] Invoking command in '/home/luize/Documents/imitando yolo/yolobot/build/yolov8_msgs': CMAKE_PREFIX_PATH=/opt/ros/humble /usr/bin/cmake --install /home/luize/Documents/imitando yolo/yolobot/build/yolov8_msgs
[0.940s] -- Install configuration: ""
[0.940s] -- Up-to-date: /home/luize/Documents/imitando yolo/yolobot/install/yolov8_msgs/share/ament_index/resource_index/rosidl_interfaces/yolov8_msgs
[0.941s] -- Up-to-date: /home/luize/Documents/imitando yolo/yolobot/install/yolov8_msgs/include/yolov8_msgs/yolov8_msgs
[0.941s] -- Up-to-date: /home/luize/Documents/imitando yolo/yolobot/install/yolov8_msgs/include/yolov8_msgs/yolov8_msgs/msg
[0.941s] -- Up-to-date: /home/luize/Documents/imitando yolo/yolobot/install/yolov8_msgs/include/yolov8_msgs/yolov8_msgs/msg/yolov8_inference.h
[0.941s] -- Up-to-date: /home/luize/Documents/imitando yolo/yolobot/install/yolov8_msgs/include/yolov8_msgs/yolov8_msgs/msg/rosidl_generator_c__visibility_control.h
[0.941s] -- Up-to-date: /home/luize/Documents/imitando yolo/yolobot/install/yolov8_msgs/include/yolov8_msgs/yolov8_msgs/msg/inference_result.h
[0.942s] -- Up-to-date: /home/luize/Documents/imitando yolo/yolobot/install/yolov8_msgs/include/yolov8_msgs/yolov8_msgs/msg/detail
[0.942s] -- Up-to-date: /home/luize/Documents/imitando yolo/yolobot/install/yolov8_msgs/include/yolov8_msgs/yolov8_msgs/msg/detail/inference_result__type_support.h
[0.942s] -- Up-to-date: /home/luize/Documents/imitando yolo/yolobot/install/yolov8_msgs/include/yolov8_msgs/yolov8_msgs/msg/detail/yolov8_inference__functions.h
[0.942s] -- Up-to-date: /home/luize/Documents/imitando yolo/yolobot/install/yolov8_msgs/include/yolov8_msgs/yolov8_msgs/msg/detail/inference_result__functions.c
[0.942s] -- Up-to-date: /home/luize/Documents/imitando yolo/yolobot/install/yolov8_msgs/include/yolov8_msgs/yolov8_msgs/msg/detail/yolov8_inference__struct.h
[0.942s] -- Up-to-date: /home/luize/Documents/imitando yolo/yolobot/install/yolov8_msgs/include/yolov8_msgs/yolov8_msgs/msg/detail/yolov8_inference__functions.c
[0.943s] -- Up-to-date: /home/luize/Documents/imitando yolo/yolobot/install/yolov8_msgs/include/yolov8_msgs/yolov8_msgs/msg/detail/inference_result__functions.h
[0.943s] -- Up-to-date: /home/luize/Documents/imitando yolo/yolobot/install/yolov8_msgs/include/yolov8_msgs/yolov8_msgs/msg/detail/inference_result__struct.h
[0.943s] -- Up-to-date: /home/luize/Documents/imitando yolo/yolobot/install/yolov8_msgs/include/yolov8_msgs/yolov8_msgs/msg/detail/yolov8_inference__type_support.h
[0.943s] -- Up-to-date: /home/luize/Documents/imitando yolo/yolobot/install/yolov8_msgs/share/yolov8_msgs/environment/library_path.sh
[0.943s] -- Up-to-date: /home/luize/Documents/imitando yolo/yolobot/install/yolov8_msgs/share/yolov8_msgs/environment/library_path.dsv
[0.943s] -- Up-to-date: /home/luize/Documents/imitando yolo/yolobot/install/yolov8_msgs/lib/libyolov8_msgs__rosidl_generator_c.so
[0.944s] -- Up-to-date: /home/luize/Documents/imitando yolo/yolobot/install/yolov8_msgs/include/yolov8_msgs/yolov8_msgs
[0.944s] -- Up-to-date: /home/luize/Documents/imitando yolo/yolobot/install/yolov8_msgs/include/yolov8_msgs/yolov8_msgs/msg
[0.944s] -- Up-to-date: /home/luize/Documents/imitando yolo/yolobot/install/yolov8_msgs/include/yolov8_msgs/yolov8_msgs/msg/rosidl_typesupport_fastrtps_c__visibility_control.h
[0.944s] -- Up-to-date: /home/luize/Documents/imitando yolo/yolobot/install/yolov8_msgs/include/yolov8_msgs/yolov8_msgs/msg/detail
[0.944s] -- Up-to-date: /home/luize/Documents/imitando yolo/yolobot/install/yolov8_msgs/include/yolov8_msgs/yolov8_msgs/msg/detail/inference_result__rosidl_typesupport_fastrtps_c.h
[0.944s] -- Up-to-date: /home/luize/Documents/imitando yolo/yolobot/install/yolov8_msgs/include/yolov8_msgs/yolov8_msgs/msg/detail/yolov8_inference__rosidl_typesupport_fastrtps_c.h
[0.945s] -- Up-to-date: /home/luize/Documents/imitando yolo/yolobot/install/yolov8_msgs/lib/libyolov8_msgs__rosidl_typesupport_fastrtps_c.so
[0.945s] -- Up-to-date: /home/luize/Documents/imitando yolo/yolobot/install/yolov8_msgs/include/yolov8_msgs/yolov8_msgs
[0.945s] -- Up-to-date: /home/luize/Documents/imitando yolo/yolobot/install/yolov8_msgs/include/yolov8_msgs/yolov8_msgs/msg
[0.945s] -- Up-to-date: /home/luize/Documents/imitando yolo/yolobot/install/yolov8_msgs/include/yolov8_msgs/yolov8_msgs/msg/yolov8_inference.hpp
[0.945s] -- Up-to-date: /home/luize/Documents/imitando yolo/yolobot/install/yolov8_msgs/include/yolov8_msgs/yolov8_msgs/msg/detail
[0.945s] -- Up-to-date: /home/luize/Documents/imitando yolo/yolobot/install/yolov8_msgs/include/yolov8_msgs/yolov8_msgs/msg/detail/inference_result__traits.hpp
[0.945s] -- Up-to-date: /home/luize/Documents/imitando yolo/yolobot/install/yolov8_msgs/include/yolov8_msgs/yolov8_msgs/msg/detail/inference_result__struct.hpp
[0.946s] -- Up-to-date: /home/luize/Documents/imitando yolo/yolobot/install/yolov8_msgs/include/yolov8_msgs/yolov8_msgs/msg/detail/yolov8_inference__struct.hpp
[0.946s] -- Up-to-date: /home/luize/Documents/imitando yolo/yolobot/install/yolov8_msgs/include/yolov8_msgs/yolov8_msgs/msg/detail/inference_result__builder.hpp
[0.946s] -- Up-to-date: /home/luize/Documents/imitando yolo/yolobot/install/yolov8_msgs/include/yolov8_msgs/yolov8_msgs/msg/detail/yolov8_inference__traits.hpp
[0.946s] -- Up-to-date: /home/luize/Documents/imitando yolo/yolobot/install/yolov8_msgs/include/yolov8_msgs/yolov8_msgs/msg/detail/yolov8_inference__builder.hpp
[0.946s] -- Up-to-date: /home/luize/Documents/imitando yolo/yolobot/install/yolov8_msgs/include/yolov8_msgs/yolov8_msgs/msg/inference_result.hpp
[0.946s] -- Up-to-date: /home/luize/Documents/imitando yolo/yolobot/install/yolov8_msgs/include/yolov8_msgs/yolov8_msgs
[0.946s] -- Up-to-date: /home/luize/Documents/imitando yolo/yolobot/install/yolov8_msgs/include/yolov8_msgs/yolov8_msgs/msg
[0.946s] -- Up-to-date: /home/luize/Documents/imitando yolo/yolobot/install/yolov8_msgs/include/yolov8_msgs/yolov8_msgs/msg/rosidl_typesupport_fastrtps_cpp__visibility_control.h
[0.947s] -- Up-to-date: /home/luize/Documents/imitando yolo/yolobot/install/yolov8_msgs/include/yolov8_msgs/yolov8_msgs/msg/detail
[0.947s] -- Up-to-date: /home/luize/Documents/imitando yolo/yolobot/install/yolov8_msgs/include/yolov8_msgs/yolov8_msgs/msg/detail/dds_fastrtps
[0.947s] -- Up-to-date: /home/luize/Documents/imitando yolo/yolobot/install/yolov8_msgs/include/yolov8_msgs/yolov8_msgs/msg/detail/inference_result__rosidl_typesupport_fastrtps_cpp.hpp
[0.947s] -- Up-to-date: /home/luize/Documents/imitando yolo/yolobot/install/yolov8_msgs/include/yolov8_msgs/yolov8_msgs/msg/detail/yolov8_inference__rosidl_typesupport_fastrtps_cpp.hpp
[0.948s] -- Up-to-date: /home/luize/Documents/imitando yolo/yolobot/install/yolov8_msgs/lib/libyolov8_msgs__rosidl_typesupport_fastrtps_cpp.so
[0.948s] -- Up-to-date: /home/luize/Documents/imitando yolo/yolobot/install/yolov8_msgs/include/yolov8_msgs/yolov8_msgs
[0.950s] -- Up-to-date: /home/luize/Documents/imitando yolo/yolobot/install/yolov8_msgs/include/yolov8_msgs/yolov8_msgs/msg
[0.950s] -- Up-to-date: /home/luize/Documents/imitando yolo/yolobot/install/yolov8_msgs/include/yolov8_msgs/yolov8_msgs/msg/rosidl_typesupport_introspection_c__visibility_control.h
[0.950s] -- Up-to-date: /home/luize/Documents/imitando yolo/yolobot/install/yolov8_msgs/include/yolov8_msgs/yolov8_msgs/msg/detail
[0.950s] -- Up-to-date: /home/luize/Documents/imitando yolo/yolobot/install/yolov8_msgs/include/yolov8_msgs/yolov8_msgs/msg/detail/inference_result__type_support.c
[0.950s] -- Up-to-date: /home/luize/Documents/imitando yolo/yolobot/install/yolov8_msgs/include/yolov8_msgs/yolov8_msgs/msg/detail/yolov8_inference__type_support.c
[0.951s] -- Up-to-date: /home/luize/Documents/imitando yolo/yolobot/install/yolov8_msgs/include/yolov8_msgs/yolov8_msgs/msg/detail/inference_result__rosidl_typesupport_introspection_c.h
[0.951s] -- Up-to-date: /home/luize/Documents/imitando yolo/yolobot/install/yolov8_msgs/include/yolov8_msgs/yolov8_msgs/msg/detail/yolov8_inference__rosidl_typesupport_introspection_c.h
[0.951s] -- Up-to-date: /home/luize/Documents/imitando yolo/yolobot/install/yolov8_msgs/lib/libyolov8_msgs__rosidl_typesupport_introspection_c.so
[0.952s] -- Up-to-date: /home/luize/Documents/imitando yolo/yolobot/install/yolov8_msgs/lib/libyolov8_msgs__rosidl_typesupport_c.so
[0.952s] -- Up-to-date: /home/luize/Documents/imitando yolo/yolobot/install/yolov8_msgs/include/yolov8_msgs/yolov8_msgs
[0.952s] -- Up-to-date: /home/luize/Documents/imitando yolo/yolobot/install/yolov8_msgs/include/yolov8_msgs/yolov8_msgs/msg
[0.952s] -- Up-to-date: /home/luize/Documents/imitando yolo/yolobot/install/yolov8_msgs/include/yolov8_msgs/yolov8_msgs/msg/detail
[0.952s] -- Up-to-date: /home/luize/Documents/imitando yolo/yolobot/install/yolov8_msgs/include/yolov8_msgs/yolov8_msgs/msg/detail/inference_result__type_support.cpp
[0.952s] -- Up-to-date: /home/luize/Documents/imitando yolo/yolobot/install/yolov8_msgs/include/yolov8_msgs/yolov8_msgs/msg/detail/yolov8_inference__type_support.cpp
[0.953s] -- Up-to-date: /home/luize/Documents/imitando yolo/yolobot/install/yolov8_msgs/include/yolov8_msgs/yolov8_msgs/msg/detail/yolov8_inference__rosidl_typesupport_introspection_cpp.hpp
[0.953s] -- Up-to-date: /home/luize/Documents/imitando yolo/yolobot/install/yolov8_msgs/include/yolov8_msgs/yolov8_msgs/msg/detail/inference_result__rosidl_typesupport_introspection_cpp.hpp
[0.953s] -- Up-to-date: /home/luize/Documents/imitando yolo/yolobot/install/yolov8_msgs/lib/libyolov8_msgs__rosidl_typesupport_introspection_cpp.so
[0.953s] -- Up-to-date: /home/luize/Documents/imitando yolo/yolobot/install/yolov8_msgs/lib/libyolov8_msgs__rosidl_typesupport_cpp.so
[0.953s] -- Up-to-date: /home/luize/Documents/imitando yolo/yolobot/install/yolov8_msgs/share/yolov8_msgs/environment/pythonpath.sh
[0.954s] -- Up-to-date: /home/luize/Documents/imitando yolo/yolobot/install/yolov8_msgs/share/yolov8_msgs/environment/pythonpath.dsv
[0.954s] -- Up-to-date: /home/luize/Documents/imitando yolo/yolobot/install/yolov8_msgs/local/lib/python3.10/dist-packages/yolov8_msgs-0.0.0-py3.10.egg-info
[0.955s] -- Installing: /home/luize/Documents/imitando yolo/yolobot/install/yolov8_msgs/local/lib/python3.10/dist-packages/yolov8_msgs-0.0.0-py3.10.egg-info/PKG-INFO
[0.955s] -- Installing: /home/luize/Documents/imitando yolo/yolobot/install/yolov8_msgs/local/lib/python3.10/dist-packages/yolov8_msgs-0.0.0-py3.10.egg-info/SOURCES.txt
[0.955s] -- Installing: /home/luize/Documents/imitando yolo/yolobot/install/yolov8_msgs/local/lib/python3.10/dist-packages/yolov8_msgs-0.0.0-py3.10.egg-info/dependency_links.txt
[0.955s] -- Installing: /home/luize/Documents/imitando yolo/yolobot/install/yolov8_msgs/local/lib/python3.10/dist-packages/yolov8_msgs-0.0.0-py3.10.egg-info/top_level.txt
[0.955s] -- Up-to-date: /home/luize/Documents/imitando yolo/yolobot/install/yolov8_msgs/local/lib/python3.10/dist-packages/yolov8_msgs
[0.956s] -- Up-to-date: /home/luize/Documents/imitando yolo/yolobot/install/yolov8_msgs/local/lib/python3.10/dist-packages/yolov8_msgs/_yolov8_msgs_s.ep.rosidl_typesupport_introspection_c.c
[0.956s] -- Up-to-date: /home/luize/Documents/imitando yolo/yolobot/install/yolov8_msgs/local/lib/python3.10/dist-packages/yolov8_msgs/yolov8_msgs_s__rosidl_typesupport_introspection_c.cpython-310-x86_64-linux-gnu.so
[0.956s] -- Up-to-date: /home/luize/Documents/imitando yolo/yolobot/install/yolov8_msgs/local/lib/python3.10/dist-packages/yolov8_msgs/yolov8_msgs_s__rosidl_typesupport_fastrtps_c.cpython-310-x86_64-linux-gnu.so
[0.956s] -- Up-to-date: /home/luize/Documents/imitando yolo/yolobot/install/yolov8_msgs/local/lib/python3.10/dist-packages/yolov8_msgs/libyolov8_msgs__rosidl_generator_py.so
[0.956s] -- Up-to-date: /home/luize/Documents/imitando yolo/yolobot/install/yolov8_msgs/local/lib/python3.10/dist-packages/yolov8_msgs/msg
[0.956s] -- Up-to-date: /home/luize/Documents/imitando yolo/yolobot/install/yolov8_msgs/local/lib/python3.10/dist-packages/yolov8_msgs/msg/_inference_result.py
[0.957s] -- Up-to-date: /home/luize/Documents/imitando yolo/yolobot/install/yolov8_msgs/local/lib/python3.10/dist-packages/yolov8_msgs/msg/_inference_result_s.c
[0.957s] -- Up-to-date: /home/luize/Documents/imitando yolo/yolobot/install/yolov8_msgs/local/lib/python3.10/dist-packages/yolov8_msgs/msg/_yolov8_inference.py
[0.957s] -- Up-to-date: /home/luize/Documents/imitando yolo/yolobot/install/yolov8_msgs/local/lib/python3.10/dist-packages/yolov8_msgs/msg/__init__.py
[0.957s] -- Up-to-date: /home/luize/Documents/imitando yolo/yolobot/install/yolov8_msgs/local/lib/python3.10/dist-packages/yolov8_msgs/msg/_yolov8_inference_s.c
[0.957s] -- Up-to-date: /home/luize/Documents/imitando yolo/yolobot/install/yolov8_msgs/local/lib/python3.10/dist-packages/yolov8_msgs/_yolov8_msgs_s.ep.rosidl_typesupport_fastrtps_c.c
[0.957s] -- Up-to-date: /home/luize/Documents/imitando yolo/yolobot/install/yolov8_msgs/local/lib/python3.10/dist-packages/yolov8_msgs/_yolov8_msgs_s.ep.rosidl_typesupport_c.c
[0.957s] -- Up-to-date: /home/luize/Documents/imitando yolo/yolobot/install/yolov8_msgs/local/lib/python3.10/dist-packages/yolov8_msgs/__init__.py
[0.957s] -- Up-to-date: /home/luize/Documents/imitando yolo/yolobot/install/yolov8_msgs/local/lib/python3.10/dist-packages/yolov8_msgs/yolov8_msgs_s__rosidl_typesupport_c.cpython-310-x86_64-linux-gnu.so
[0.991s] Listing '/home/luize/Documents/imitando yolo/yolobot/install/yolov8_msgs/local/lib/python3.10/dist-packages/yolov8_msgs'...
[0.991s] Listing '/home/luize/Documents/imitando yolo/yolobot/install/yolov8_msgs/local/lib/python3.10/dist-packages/yolov8_msgs/msg'...
[0.996s] -- Up-to-date: /home/luize/Documents/imitando yolo/yolobot/install/yolov8_msgs/local/lib/python3.10/dist-packages/yolov8_msgs/yolov8_msgs_s__rosidl_typesupport_fastrtps_c.cpython-310-x86_64-linux-gnu.so
[0.996s] -- Up-to-date: /home/luize/Documents/imitando yolo/yolobot/install/yolov8_msgs/local/lib/python3.10/dist-packages/yolov8_msgs/yolov8_msgs_s__rosidl_typesupport_introspection_c.cpython-310-x86_64-linux-gnu.so
[0.996s] -- Up-to-date: /home/luize/Documents/imitando yolo/yolobot/install/yolov8_msgs/local/lib/python3.10/dist-packages/yolov8_msgs/yolov8_msgs_s__rosidl_typesupport_c.cpython-310-x86_64-linux-gnu.so
[0.996s] -- Up-to-date: /home/luize/Documents/imitando yolo/yolobot/install/yolov8_msgs/lib/libyolov8_msgs__rosidl_generator_py.so
[0.996s] -- Up-to-date: /home/luize/Documents/imitando yolo/yolobot/install/yolov8_msgs/share/yolov8_msgs/msg/InferenceResult.idl
[0.997s] -- Up-to-date: /home/luize/Documents/imitando yolo/yolobot/install/yolov8_msgs/share/yolov8_msgs/msg/Yolov8Inference.idl
[0.997s] -- Up-to-date: /home/luize/Documents/imitando yolo/yolobot/install/yolov8_msgs/share/yolov8_msgs/msg/InferenceResult.msg
[0.997s] -- Up-to-date: /home/luize/Documents/imitando yolo/yolobot/install/yolov8_msgs/share/yolov8_msgs/msg/Yolov8Inference.msg
[0.997s] -- Up-to-date: /home/luize/Documents/imitando yolo/yolobot/install/yolov8_msgs/share/ament_index/resource_index/package_run_dependencies/yolov8_msgs
[0.997s] -- Up-to-date: /home/luize/Documents/imitando yolo/yolobot/install/yolov8_msgs/share/ament_index/resource_index/parent_prefix_path/yolov8_msgs
[0.998s] -- Up-to-date: /home/luize/Documents/imitando yolo/yolobot/install/yolov8_msgs/share/yolov8_msgs/environment/ament_prefix_path.sh
[0.998s] -- Up-to-date: /home/luize/Documents/imitando yolo/yolobot/install/yolov8_msgs/share/yolov8_msgs/environment/ament_prefix_path.dsv
[0.998s] -- Up-to-date: /home/luize/Documents/imitando yolo/yolobot/install/yolov8_msgs/share/yolov8_msgs/environment/path.sh
[0.998s] -- Up-to-date: /home/luize/Documents/imitando yolo/yolobot/install/yolov8_msgs/share/yolov8_msgs/environment/path.dsv
[0.999s] -- Up-to-date: /home/luize/Documents/imitando yolo/yolobot/install/yolov8_msgs/share/yolov8_msgs/local_setup.bash
[0.999s] -- Up-to-date: /home/luize/Documents/imitando yolo/yolobot/install/yolov8_msgs/share/yolov8_msgs/local_setup.sh
[0.999s] -- Up-to-date: /home/luize/Documents/imitando yolo/yolobot/install/yolov8_msgs/share/yolov8_msgs/local_setup.zsh
[0.999s] -- Up-to-date: /home/luize/Documents/imitando yolo/yolobot/install/yolov8_msgs/share/yolov8_msgs/local_setup.dsv
[0.999s] -- Installing: /home/luize/Documents/imitando yolo/yolobot/install/yolov8_msgs/share/yolov8_msgs/package.dsv
[0.999s] -- Up-to-date: /home/luize/Documents/imitando yolo/yolobot/install/yolov8_msgs/share/ament_index/resource_index/packages/yolov8_msgs
[1.000s] -- Up-to-date: /home/luize/Documents/imitando yolo/yolobot/install/yolov8_msgs/share/yolov8_msgs/cmake/export_yolov8_msgs__rosidl_generator_cExport.cmake
[1.000s] -- Up-to-date: /home/luize/Documents/imitando yolo/yolobot/install/yolov8_msgs/share/yolov8_msgs/cmake/export_yolov8_msgs__rosidl_generator_cExport-noconfig.cmake
[1.000s] -- Up-to-date: /home/luize/Documents/imitando yolo/yolobot/install/yolov8_msgs/share/yolov8_msgs/cmake/export_yolov8_msgs__rosidl_typesupport_fastrtps_cExport.cmake
[1.000s] -- Up-to-date: /home/luize/Documents/imitando yolo/yolobot/install/yolov8_msgs/share/yolov8_msgs/cmake/export_yolov8_msgs__rosidl_typesupport_fastrtps_cExport-noconfig.cmake
[1.000s] -- Up-to-date: /home/luize/Documents/imitando yolo/yolobot/install/yolov8_msgs/share/yolov8_msgs/cmake/export_yolov8_msgs__rosidl_generator_cppExport.cmake
[1.000s] -- Up-to-date: /home/luize/Documents/imitando yolo/yolobot/install/yolov8_msgs/share/yolov8_msgs/cmake/export_yolov8_msgs__rosidl_typesupport_fastrtps_cppExport.cmake
[1.001s] -- Up-to-date: /home/luize/Documents/imitando yolo/yolobot/install/yolov8_msgs/share/yolov8_msgs/cmake/export_yolov8_msgs__rosidl_typesupport_fastrtps_cppExport-noconfig.cmake
[1.001s] -- Up-to-date: /home/luize/Documents/imitando yolo/yolobot/install/yolov8_msgs/share/yolov8_msgs/cmake/yolov8_msgs__rosidl_typesupport_introspection_cExport.cmake
[1.001s] -- Up-to-date: /home/luize/Documents/imitando yolo/yolobot/install/yolov8_msgs/share/yolov8_msgs/cmake/yolov8_msgs__rosidl_typesupport_introspection_cExport-noconfig.cmake
[1.001s] -- Up-to-date: /home/luize/Documents/imitando yolo/yolobot/install/yolov8_msgs/share/yolov8_msgs/cmake/yolov8_msgs__rosidl_typesupport_cExport.cmake
[1.001s] -- Up-to-date: /home/luize/Documents/imitando yolo/yolobot/install/yolov8_msgs/share/yolov8_msgs/cmake/yolov8_msgs__rosidl_typesupport_cExport-noconfig.cmake
[1.001s] -- Up-to-date: /home/luize/Documents/imitando yolo/yolobot/install/yolov8_msgs/share/yolov8_msgs/cmake/yolov8_msgs__rosidl_typesupport_introspection_cppExport.cmake
[1.002s] -- Up-to-date: /home/luize/Documents/imitando yolo/yolobot/install/yolov8_msgs/share/yolov8_msgs/cmake/yolov8_msgs__rosidl_typesupport_introspection_cppExport-noconfig.cmake
[1.002s] -- Up-to-date: /home/luize/Documents/imitando yolo/yolobot/install/yolov8_msgs/share/yolov8_msgs/cmake/yolov8_msgs__rosidl_typesupport_cppExport.cmake
[1.002s] -- Up-to-date: /home/luize/Documents/imitando yolo/yolobot/install/yolov8_msgs/share/yolov8_msgs/cmake/yolov8_msgs__rosidl_typesupport_cppExport-noconfig.cmake
[1.002s] -- Up-to-date: /home/luize/Documents/imitando yolo/yolobot/install/yolov8_msgs/share/yolov8_msgs/cmake/export_yolov8_msgs__rosidl_generator_pyExport.cmake
[1.002s] -- Up-to-date: /home/luize/Documents/imitando yolo/yolobot/install/yolov8_msgs/share/yolov8_msgs/cmake/export_yolov8_msgs__rosidl_generator_pyExport-noconfig.cmake
[1.002s] -- Up-to-date: /home/luize/Documents/imitando yolo/yolobot/install/yolov8_msgs/share/yolov8_msgs/cmake/rosidl_cmake-extras.cmake
[1.002s] -- Up-to-date: /home/luize/Documents/imitando yolo/yolobot/install/yolov8_msgs/share/yolov8_msgs/cmake/ament_cmake_export_dependencies-extras.cmake
[1.002s] -- Up-to-date: /home/luize/Documents/imitando yolo/yolobot/install/yolov8_msgs/share/yolov8_msgs/cmake/ament_cmake_export_include_directories-extras.cmake
[1.002s] -- Up-to-date: /home/luize/Documents/imitando yolo/yolobot/install/yolov8_msgs/share/yolov8_msgs/cmake/ament_cmake_export_libraries-extras.cmake
[1.002s] -- Up-to-date: /home/luize/Documents/imitando yolo/yolobot/install/yolov8_msgs/share/yolov8_msgs/cmake/ament_cmake_export_targets-extras.cmake
[1.003s] -- Up-to-date: /home/luize/Documents/imitando yolo/yolobot/install/yolov8_msgs/share/yolov8_msgs/cmake/rosidl_cmake_export_typesupport_targets-extras.cmake
[1.003s] -- Up-to-date: /home/luize/Documents/imitando yolo/yolobot/install/yolov8_msgs/share/yolov8_msgs/cmake/rosidl_cmake_export_typesupport_libraries-extras.cmake
[1.003s] -- Up-to-date: /home/luize/Documents/imitando yolo/yolobot/install/yolov8_msgs/share/yolov8_msgs/cmake/yolov8_msgsConfig.cmake
[1.003s] -- Up-to-date: /home/luize/Documents/imitando yolo/yolobot/install/yolov8_msgs/share/yolov8_msgs/cmake/yolov8_msgsConfig-version.cmake
[1.003s] -- Up-to-date: /home/luize/Documents/imitando yolo/yolobot/install/yolov8_msgs/share/yolov8_msgs/package.xml
[1.004s] Invoked command in '/home/luize/Documents/imitando yolo/yolobot/build/yolov8_msgs' returned '0': CMAKE_PREFIX_PATH=/opt/ros/humble /usr/bin/cmake --install /home/luize/Documents/imitando yolo/yolobot/build/yolov8_msgs
